=== Suite started at 2024-10-16 11:59:08
=== Starting test, 12 test cases
=cases         12
=user          otptest
=host          a46a33ecc1a5
=hosts         a46a33ecc1a5 
=emulator_vsn  15.1.1
=emulator      beam
=otp_release   28
=started       2024-10-16 11:59:08
=case          groups_spec_1_SUITE:init_per_suite
=logfile       groups_spec_1_suite.init_per_suite.html
=started       2024-10-16 11:59:08
=ended         2024-10-16 11:59:08
=result        ok
=elapsed       0.000000s
=case          groups_spec_1_SUITE:init_per_group
=logfile       groups_spec_1_suite.init_per_group.html
=group_props   [{name,g2}]
=started       2024-10-16 11:59:08
=ended         2024-10-16 11:59:08
=result        ok
=elapsed       0.000280s
=case          groups_spec_1_SUITE:t21
=logfile       groups_spec_1_suite.t21.html
=started       2024-10-16 11:59:08
=ended         2024-10-16 11:59:08
=result        ok
=elapsed       0.000000s
=case          groups_spec_1_SUITE:init_per_group
=logfile       groups_spec_1_suite.init_per_group.5186.html
=group_props   [{name,g3},parallel]
=started       2024-10-16 11:59:08
=ended         2024-10-16 11:59:08
=result        ok
=elapsed       0.000236s
=case          groups_spec_1_SUITE:t31
=logfile       groups_spec_1_suite.t31.5218.html
=started       2024-10-16 11:59:08
=ended         2024-10-16 11:59:08
=result        ok
=elapsed       0.000000s
=case          groups_spec_1_SUITE:t32
=logfile       groups_spec_1_suite.t32.5250.html
=started       2024-10-16 11:59:08
=ended         2024-10-16 11:59:08
=result        failed: crashes, [{groups_spec_1_SUITE,t32,109},
                                 {test_server,ts_tc,1794},
                                 {test_server,run_test_case_eval1,1303},
                                 {test_server,run_test_case_eval,1235}]
=elapsed       0.000004s
=== *** FAILED test case 3 of 12 ***
=case          groups_spec_1_SUITE:t33
=logfile       groups_spec_1_suite.t33.1059.html
=started       2024-10-16 11:59:08
=ended         2024-10-16 11:59:08
=result        ok
=elapsed       0.000000s
=case          groups_spec_1_SUITE:end_per_group
=logfile       groups_spec_1_suite.end_per_group.html
=group_props   [{name,g3},parallel]
=started       2024-10-16 11:59:08
=ended         2024-10-16 11:59:08
=result        ok
=elapsed       0.000275s
=group_time    0.062s
=case          groups_spec_1_SUITE:t22
=logfile       groups_spec_1_suite.t22.html
=started       2024-10-16 11:59:08
=ended         2024-10-16 11:59:08
=result        failed: crashes, [{groups_spec_1_SUITE,t22,102},
                                 {test_server,ts_tc,1794},
                                 {test_server,run_test_case_eval1,1303},
                                 {test_server,run_test_case_eval,1235}]
=elapsed       0.000004s
=== *** FAILED test case 5 of 12 ***
=case          groups_spec_1_SUITE:init_per_group
=logfile       groups_spec_1_suite.init_per_group.1091.html
=group_props   [{name,g4}]
=started       2024-10-16 11:59:08
=ended         2024-10-16 11:59:08
=result        ok
=elapsed       0.000268s
=case          groups_spec_1_SUITE:t41
=logfile       groups_spec_1_suite.t41.html
=started       2024-10-16 11:59:08
=ended         2024-10-16 11:59:08
=result        ok
=elapsed       0.000000s
=case          groups_spec_1_SUITE:init_per_group
=logfile       groups_spec_1_suite.init_per_group.1123.html
=group_props   [{name,g5},parallel]
=started       2024-10-16 11:59:08
=ended         2024-10-16 11:59:08
=result        ok
=elapsed       0.000244s
=case          groups_spec_1_SUITE:t51
=logfile       groups_spec_1_suite.t51.1155.html
=started       2024-10-16 11:59:08
=ended         2024-10-16 11:59:08
=result        ok
=elapsed       0.000000s
=case          groups_spec_1_SUITE:t52
=logfile       groups_spec_1_suite.t52.1187.html
=started       2024-10-16 11:59:08
=ended         2024-10-16 11:59:10
=result        failed: timeout, [{test_server,adjusted_sleep,1966},
                                 {groups_spec_1_SUITE,t52,last_expr},
                                 {test_server,ts_tc,1794},
                                 {test_server,run_test_case_eval1,1303},
                                 {test_server,run_test_case_eval,1235}]
=elapsed       2000.000000s
=== *** FAILED test case 8 of 12 ***
=case          groups_spec_1_SUITE:t53
=logfile       groups_spec_1_suite.t53.1219.html
=started       2024-10-16 11:59:08
=ended         2024-10-16 11:59:08
=result        failed: crashes, [{groups_spec_1_SUITE,t53,123},
                                 {test_server,ts_tc,1794},
                                 {test_server,run_test_case_eval1,1303},
                                 {test_server,run_test_case_eval,1235}]
=elapsed       0.000005s
=== *** FAILED test case 9 of 12 ***
=case          groups_spec_1_SUITE:t54
=logfile       groups_spec_1_suite.t54.1251.html
=started       2024-10-16 11:59:08
=ended         2024-10-16 11:59:08
=result        ok
=elapsed       0.000000s
=case          groups_spec_1_SUITE:end_per_group
=logfile       groups_spec_1_suite.end_per_group.5282.html
=group_props   [{name,g5},parallel]
=started       2024-10-16 11:59:10
=ended         2024-10-16 11:59:10
=result        ok
=elapsed       0.000347s
=group_time    2.064s
=case          groups_spec_1_SUITE:t42
=logfile       groups_spec_1_suite.t42.html
=started       2024-10-16 11:59:10
=ended         2024-10-16 11:59:10
=result        failed: crashes, [{groups_spec_1_SUITE,t42,116},
                                 {test_server,ts_tc,1794},
                                 {test_server,run_test_case_eval1,1303},
                                 {test_server,run_test_case_eval,1235}]
=elapsed       0.000004s
=== *** FAILED test case 11 of 12 ***
=case          groups_spec_1_SUITE:end_per_group
=logfile       groups_spec_1_suite.end_per_group.36.html
=group_props   [{name,g4}]
=started       2024-10-16 11:59:10
=ended         2024-10-16 11:59:10
=result        ok
=elapsed       0.000274s
=group_time    2.180s
=case          groups_spec_1_SUITE:t23
=logfile       groups_spec_1_suite.t23.html
=started       2024-10-16 11:59:10
=ended         2024-10-16 11:59:10
=result        ok
=elapsed       0.000000s
=case          groups_spec_1_SUITE:end_per_group
=logfile       groups_spec_1_suite.end_per_group.68.html
=group_props   [{name,g2}]
=started       2024-10-16 11:59:10
=ended         2024-10-16 11:59:10
=result        ok
=elapsed       0.000227s
=group_time    2.412s
=case          groups_spec_1_SUITE:end_per_suite
=logfile       groups_spec_1_suite.end_per_suite.html
=started       2024-10-16 11:59:10
=ended         2024-10-16 11:59:10
=result        ok
=elapsed       0.000000s
=group_time    2.478s
=== TEST COMPLETE, 7 ok, 5 failed of 12 test cases

=finished      2024-10-16 11:59:10
=failed        5
=successful    7
=user_skipped  0
=auto_skipped  0
=elapsed_time  2540780
