=== Suite started at 2024-11-25 08:19:53
=== Starting test, 9 test cases
=cases         9
=user          otptest
=host          c3276ca3fbc7
=hosts         c3276ca3fbc7 
=emulator_vsn  15.1.2
=emulator      beam
=otp_release   28
=started       2024-11-25 08:19:53
=case          timetrap_1_SUITE:init_per_suite
=logfile       timetrap_1_suite.init_per_suite.html
=started       2024-11-25 08:19:53
=ended         2024-11-25 08:19:53
=result        ok
=elapsed       0.000001s
=case          timetrap_1_SUITE:tc1
=logfile       timetrap_1_suite.tc1.html
=started       2024-11-25 08:19:53
=ended         2024-11-25 08:19:54
=result        failed: timeout, [{test_server,adjusted_sleep,1966},
                                 {timetrap_1_SUITE,tc1,186},
                                 {test_server,ts_tc,1794},
                                 {test_server,run_test_case_eval1,1303},
                                 {test_server,run_test_case_eval,1235}]
=elapsed       1000.000000s
=== *** FAILED test case 1 of 9 ***
=case          timetrap_1_SUITE:tc2
=logfile       timetrap_1_suite.tc2.html
=started       2024-11-25 08:19:54
=== WARNING! timetrap_1_SUITE:end_per_testcase(tc2, [{tc_status,
                                                  {failed,timetrap_timeout}},
                                                 {tc,tc2},
                                                 {watchdog,<0.884.0>},
                                                 {tab,<0.876.0>},
                                                 {tc_logfile,
                                                  "/buildroot/otp/lib/common_test/make_test_dir/ct_logs/ct_run.test_server@c3276ca3fbc7.2024-11-25_08.14.36/make_test_dir.common_test_test.logs/run.2024-11-25_08.14.38/log_private/ct_run.ct@c3276ca3fbc7.2024-11-25_08.19.53/ct_error_SUITE_data.error.timetrap_1_SUITE.logs/run.2024-11-25_08.19.53/timetrap_1_suite.tc2.html"},
                                                 {tc_group_properties,[]},
                                                 {tc_group_path,[]},
                                                 {data_dir,
                                                  "/buildroot/otp/lib/common_test/make_test_dir/common_test_test/ct_error_SUITE_data/error/test/timetrap_1_SUITE_data/"},
                                                 {priv_dir,
                                                  "/buildroot/otp/lib/common_test/make_test_dir/ct_logs/ct_run.test_server@c3276ca3fbc7.2024-11-25_08.14.36/make_test_dir.common_test_test.logs/run.2024-11-25_08.14.38/log_private/ct_run.ct@c3276ca3fbc7.2024-11-25_08.19.53/ct_error_SUITE_data.error.timetrap_1_SUITE.logs/run.2024-11-25_08.19.53/log_private/"}]) failed!
	Reason: {timetrap_timeout,1000,
                    [{test_server,adjusted_sleep,1966},
                     {test_server,'-do_call_end_conf/7-fun-0-',780}]}

=ended         2024-11-25 08:19:56
=result        failed: timeout, [{test_server,adjusted_sleep,1966},
                                 {timetrap_1_SUITE,tc2,last_expr},
                                 {test_server,ts_tc,1794},
                                 {test_server,run_test_case_eval1,1303},
                                 {test_server,run_test_case_eval,1235}]
=elapsed       1000.000000s
=== *** FAILED test case 2 of 9 ***
=case          timetrap_1_SUITE:tc3
=logfile       timetrap_1_suite.tc3.html
=started       2024-11-25 08:19:56
=ended         2024-11-25 08:19:56
=result        failed: testcase_aborted, [{test_server,adjusted_sleep,1966},
                                          {timetrap_1_SUITE,tc3,194},
                                          {test_server,ts_tc,1794},
                                          {test_server,run_test_case_eval1,
                                           1303},
                                          {test_server,run_test_case_eval,
                                           1235}]
=elapsed       0.000000s
=== *** FAILED test case 3 of 9 ***
=case          timetrap_1_SUITE:tc4
=logfile       timetrap_1_suite.tc4.html
=started       2024-11-25 08:19:56
=ended         2024-11-25 08:19:58
=result        failed: testcase_aborted, [{test_server,adjusted_sleep,1966},
                                          {timetrap_1_SUITE,tc4,199},
                                          {test_server,ts_tc,1794},
                                          {test_server,run_test_case_eval1,
                                           1303},
                                          {test_server,run_test_case_eval,
                                           1235}]
=elapsed       0.000000s
=== *** FAILED test case 4 of 9 ***
=case          timetrap_1_SUITE:tc5
=logfile       timetrap_1_suite.tc5.html
=started       2024-11-25 08:19:58
=== WARNING! timetrap_1_SUITE:end_per_testcase(tc5, [{tc_status,
                                                  {failed,timetrap_timeout}},
                                                 {tc,tc5},
                                                 {watchdog,<0.904.0>},
                                                 {tab,<0.876.0>},
                                                 {tc_logfile,
                                                  "/buildroot/otp/lib/common_test/make_test_dir/ct_logs/ct_run.test_server@c3276ca3fbc7.2024-11-25_08.14.36/make_test_dir.common_test_test.logs/run.2024-11-25_08.14.38/log_private/ct_run.ct@c3276ca3fbc7.2024-11-25_08.19.53/ct_error_SUITE_data.error.timetrap_1_SUITE.logs/run.2024-11-25_08.19.53/timetrap_1_suite.tc5.html"},
                                                 {tc_group_properties,[]},
                                                 {tc_group_path,[]},
                                                 {data_dir,
                                                  "/buildroot/otp/lib/common_test/make_test_dir/common_test_test/ct_error_SUITE_data/error/test/timetrap_1_SUITE_data/"},
                                                 {priv_dir,
                                                  "/buildroot/otp/lib/common_test/make_test_dir/ct_logs/ct_run.test_server@c3276ca3fbc7.2024-11-25_08.14.36/make_test_dir.common_test_test.logs/run.2024-11-25_08.14.38/log_private/ct_run.ct@c3276ca3fbc7.2024-11-25_08.19.53/ct_error_SUITE_data.error.timetrap_1_SUITE.logs/run.2024-11-25_08.19.53/log_private/"}]) crashed!
	Reason: end_per_tc_fail_after_timeout

=ended         2024-11-25 08:19:59
=result        failed: timeout, [{test_server,adjusted_sleep,1966},
                                 {timetrap_1_SUITE,tc5,203},
                                 {test_server,ts_tc,1794},
                                 {test_server,run_test_case_eval1,1303},
                                 {test_server,run_test_case_eval,1235}]
=elapsed       1000.000000s
=== *** FAILED test case 5 of 9 ***
=case          timetrap_1_SUITE:tc6
=logfile       timetrap_1_suite.tc6.html
=started       2024-11-25 08:19:59
=== WARNING! timetrap_1_SUITE:end_per_testcase(tc6, [{tc_status,
                                                  {failed,
                                                   {testcase_aborted,
                                                    testing_end_conf}}},
                                                 {tc,tc6},
                                                 {watchdog,<0.910.0>},
                                                 {tab,<0.876.0>},
                                                 {tc_logfile,
                                                  "/buildroot/otp/lib/common_test/make_test_dir/ct_logs/ct_run.test_server@c3276ca3fbc7.2024-11-25_08.14.36/make_test_dir.common_test_test.logs/run.2024-11-25_08.14.38/log_private/ct_run.ct@c3276ca3fbc7.2024-11-25_08.19.53/ct_error_SUITE_data.error.timetrap_1_SUITE.logs/run.2024-11-25_08.19.53/timetrap_1_suite.tc6.html"},
                                                 {tc_group_properties,[]},
                                                 {tc_group_path,[]},
                                                 {data_dir,
                                                  "/buildroot/otp/lib/common_test/make_test_dir/common_test_test/ct_error_SUITE_data/error/test/timetrap_1_SUITE_data/"},
                                                 {priv_dir,
                                                  "/buildroot/otp/lib/common_test/make_test_dir/ct_logs/ct_run.test_server@c3276ca3fbc7.2024-11-25_08.14.36/make_test_dir.common_test_test.logs/run.2024-11-25_08.14.38/log_private/ct_run.ct@c3276ca3fbc7.2024-11-25_08.19.53/ct_error_SUITE_data.error.timetrap_1_SUITE.logs/run.2024-11-25_08.19.53/log_private/"}]) crashed!
	Reason: end_per_tc_fail_after_abort

=ended         2024-11-25 08:20:00
=result        failed: testcase_aborted, [{test_server,adjusted_sleep,1966},
                                          {timetrap_1_SUITE,tc6,last_expr},
                                          {test_server,ts_tc,1794},
                                          {test_server,run_test_case_eval1,
                                           1303},
                                          {test_server,run_test_case_eval,
                                           1235}]
=elapsed       0.000000s
=== *** FAILED test case 6 of 9 ***
=case          timetrap_1_SUITE:tc7
=logfile       timetrap_1_suite.tc7.html
=started       2024-11-25 08:20:00
=ended         2024-11-25 08:20:01
=result        failed: timeout, [{test_server,adjusted_sleep,1966},
                                 {timetrap_1_SUITE,sleep,224},
                                 {timetrap_1_SUITE,tc7,last_expr},
                                 {test_server,ts_tc,1794},
                                 {test_server,run_test_case_eval1,1303},
                                 {test_server,run_test_case_eval,1235}]
=elapsed       1000.000000s
=== *** FAILED test case 7 of 9 ***
=case          timetrap_1_SUITE:tc8
=logfile       timetrap_1_suite.tc8.html
=started       2024-11-25 08:20:01
=ended         2024-11-25 08:20:02
=result        failed: timeout, [{test_server,adjusted_sleep,1966},
                                 {timetrap_helper,sleep,6},
                                 {timetrap_1_SUITE,tc8,215},
                                 {test_server,ts_tc,1794},
                                 {test_server,run_test_case_eval1,1303},
                                 {test_server,run_test_case_eval,1235}]
=elapsed       1000.000000s
=== *** FAILED test case 8 of 9 ***
=case          timetrap_1_SUITE:tc9
=logfile       timetrap_1_suite.tc9.html
=started       2024-11-25 08:20:02
=ended         2024-11-25 08:20:03
=result        failed: timeout, [{test_server,adjusted_sleep,1966},
                                 {timetrap_1_SUITE,sleep,224},
                                 {timetrap_1_SUITE,tc9,last_expr},
                                 {test_server,ts_tc,1794},
                                 {test_server,run_test_case_eval1,1303},
                                 {test_server,run_test_case_eval,1235}]
=elapsed       1000.000000s
=== *** FAILED test case 9 of 9 ***
=case          timetrap_1_SUITE:end_per_suite
=logfile       timetrap_1_suite.end_per_suite.html
=started       2024-11-25 08:20:03
=ended         2024-11-25 08:20:03
=result        ok
=elapsed       0.000001s
=group_time    9.306s
=== TEST COMPLETE, 0 ok, 9 failed of 9 test cases

=finished      2024-11-25 08:20:03
=failed        9
=successful    0
=user_skipped  0
=auto_skipped  0
=elapsed_time  9368722
