=== Suite started at 2024-10-16 12:48:18
=== Starting test, 5 test cases
=cases         5
=user          otptest
=host          a46a33ecc1a5
=hosts         a46a33ecc1a5 
=emulator_vsn  15.1.1
=emulator      beam
=otp_release   28
=started       2024-10-16 12:48:18
=case          t23_SUITE:init_per_suite
=logfile       t23_suite.init_per_suite.html
=started       2024-10-16 12:48:18
=ended         2024-10-16 12:48:18
=result        ok
=elapsed       0.000000s
=case          t23_SUITE:ok_tc
=logfile       t23_suite.ok_tc.html
=started       2024-10-16 12:48:18
=ended         2024-10-16 12:48:18
=result        ok
=elapsed       0.000000s
=case          t23_SUITE:exit_tc
=logfile       t23_suite.exit_tc.html
=started       2024-10-16 12:48:18
=ended         2024-10-16 12:48:18
=result        failed: kaboom, [{t23_SUITE,exit_tc,143},
                                {test_server,ts_tc,1794},
                                {test_server,run_test_case_eval1,1303},
                                {test_server,run_test_case_eval,1235}]
=elapsed       0.000002s
=== *** FAILED test case 2 of 5 ***
=case          t23_SUITE:to_tc
=logfile       t23_suite.to_tc.html
=started       2024-10-16 12:48:18
=ended         2024-10-16 12:48:18
=result        failed: timeout, [{test_server,adjusted_sleep,1966},
                                 {t23_SUITE,to_tc,148},
                                 {test_server,ts_tc,1794},
                                 {test_server,run_test_case_eval1,1303},
                                 {test_server,run_test_case_eval,1235}]
=elapsed       1.000000s
=== *** FAILED test case 3 of 5 ***
=case          t23_SUITE:autoskip_tc
=logfile       t23_suite.autoskip_tc.html
=started       2024-10-16 12:48:18
=== ERROR! init_per_testcase crashed!
	Location: [{t23_SUITE,init_per_testcase,83},
                   {test_server,do_init_per_testcase,1564},
                   {test_server,run_test_case_eval1,1265},
                   {test_server,run_test_case_eval,1235}]
	Reason: {kaboom,[{t23_SUITE,init_per_testcase,2,
                                    [{file,"t23_SUITE.erl"},{line,83}]},
                         {test_server,do_init_per_testcase,2,
                                      [{file,"test_server.erl"},{line,1564}]},
                         {test_server,run_test_case_eval1,6,
                                      [{file,"test_server.erl"},{line,1265}]},
                         {test_server,run_test_case_eval,9,
                                      [{file,"test_server.erl"},
                                       {line,1235}]}]}

=ended         2024-10-16 12:48:18
=result        auto_skipped: {failed,
                              {t23_SUITE,init_per_testcase,
                               {kaboom,
                                [{t23_SUITE,init_per_testcase,2,
                                  [{file,"t23_SUITE.erl"},{line,83}]},
                                 {test_server,do_init_per_testcase,2,
                                  [{file,"test_server.erl"},{line,1564}]},
                                 {test_server,run_test_case_eval1,6,
                                  [{file,"test_server.erl"},{line,1265}]},
                                 {test_server,run_test_case_eval,9,
                                  [{file,"test_server.erl"},{line,1235}]}]}}}
=elapsed       0.000000s
=== *** SKIPPED test case 4 of 5 ***
=case          t23_SUITE:userskip_tc
=logfile       t23_suite.userskip_tc.html
=started       2024-10-16 12:48:18
=ended         2024-10-16 12:48:18
=result        skipped: "user skipped"
=elapsed       0.000000s
=== *** SKIPPED test case 5 of 5 ***
=case          t23_SUITE:end_per_suite
=logfile       t23_suite.end_per_suite.html
=started       2024-10-16 12:48:18
=ended         2024-10-16 12:48:18
=result        ok
=elapsed       0.000000s
=group_time    0.171s
=== TEST COMPLETE, 1 ok, 2 failed, 2 skipped of 5 test cases

=finished      2024-10-16 12:48:18
=failed        2
=successful    1
=user_skipped  1
=auto_skipped  1
=elapsed_time  239609
