=== Suite started at 2024-10-28 17:05:26
=== Starting test, 12 test cases
=cases         12
=user          otptest
=host          706142abe2f2
=hosts         706142abe2f2 
=emulator_vsn  15.1.2
=emulator      beam
=otp_release   28
=started       2024-10-28 17:05:26
=case          groups_spec_1_SUITE:init_per_suite
=logfile       groups_spec_1_suite.init_per_suite.html
=started       2024-10-28 17:05:26
=ended         2024-10-28 17:05:26
=result        ok
=elapsed       0.000000s
=case          groups_spec_1_SUITE:init_per_group
=logfile       groups_spec_1_suite.init_per_group.html
=group_props   [{name,g2}]
=started       2024-10-28 17:05:26
=ended         2024-10-28 17:05:26
=result        ok
=elapsed       0.000353s
=case          groups_spec_1_SUITE:t21
=logfile       groups_spec_1_suite.t21.html
=started       2024-10-28 17:05:26
=ended         2024-10-28 17:05:26
=result        ok
=elapsed       0.000000s
=case          groups_spec_1_SUITE:init_per_group
=logfile       groups_spec_1_suite.init_per_group.4098.html
=group_props   [{name,g3},parallel]
=started       2024-10-28 17:05:26
=ended         2024-10-28 17:05:26
=result        ok
=elapsed       0.000329s
=case          groups_spec_1_SUITE:t31
=logfile       groups_spec_1_suite.t31.4130.html
=started       2024-10-28 17:05:26
=ended         2024-10-28 17:05:26
=result        ok
=elapsed       0.000000s
=case          groups_spec_1_SUITE:t32
=logfile       groups_spec_1_suite.t32.4162.html
=started       2024-10-28 17:05:26
=ended         2024-10-28 17:05:26
=result        failed: crashes, [{groups_spec_1_SUITE,t32,109},
                                 {test_server,ts_tc,1794},
                                 {test_server,run_test_case_eval1,1303},
                                 {test_server,run_test_case_eval,1235}]
=elapsed       0.000003s
=== *** FAILED test case 3 of 12 ***
=case          groups_spec_1_SUITE:t33
=logfile       groups_spec_1_suite.t33.4194.html
=started       2024-10-28 17:05:26
=ended         2024-10-28 17:05:26
=result        ok
=elapsed       0.000000s
=case          groups_spec_1_SUITE:end_per_group
=logfile       groups_spec_1_suite.end_per_group.html
=group_props   [{name,g3},parallel]
=started       2024-10-28 17:05:27
=ended         2024-10-28 17:05:27
=result        ok
=elapsed       0.000276s
=group_time    0.064s
=case          groups_spec_1_SUITE:t22
=logfile       groups_spec_1_suite.t22.html
=started       2024-10-28 17:05:27
=ended         2024-10-28 17:05:27
=result        failed: crashes, [{groups_spec_1_SUITE,t22,102},
                                 {test_server,ts_tc,1794},
                                 {test_server,run_test_case_eval1,1303},
                                 {test_server,run_test_case_eval,1235}]
=elapsed       0.000002s
=== *** FAILED test case 5 of 12 ***
=case          groups_spec_1_SUITE:init_per_group
=logfile       groups_spec_1_suite.init_per_group.1955.html
=group_props   [{name,g4}]
=started       2024-10-28 17:05:27
=ended         2024-10-28 17:05:27
=result        ok
=elapsed       0.000237s
=case          groups_spec_1_SUITE:t41
=logfile       groups_spec_1_suite.t41.html
=started       2024-10-28 17:05:27
=ended         2024-10-28 17:05:27
=result        ok
=elapsed       0.000000s
=case          groups_spec_1_SUITE:init_per_group
=logfile       groups_spec_1_suite.init_per_group.1987.html
=group_props   [{name,g5},parallel]
=started       2024-10-28 17:05:27
=ended         2024-10-28 17:05:27
=result        ok
=elapsed       0.000284s
=case          groups_spec_1_SUITE:t51
=logfile       groups_spec_1_suite.t51.2019.html
=started       2024-10-28 17:05:27
=ended         2024-10-28 17:05:27
=result        ok
=elapsed       0.000000s
=case          groups_spec_1_SUITE:t52
=logfile       groups_spec_1_suite.t52.2083.html
=started       2024-10-28 17:05:27
=ended         2024-10-28 17:05:29
=result        failed: timeout, [{test_server,adjusted_sleep,1966},
                                 {groups_spec_1_SUITE,t52,last_expr},
                                 {test_server,ts_tc,1794},
                                 {test_server,run_test_case_eval1,1303},
                                 {test_server,run_test_case_eval,1235}]
=elapsed       2000.000000s
=== *** FAILED test case 8 of 12 ***
=case          groups_spec_1_SUITE:t53
=logfile       groups_spec_1_suite.t53.2051.html
=started       2024-10-28 17:05:27
=ended         2024-10-28 17:05:27
=result        failed: crashes, [{groups_spec_1_SUITE,t53,123},
                                 {test_server,ts_tc,1794},
                                 {test_server,run_test_case_eval1,1303},
                                 {test_server,run_test_case_eval,1235}]
=elapsed       0.000003s
=== *** FAILED test case 9 of 12 ***
=case          groups_spec_1_SUITE:t54
=logfile       groups_spec_1_suite.t54.2115.html
=started       2024-10-28 17:05:27
=ended         2024-10-28 17:05:27
=result        ok
=elapsed       0.000000s
=case          groups_spec_1_SUITE:end_per_group
=logfile       groups_spec_1_suite.end_per_group.2147.html
=group_props   [{name,g5},parallel]
=started       2024-10-28 17:05:29
=ended         2024-10-28 17:05:29
=result        ok
=elapsed       0.000278s
=group_time    2.066s
=case          groups_spec_1_SUITE:t42
=logfile       groups_spec_1_suite.t42.html
=started       2024-10-28 17:05:29
=ended         2024-10-28 17:05:29
=result        failed: crashes, [{groups_spec_1_SUITE,t42,116},
                                 {test_server,ts_tc,1794},
                                 {test_server,run_test_case_eval1,1303},
                                 {test_server,run_test_case_eval,1235}]
=elapsed       0.000002s
=== *** FAILED test case 11 of 12 ***
=case          groups_spec_1_SUITE:end_per_group
=logfile       groups_spec_1_suite.end_per_group.4226.html
=group_props   [{name,g4}]
=started       2024-10-28 17:05:29
=ended         2024-10-28 17:05:29
=result        ok
=elapsed       0.000255s
=group_time    2.179s
=case          groups_spec_1_SUITE:t23
=logfile       groups_spec_1_suite.t23.html
=started       2024-10-28 17:05:29
=ended         2024-10-28 17:05:29
=result        ok
=elapsed       0.000000s
=case          groups_spec_1_SUITE:end_per_group
=logfile       groups_spec_1_suite.end_per_group.4258.html
=group_props   [{name,g2}]
=started       2024-10-28 17:05:29
=ended         2024-10-28 17:05:29
=result        ok
=elapsed       0.000250s
=group_time    2.411s
=case          groups_spec_1_SUITE:end_per_suite
=logfile       groups_spec_1_suite.end_per_suite.html
=started       2024-10-28 17:05:29
=ended         2024-10-28 17:05:29
=result        ok
=elapsed       0.000000s
=group_time    2.477s
=== TEST COMPLETE, 7 ok, 5 failed of 12 test cases

=finished      2024-10-28 17:05:29
=failed        5
=successful    7
=user_skipped  0
=auto_skipped  0
=elapsed_time  2539527
