=== Suite started at 2024-10-28 15:34:10
=== Starting test, 2 test cases
=cases         2
=user          otptest
=host          74d7103eabd8
=hosts         74d7103eabd8 
=emulator_vsn  15.1.2
=emulator      beam
=otp_release   28
=started       2024-10-28 15:34:10
=case          groups_12_SUITE:init_per_suite
=logfile       groups_12_suite.init_per_suite.html
=started       2024-10-28 15:34:10
=ended         2024-10-28 15:34:10
=result        ok
=elapsed       0.000000s
=case          groups_12_SUITE:testcase_1a
=logfile       groups_12_suite.testcase_1a.html
=started       2024-10-28 15:34:10
=ended         2024-10-28 15:34:10
=result        failed: {test_case_failed,no_group_data}, [{groups_12_SUITE,
                                                           testcase_1a,180},
                                                          {test_server,ts_tc,
                                                           1794},
                                                          {test_server,
                                                           run_test_case_eval1,
                                                           1303},
                                                          {test_server,
                                                           run_test_case_eval,
                                                           1235}]
=elapsed       0.000274s
=== *** FAILED test case 1 of 2 ***
=case          groups_12_SUITE:testcase_1b
=logfile       groups_12_suite.testcase_1b.html
=started       2024-10-28 15:34:10
=ended         2024-10-28 15:34:10
=result        failed: {test_case_failed,no_group_data}, [{groups_12_SUITE,
                                                           testcase_1b,194},
                                                          {test_server,ts_tc,
                                                           1794},
                                                          {test_server,
                                                           run_test_case_eval1,
                                                           1303},
                                                          {test_server,
                                                           run_test_case_eval,
                                                           1235}]
=elapsed       0.000286s
=== *** FAILED test case 2 of 2 ***
=case          groups_12_SUITE:end_per_suite
=logfile       groups_12_suite.end_per_suite.html
=started       2024-10-28 15:34:10
=ended         2024-10-28 15:34:10
=result        ok
=elapsed       0.000000s
=group_time    0.087s
=== TEST COMPLETE, 0 ok, 2 failed of 2 test cases

=finished      2024-10-28 15:34:10
=failed        2
=successful    0
=user_skipped  0
=auto_skipped  0
=elapsed_time  167874
