=== Suite started at 2024-10-28 16:47:16
=== Starting test, 3 test cases
=cases         3
=user          otptest
=host          706142abe2f2
=hosts         706142abe2f2 
=emulator_vsn  15.1.2
=emulator      beam
=otp_release   28
=started       2024-10-28 16:47:16
=case          ct_framework:error_in_suite
=logfile       ct_framework.error_in_suite.html
=started       2024-10-28 16:47:16
=ended         2024-10-28 16:47:16
=result        failed: 'bad_SUITE cannot be compiled or loaded', unknown_location
=elapsed       0.000000s
=== *** FAILED {ct_framework,error_in_suite} ***
=case          dummy_SUITE:init_per_suite
=logfile       dummy_suite.init_per_suite.html
=started       2024-10-28 16:47:16
=ended         2024-10-28 16:47:16
=result        ok
=elapsed       0.000000s
=case          dummy_SUITE:ok
=logfile       dummy_suite.ok.html
=started       2024-10-28 16:47:16
=ended         2024-10-28 16:47:16
=result        ok
=elapsed       0.000000s
=case          dummy_SUITE:fail
=logfile       dummy_suite.fail.html
=started       2024-10-28 16:47:16
=ended         2024-10-28 16:47:16
=result        failed: {badarg,
                           [{erlang,tuple_to_list,
                                [[{watchdog,<0.212.0>},
                                  {tc_logfile,
                                      "/buildroot/otp/lib/common_test/make_test_dir/ct_logs/ct_run.test_server@706142abe2f2.2024-10-28_16.46.45/make_test_dir.common_test_test.logs/run.2024-10-28_16.46.48/log_private/ct_run.ct@706142abe2f2.2024-10-28_16.47.16/run.2024-10-28_16.46.48.log_private.logs/run.2024-10-28_16.47.16/dummy_suite.fail.html"},
                                  {tc_group_properties,[]},
                                  {tc_group_path,[]},
                                  {data_dir,
                                      "/buildroot/otp/lib/common_test/make_test_dir/ct_logs/ct_run.test_server@706142abe2f2.2024-10-28_16.46.45/make_test_dir.common_test_test.logs/run.2024-10-28_16.46.48/log_private/dummy_SUITE_data/"},
                                  {priv_dir,
                                      "/buildroot/otp/lib/common_test/make_test_dir/ct_logs/ct_run.test_server@706142abe2f2.2024-10-28_16.46.45/make_test_dir.common_test_test.logs/run.2024-10-28_16.46.48/log_private/ct_run.ct@706142abe2f2.2024-10-28_16.47.16/run.2024-10-28_16.46.48.log_private.logs/run.2024-10-28_16.47.16/log_private/"}]],
                                [{error_info,#{module => erl_erts_errors}}]},
                            {dummy_SUITE,fail,1,
                                [{file,
                                     "/buildroot/otp/lib/common_test/make_test_dir/common_test_test/ct_auto_compile_SUITE_data/dummy_SUITE.erl"},
                                 {line,127}]},
                            {test_server,ts_tc,3,
                                [{file,"test_server.erl"},{line,1794}]},
                            {test_server,run_test_case_eval1,6,
                                [{file,"test_server.erl"},{line,1303}]},
                            {test_server,run_test_case_eval,9,
                                [{file,"test_server.erl"},{line,1235}]}]}, [{erlang,
                                                                             tuple_to_list},
                                                                            {dummy_SUITE,
                                                                             fail,
                                                                             127},
                                                                            {test_server,
                                                                             ts_tc,
                                                                             1794},
                                                                            {test_server,
                                                                             run_test_case_eval1,
                                                                             1303},
                                                                            {test_server,
                                                                             run_test_case_eval,
                                                                             1235}]
=elapsed       0.000002s
=== *** FAILED test case 2 of 3 ***
=case          dummy_SUITE:skip
=logfile       dummy_suite.skip.html
=started       2024-10-28 16:47:16
=ended         2024-10-28 16:47:16
=result        skipped: "should be skipped"
=elapsed       0.000000s
=== *** SKIPPED test case 3 of 3 ***
=case          dummy_SUITE:end_per_suite
=logfile       dummy_suite.end_per_suite.html
=started       2024-10-28 16:47:16
=ended         2024-10-28 16:47:16
=result        ok
=elapsed       0.000000s
=group_time    0.116s
=== TEST COMPLETE, 1 ok, 1 failed, 1 skipped of 3 test cases

=finished      2024-10-28 16:47:16
=failed        1
=successful    1
=user_skipped  1
=auto_skipped  0
=elapsed_time  262841
