=== Suite started at 2024-11-25 08:25:53
=== Starting test, 9 test cases
=cases         9
=user          otptest
=host          c3276ca3fbc7
=hosts         c3276ca3fbc7 
=emulator_vsn  15.1.2
=emulator      beam
=otp_release   28
=started       2024-11-25 08:25:53
=case          misc_error_1_SUITE:init_per_suite
=logfile       misc_error_1_suite.init_per_suite.html
=started       2024-11-25 08:25:53
=ended         2024-11-25 08:25:53
=result        ok
=elapsed       0.000000s
=case          misc_error_1_SUITE:ct_fail_1
=logfile       misc_error_1_suite.ct_fail_1.html
=started       2024-11-25 08:25:53
=ended         2024-11-25 08:25:53
=result        failed: {test_case_failed,{error,this_is_expected}}, [{misc_error_1_SUITE,
                                                                      ct_fail_1,
                                                                      115},
                                                                     {test_server,
                                                                      ts_tc,
                                                                      1794},
                                                                     {test_server,
                                                                      run_test_case_eval1,
                                                                      1303},
                                                                     {test_server,
                                                                      run_test_case_eval,
                                                                      1235}]
=elapsed       0.000004s
=== *** FAILED test case 1 of 9 ***
=case          misc_error_1_SUITE:ct_fail_2
=logfile       misc_error_1_suite.ct_fail_2.html
=started       2024-11-25 08:25:53
=ended         2024-11-25 08:25:53
=result        failed: {test_case_failed,"this_is_expected"}, [{misc_error_1_SUITE,
                                                                ct_fail_2,120},
                                                               {test_server,
                                                                ts_tc,1794},
                                                               {test_server,
                                                                run_test_case_eval1,
                                                                1303},
                                                               {test_server,
                                                                run_test_case_eval,
                                                                1235}]
=elapsed       0.000006s
=== *** FAILED test case 2 of 9 ***
=case          misc_error_1_SUITE:ct_fail_3
=logfile       misc_error_1_suite.ct_fail_3.html
=started       2024-11-25 08:25:53
=ended         2024-11-25 08:25:53
=result        failed: {test_case_failed,this_is_expected}, [{misc_error_1_SUITE,
                                                              fail_me,140},
                                                             {misc_error_1_SUITE,
                                                              ct_fail_3,125},
                                                             {test_server,
                                                              ts_tc,1794},
                                                             {test_server,
                                                              run_test_case_eval1,
                                                              1303},
                                                             {test_server,
                                                              run_test_case_eval,
                                                              1235}]
=elapsed       0.000003s
=== *** FAILED test case 3 of 9 ***
=case          misc_error_1_SUITE:ts_fail_1
=logfile       misc_error_1_suite.ts_fail_1.html
=started       2024-11-25 08:25:53
=ended         2024-11-25 08:25:53
=result        failed: {suite_failed,this_is_expected}, [{misc_error_1_SUITE,
                                                          ts_fail_1,130},
                                                         {test_server,ts_tc,
                                                          1794},
                                                         {test_server,
                                                          run_test_case_eval1,
                                                          1303},
                                                         {test_server,
                                                          run_test_case_eval,
                                                          1235}]
=elapsed       0.000003s
=== *** FAILED test case 4 of 9 ***
=case          misc_error_1_SUITE:ts_fail_2
=logfile       misc_error_1_suite.ts_fail_2.html
=started       2024-11-25 08:25:53
=ended         2024-11-25 08:25:53
=result        failed: {suite_failed,this_is_expected}, [{misc_error_1_SUITE,
                                                          fail_me,140},
                                                         {misc_error_1_SUITE,
                                                          ts_fail_2,135},
                                                         {test_server,ts_tc,
                                                          1794},
                                                         {test_server,
                                                          run_test_case_eval1,
                                                          1303},
                                                         {test_server,
                                                          run_test_case_eval,
                                                          1235}]
=elapsed       0.000003s
=== *** FAILED test case 5 of 9 ***
=case          misc_error_1_SUITE:killed_by_signal_1
=logfile       misc_error_1_suite.killed_by_signal_1.html
=started       2024-11-25 08:25:53
=ended         2024-11-25 08:25:53
=result        failed: {'EXIT',i_die_now}, unknown_location
=elapsed       0.000000s
=== *** FAILED test case 6 of 9 ***
=case          misc_error_1_SUITE:killed_by_signal_2
=logfile       misc_error_1_suite.killed_by_signal_2.html
=started       2024-11-25 08:25:53
=ended         2024-11-25 08:25:53
=result        failed: testcase_aborted_or_killed, unknown_location
=elapsed       0.000000s
=== *** FAILED test case 7 of 9 ***
=case          misc_error_1_SUITE:init_per_group
=logfile       misc_error_1_suite.init_per_group.html
=group_props   [{name,p},parallel]
=started       2024-11-25 08:25:53
=ended         2024-11-25 08:25:53
=result        ok
=elapsed       0.000000s
=case          misc_error_1_SUITE:p1
=logfile       misc_error_1_suite.p1.7298.html
=started       2024-11-25 08:25:53
=ended         2024-11-25 08:25:53
=result        ok
=elapsed       0.000015s
=case          misc_error_1_SUITE:p2
=logfile       misc_error_1_suite.p2.7330.html
=started       2024-11-25 08:25:53
=ended         2024-11-25 08:25:54
=result        ok
=elapsed       1.000341s
=case          misc_error_1_SUITE:end_per_group
=logfile       misc_error_1_suite.end_per_group.html
=group_props   [{name,p},parallel]
=started       2024-11-25 08:25:54
=ended         2024-11-25 08:25:54
=result        ok
=elapsed       0.000000s
=group_time    1.056s
=case          misc_error_1_SUITE:end_per_suite
=logfile       misc_error_1_suite.end_per_suite.html
=started       2024-11-25 08:25:54
=ended         2024-11-25 08:25:54
=result        ok
=elapsed       0.000000s
=group_time    1.512s
=== TEST COMPLETE, 2 ok, 7 failed of 9 test cases

=finished      2024-11-25 08:25:54
=failed        7
=successful    2
=user_skipped  0
=auto_skipped  0
=elapsed_time  1570343
