=== Suite started at 2024-10-09 19:41:07
=== Starting test, 12 test cases
=cases         12
=user          otptest
=host          f0b084c70b57
=hosts         f0b084c70b57 
=emulator_vsn  15.1.1
=emulator      beam
=otp_release   27
=started       2024-10-09 19:41:07
=case          groups_spec_1_SUITE:init_per_suite
=logfile       groups_spec_1_suite.init_per_suite.html
=started       2024-10-09 19:41:07
=ended         2024-10-09 19:41:07
=result        ok
=elapsed       0.000000s
=case          groups_spec_1_SUITE:init_per_group
=logfile       groups_spec_1_suite.init_per_group.html
=group_props   [{name,g2}]
=started       2024-10-09 19:41:07
=ended         2024-10-09 19:41:07
=result        ok
=elapsed       0.000268s
=case          groups_spec_1_SUITE:t21
=logfile       groups_spec_1_suite.t21.html
=started       2024-10-09 19:41:07
=ended         2024-10-09 19:41:07
=result        ok
=elapsed       0.000000s
=case          groups_spec_1_SUITE:init_per_group
=logfile       groups_spec_1_suite.init_per_group.3522.html
=group_props   [{name,g3},parallel]
=started       2024-10-09 19:41:07
=ended         2024-10-09 19:41:07
=result        ok
=elapsed       0.000319s
=case          groups_spec_1_SUITE:t31
=logfile       groups_spec_1_suite.t31.3554.html
=started       2024-10-09 19:41:07
=ended         2024-10-09 19:41:07
=result        ok
=elapsed       0.000000s
=case          groups_spec_1_SUITE:t32
=logfile       groups_spec_1_suite.t32.3586.html
=started       2024-10-09 19:41:07
=ended         2024-10-09 19:41:07
=result        failed: crashes, [{groups_spec_1_SUITE,t32,109},
                                 {test_server,ts_tc,1794},
                                 {test_server,run_test_case_eval1,1303},
                                 {test_server,run_test_case_eval,1235}]
=elapsed       0.000004s
=== *** FAILED test case 3 of 12 ***
=case          groups_spec_1_SUITE:t33
=logfile       groups_spec_1_suite.t33.1443.html
=started       2024-10-09 19:41:07
=ended         2024-10-09 19:41:07
=result        ok
=elapsed       0.000000s
=case          groups_spec_1_SUITE:end_per_group
=logfile       groups_spec_1_suite.end_per_group.html
=group_props   [{name,g3},parallel]
=started       2024-10-09 19:41:07
=ended         2024-10-09 19:41:07
=result        ok
=elapsed       0.000323s
=group_time    0.066s
=case          groups_spec_1_SUITE:t22
=logfile       groups_spec_1_suite.t22.html
=started       2024-10-09 19:41:07
=ended         2024-10-09 19:41:07
=result        failed: crashes, [{groups_spec_1_SUITE,t22,102},
                                 {test_server,ts_tc,1794},
                                 {test_server,run_test_case_eval1,1303},
                                 {test_server,run_test_case_eval,1235}]
=elapsed       0.000004s
=== *** FAILED test case 5 of 12 ***
=case          groups_spec_1_SUITE:init_per_group
=logfile       groups_spec_1_suite.init_per_group.3618.html
=group_props   [{name,g4}]
=started       2024-10-09 19:41:07
=ended         2024-10-09 19:41:07
=result        ok
=elapsed       0.000252s
=case          groups_spec_1_SUITE:t41
=logfile       groups_spec_1_suite.t41.html
=started       2024-10-09 19:41:07
=ended         2024-10-09 19:41:07
=result        ok
=elapsed       0.000000s
=case          groups_spec_1_SUITE:init_per_group
=logfile       groups_spec_1_suite.init_per_group.3650.html
=group_props   [{name,g5},parallel]
=started       2024-10-09 19:41:07
=ended         2024-10-09 19:41:07
=result        ok
=elapsed       0.000283s
=case          groups_spec_1_SUITE:t51
=logfile       groups_spec_1_suite.t51.3682.html
=started       2024-10-09 19:41:07
=ended         2024-10-09 19:41:07
=result        ok
=elapsed       0.000000s
=case          groups_spec_1_SUITE:t52
=logfile       groups_spec_1_suite.t52.3714.html
=started       2024-10-09 19:41:07
=ended         2024-10-09 19:41:09
=result        failed: timeout, [{test_server,adjusted_sleep,1966},
                                 {groups_spec_1_SUITE,t52,last_expr},
                                 {test_server,ts_tc,1794},
                                 {test_server,run_test_case_eval1,1303},
                                 {test_server,run_test_case_eval,1235}]
=elapsed       2000.000000s
=== *** FAILED test case 8 of 12 ***
=case          groups_spec_1_SUITE:t53
=logfile       groups_spec_1_suite.t53.3778.html
=started       2024-10-09 19:41:07
=ended         2024-10-09 19:41:07
=result        failed: crashes, [{groups_spec_1_SUITE,t53,123},
                                 {test_server,ts_tc,1794},
                                 {test_server,run_test_case_eval1,1303},
                                 {test_server,run_test_case_eval,1235}]
=elapsed       0.000003s
=== *** FAILED test case 9 of 12 ***
=case          groups_spec_1_SUITE:t54
=logfile       groups_spec_1_suite.t54.3746.html
=started       2024-10-09 19:41:07
=ended         2024-10-09 19:41:07
=result        ok
=elapsed       0.000000s
=case          groups_spec_1_SUITE:end_per_group
=logfile       groups_spec_1_suite.end_per_group.3810.html
=group_props   [{name,g5},parallel]
=started       2024-10-09 19:41:09
=ended         2024-10-09 19:41:09
=result        ok
=elapsed       0.000305s
=group_time    2.068s
=case          groups_spec_1_SUITE:t42
=logfile       groups_spec_1_suite.t42.html
=started       2024-10-09 19:41:09
=ended         2024-10-09 19:41:09
=result        failed: crashes, [{groups_spec_1_SUITE,t42,116},
                                 {test_server,ts_tc,1794},
                                 {test_server,run_test_case_eval1,1303},
                                 {test_server,run_test_case_eval,1235}]
=elapsed       0.000002s
=== *** FAILED test case 11 of 12 ***
=case          groups_spec_1_SUITE:end_per_group
=logfile       groups_spec_1_suite.end_per_group.3842.html
=group_props   [{name,g4}]
=started       2024-10-09 19:41:09
=ended         2024-10-09 19:41:09
=result        ok
=elapsed       0.000248s
=group_time    2.187s
=case          groups_spec_1_SUITE:t23
=logfile       groups_spec_1_suite.t23.html
=started       2024-10-09 19:41:09
=ended         2024-10-09 19:41:09
=result        ok
=elapsed       0.000000s
=case          groups_spec_1_SUITE:end_per_group
=logfile       groups_spec_1_suite.end_per_group.3874.html
=group_props   [{name,g2}]
=started       2024-10-09 19:41:09
=ended         2024-10-09 19:41:09
=result        ok
=elapsed       0.000259s
=group_time    2.429s
=case          groups_spec_1_SUITE:end_per_suite
=logfile       groups_spec_1_suite.end_per_suite.html
=started       2024-10-09 19:41:09
=ended         2024-10-09 19:41:09
=result        ok
=elapsed       0.000000s
=group_time    2.498s
=== TEST COMPLETE, 7 ok, 5 failed of 12 test cases

=finished      2024-10-09 19:41:09
=failed        5
=successful    7
=user_skipped  0
=auto_skipped  0
=elapsed_time  2563889
