<?xml version="1.0" encoding="UTF-8" ?>
<testsuite tests="1" failures="0" errors="0" skipped="1" time="0.000" name="module 'ttimesout'">
  <testcase time="0.000" name="ttimesout:0 -times_out_test_/0-fun-0- (module 'ttimesout')">
    <skipped type="timeout">
in function timer:sleep/1 (timer.erl, line 582)
in call from eunit_test:run_testfun/1 (eunit_test.erl, line 72)
in call from eunit_proc:run_test/1 (eunit_proc.erl, line 544)
in call from eunit_proc:with_timeout/3 (eunit_proc.erl, line 369)
in call from eunit_proc:handle_test/2 (eunit_proc.erl, line 527)
in call from eunit_proc:tests_inorder/3 (eunit_proc.erl, line 469)
in call from eunit_proc:with_timeout/3 (eunit_proc.erl, line 359)
in call from eunit_proc:run_group/2 (eunit_proc.erl, line 583)
    </skipped>
    <system-out>
    </system-out>
  </testcase>
</testsuite>
