=== Suite started at 2024-10-28 17:51:16
=== Starting test, 6 test cases
=cases         6
=user          otptest
=host          706142abe2f2
=hosts         706142abe2f2 
=emulator_vsn  15.1.2
=emulator      beam
=otp_release   28
=started       2024-10-28 17:51:16
=case          ct_telnet_faulty_regexp_SUITE:init_per_suite
=logfile       ct_telnet_faulty_regexp_suite.init_per_suite.html
=started       2024-10-28 17:51:16
=ended         2024-10-28 17:51:16
=result        ok
=elapsed       0.000000s
=case          ct_telnet_faulty_regexp_SUITE:expect_pattern
=logfile       ct_telnet_faulty_regexp_suite.expect_pattern.html
=started       2024-10-28 17:51:16
=ended         2024-10-28 17:51:17
=result        failed: {{bad_pattern,"invalid(pattern",{"missing )",15}},
                        {ct_telnet,expect,3}}, [{ct_telnet,expect,663},
                                                {ct_telnet_faulty_regexp_SUITE,
                                                 expect_pattern,54},
                                                {test_server,ts_tc,1794},
                                                {test_server,
                                                 run_test_case_eval1,1303},
                                                {test_server,
                                                 run_test_case_eval,1235}]
=elapsed       0.200688s
=== *** FAILED test case 1 of 6 ***
=case          ct_telnet_faulty_regexp_SUITE:expect_pattern_no_string
=logfile       ct_telnet_faulty_regexp_suite.expect_pattern_no_string.html
=started       2024-10-28 17:51:17
=ended         2024-10-28 17:51:18
=result        failed: {{bad_pattern,invalid_pattern},{ct_telnet,expect,3}}, [{ct_telnet,
                                                                               expect,
                                                                               663},
                                                                              {ct_telnet_faulty_regexp_SUITE,
                                                                               expect_pattern_no_string,
                                                                               58},
                                                                              {test_server,
                                                                               ts_tc,
                                                                               1794},
                                                                              {test_server,
                                                                               run_test_case_eval1,
                                                                               1303},
                                                                              {test_server,
                                                                               run_test_case_eval,
                                                                               1235}]
=elapsed       0.201537s
=== *** FAILED test case 2 of 6 ***
=case          ct_telnet_faulty_regexp_SUITE:expect_tag_pattern
=logfile       ct_telnet_faulty_regexp_suite.expect_tag_pattern.html
=started       2024-10-28 17:51:18
=ended         2024-10-28 17:51:18
=result        failed: {{bad_pattern,{tag,"invalid(pattern"},{"missing )",15}},
                        {ct_telnet,expect,3}}, [{ct_telnet,expect,663},
                                                {ct_telnet_faulty_regexp_SUITE,
                                                 expect_tag_pattern,62},
                                                {test_server,ts_tc,1794},
                                                {test_server,
                                                 run_test_case_eval1,1303},
                                                {test_server,
                                                 run_test_case_eval,1235}]
=elapsed       0.200640s
=== *** FAILED test case 3 of 6 ***
=case          ct_telnet_faulty_regexp_SUITE:expect_tag_pattern_no_string
=logfile       ct_telnet_faulty_regexp_suite.expect_tag_pattern_no_string.html
=started       2024-10-28 17:51:18
=ended         2024-10-28 17:51:19
=result        failed: {{bad_pattern,{tag,invalid_pattern}},
                        {ct_telnet,expect,3}}, [{ct_telnet,expect,663},
                                                {ct_telnet_faulty_regexp_SUITE,
                                                 expect_tag_pattern_no_string,
                                                 66},
                                                {test_server,ts_tc,1794},
                                                {test_server,
                                                 run_test_case_eval1,1303},
                                                {test_server,
                                                 run_test_case_eval,1235}]
=elapsed       0.201506s
=== *** FAILED test case 4 of 6 ***
=case          ct_telnet_faulty_regexp_SUITE:expect_pattern_unicode
=logfile       ct_telnet_faulty_regexp_suite.expect_pattern_unicode.html
=started       2024-10-28 17:51:19
=ended         2024-10-28 17:51:19
=result        ok
=elapsed       0.301566s
=case          ct_telnet_faulty_regexp_SUITE:expect_tag_pattern_unicode
=logfile       ct_telnet_faulty_regexp_suite.expect_tag_pattern_unicode.html
=started       2024-10-28 17:51:19
=ended         2024-10-28 17:51:20
=result        ok
=elapsed       0.301504s
=case          ct_telnet_faulty_regexp_SUITE:end_per_suite
=logfile       ct_telnet_faulty_regexp_suite.end_per_suite.html
=started       2024-10-28 17:51:20
=ended         2024-10-28 17:51:20
=result        ok
=elapsed       0.000000s
=group_time    3.460s
=== TEST COMPLETE, 2 ok, 4 failed of 6 test cases

=finished      2024-10-28 17:51:20
=failed        4
=successful    2
=user_skipped  0
=auto_skipped  0
=elapsed_time  3527981
