=== Suite started at 2024-10-28 22:20:36
=== Starting test, 12 test cases
=cases         12
=user          otptest
=host          3ab6de50d313
=hosts         3ab6de50d313 
=emulator_vsn  15.1.2
=emulator      beam
=otp_release   28
=started       2024-10-28 22:20:36
=case          groups_spec_1_SUITE:init_per_suite
=logfile       groups_spec_1_suite.init_per_suite.html
=started       2024-10-28 22:20:36
=ended         2024-10-28 22:20:36
=result        ok
=elapsed       0.000000s
=case          groups_spec_1_SUITE:init_per_group
=logfile       groups_spec_1_suite.init_per_group.html
=group_props   [{name,g2}]
=started       2024-10-28 22:20:36
=ended         2024-10-28 22:20:36
=result        ok
=elapsed       0.000270s
=case          groups_spec_1_SUITE:t21
=logfile       groups_spec_1_suite.t21.html
=started       2024-10-28 22:20:36
=ended         2024-10-28 22:20:36
=result        ok
=elapsed       0.000000s
=case          groups_spec_1_SUITE:init_per_group
=logfile       groups_spec_1_suite.init_per_group.1859.html
=group_props   [{name,g3},parallel]
=started       2024-10-28 22:20:36
=ended         2024-10-28 22:20:36
=result        ok
=elapsed       0.000295s
=case          groups_spec_1_SUITE:t31
=logfile       groups_spec_1_suite.t31.3170.html
=started       2024-10-28 22:20:36
=ended         2024-10-28 22:20:36
=result        ok
=elapsed       0.000000s
=case          groups_spec_1_SUITE:t32
=logfile       groups_spec_1_suite.t32.3202.html
=started       2024-10-28 22:20:36
=ended         2024-10-28 22:20:36
=result        failed: crashes, [{groups_spec_1_SUITE,t32,109},
                                 {test_server,ts_tc,1794},
                                 {test_server,run_test_case_eval1,1303},
                                 {test_server,run_test_case_eval,1235}]
=elapsed       0.000003s
=== *** FAILED test case 3 of 12 ***
=case          groups_spec_1_SUITE:t33
=logfile       groups_spec_1_suite.t33.3234.html
=started       2024-10-28 22:20:36
=ended         2024-10-28 22:20:36
=result        ok
=elapsed       0.000000s
=case          groups_spec_1_SUITE:end_per_group
=logfile       groups_spec_1_suite.end_per_group.html
=group_props   [{name,g3},parallel]
=started       2024-10-28 22:20:37
=ended         2024-10-28 22:20:37
=result        ok
=elapsed       0.000286s
=group_time    0.061s
=case          groups_spec_1_SUITE:t22
=logfile       groups_spec_1_suite.t22.html
=started       2024-10-28 22:20:37
=ended         2024-10-28 22:20:37
=result        failed: crashes, [{groups_spec_1_SUITE,t22,102},
                                 {test_server,ts_tc,1794},
                                 {test_server,run_test_case_eval1,1303},
                                 {test_server,run_test_case_eval,1235}]
=elapsed       0.000003s
=== *** FAILED test case 5 of 12 ***
=case          groups_spec_1_SUITE:init_per_group
=logfile       groups_spec_1_suite.init_per_group.1891.html
=group_props   [{name,g4}]
=started       2024-10-28 22:20:37
=ended         2024-10-28 22:20:37
=result        ok
=elapsed       0.000326s
=case          groups_spec_1_SUITE:t41
=logfile       groups_spec_1_suite.t41.html
=started       2024-10-28 22:20:37
=ended         2024-10-28 22:20:37
=result        ok
=elapsed       0.000000s
=case          groups_spec_1_SUITE:init_per_group
=logfile       groups_spec_1_suite.init_per_group.1923.html
=group_props   [{name,g5},parallel]
=started       2024-10-28 22:20:37
=ended         2024-10-28 22:20:37
=result        ok
=elapsed       0.000280s
=case          groups_spec_1_SUITE:t51
=logfile       groups_spec_1_suite.t51.1955.html
=started       2024-10-28 22:20:37
=ended         2024-10-28 22:20:37
=result        ok
=elapsed       0.000000s
=case          groups_spec_1_SUITE:t52
=logfile       groups_spec_1_suite.t52.1987.html
=started       2024-10-28 22:20:37
=ended         2024-10-28 22:20:39
=result        failed: timeout, [{test_server,adjusted_sleep,1966},
                                 {groups_spec_1_SUITE,t52,last_expr},
                                 {test_server,ts_tc,1794},
                                 {test_server,run_test_case_eval1,1303},
                                 {test_server,run_test_case_eval,1235}]
=elapsed       2000.000000s
=== *** FAILED test case 8 of 12 ***
=case          groups_spec_1_SUITE:t53
=logfile       groups_spec_1_suite.t53.3266.html
=started       2024-10-28 22:20:37
=ended         2024-10-28 22:20:37
=result        failed: crashes, [{groups_spec_1_SUITE,t53,123},
                                 {test_server,ts_tc,1794},
                                 {test_server,run_test_case_eval1,1303},
                                 {test_server,run_test_case_eval,1235}]
=elapsed       0.000003s
=== *** FAILED test case 9 of 12 ***
=case          groups_spec_1_SUITE:t54
=logfile       groups_spec_1_suite.t54.2019.html
=started       2024-10-28 22:20:37
=ended         2024-10-28 22:20:37
=result        ok
=elapsed       0.000000s
=case          groups_spec_1_SUITE:end_per_group
=logfile       groups_spec_1_suite.end_per_group.2051.html
=group_props   [{name,g5},parallel]
=started       2024-10-28 22:20:39
=ended         2024-10-28 22:20:39
=result        ok
=elapsed       0.000308s
=group_time    2.065s
=case          groups_spec_1_SUITE:t42
=logfile       groups_spec_1_suite.t42.html
=started       2024-10-28 22:20:39
=ended         2024-10-28 22:20:39
=result        failed: crashes, [{groups_spec_1_SUITE,t42,116},
                                 {test_server,ts_tc,1794},
                                 {test_server,run_test_case_eval1,1303},
                                 {test_server,run_test_case_eval,1235}]
=elapsed       0.000004s
=== *** FAILED test case 11 of 12 ***
=case          groups_spec_1_SUITE:end_per_group
=logfile       groups_spec_1_suite.end_per_group.3298.html
=group_props   [{name,g4}]
=started       2024-10-28 22:20:39
=ended         2024-10-28 22:20:39
=result        ok
=elapsed       0.000258s
=group_time    2.178s
=case          groups_spec_1_SUITE:t23
=logfile       groups_spec_1_suite.t23.html
=started       2024-10-28 22:20:39
=ended         2024-10-28 22:20:39
=result        ok
=elapsed       0.000000s
=case          groups_spec_1_SUITE:end_per_group
=logfile       groups_spec_1_suite.end_per_group.3330.html
=group_props   [{name,g2}]
=started       2024-10-28 22:20:39
=ended         2024-10-28 22:20:39
=result        ok
=elapsed       0.000252s
=group_time    2.409s
=case          groups_spec_1_SUITE:end_per_suite
=logfile       groups_spec_1_suite.end_per_suite.html
=started       2024-10-28 22:20:39
=ended         2024-10-28 22:20:39
=result        ok
=elapsed       0.000000s
=group_time    2.473s
=== TEST COMPLETE, 7 ok, 5 failed of 12 test cases

=finished      2024-10-28 22:20:39
=failed        5
=successful    7
=user_skipped  0
=auto_skipped  0
=elapsed_time  2537702
