=== Suite started at 2024-11-25 09:17:46
=== Starting test, 5 test cases
=cases         5
=user          otptest
=host          c3276ca3fbc7
=hosts         c3276ca3fbc7 
=emulator_vsn  15.1.2
=emulator      beam
=otp_release   28
=started       2024-11-25 09:17:46
=case          t22_SUITE:init_per_suite
=logfile       t22_suite.init_per_suite.html
=started       2024-11-25 09:17:46
=ended         2024-11-25 09:17:46
=result        ok
=elapsed       0.000010s
=case          t22_SUITE:ok_tc
=logfile       t22_suite.ok_tc.html
=started       2024-11-25 09:17:46
=ended         2024-11-25 09:17:46
=result        ok
=elapsed       0.000000s
=case          t22_SUITE:exit_tc
=logfile       t22_suite.exit_tc.html
=started       2024-11-25 09:17:46
=ended         2024-11-25 09:17:46
=result        failed: kaboom, [{t22_SUITE,exit_tc,162},
                                {test_server,ts_tc,1794},
                                {test_server,run_test_case_eval1,1303},
                                {test_server,run_test_case_eval,1235}]
=elapsed       0.000002s
=== *** FAILED test case 2 of 5 ***
=case          t22_SUITE:to_tc
=logfile       t22_suite.to_tc.html
=started       2024-11-25 09:17:46
=ended         2024-11-25 09:17:46
=result        failed: timeout, [{test_server,adjusted_sleep,1966},
                                 {t22_SUITE,to_tc,167},
                                 {test_server,ts_tc,1794},
                                 {test_server,run_test_case_eval1,1303},
                                 {test_server,run_test_case_eval,1235}]
=elapsed       1.000000s
=== *** FAILED test case 3 of 5 ***
=case          t22_SUITE:autoskip_tc
=logfile       t22_suite.autoskip_tc.html
=started       2024-11-25 09:17:46
=== ERROR! init_per_testcase crashed!
	Location: [{t22_SUITE,init_per_testcase,102},
                   {test_server,do_init_per_testcase,1564},
                   {test_server,run_test_case_eval1,1265},
                   {test_server,run_test_case_eval,1235}]
	Reason: {kaboom,[{t22_SUITE,init_per_testcase,2,
                                    [{file,"t22_SUITE.erl"},{line,102}]},
                         {test_server,do_init_per_testcase,2,
                                      [{file,"test_server.erl"},{line,1564}]},
                         {test_server,run_test_case_eval1,6,
                                      [{file,"test_server.erl"},{line,1265}]},
                         {test_server,run_test_case_eval,9,
                                      [{file,"test_server.erl"},
                                       {line,1235}]}]}

=ended         2024-11-25 09:17:46
=result        auto_skipped: {failed,
                              {t22_SUITE,init_per_testcase,
                               {kaboom,
                                [{t22_SUITE,init_per_testcase,2,
                                  [{file,"t22_SUITE.erl"},{line,102}]},
                                 {test_server,do_init_per_testcase,2,
                                  [{file,"test_server.erl"},{line,1564}]},
                                 {test_server,run_test_case_eval1,6,
                                  [{file,"test_server.erl"},{line,1265}]},
                                 {test_server,run_test_case_eval,9,
                                  [{file,"test_server.erl"},{line,1235}]}]}}}
=elapsed       0.000000s
=== *** SKIPPED test case 4 of 5 ***
=case          t22_SUITE:userskip_tc
=logfile       t22_suite.userskip_tc.html
=started       2024-11-25 09:17:46
=ended         2024-11-25 09:17:46
=result        skipped: "user skipped"
=elapsed       0.000000s
=== *** SKIPPED test case 5 of 5 ***
=case          t22_SUITE:end_per_suite
=logfile       t22_suite.end_per_suite.html
=started       2024-11-25 09:17:46
=ended         2024-11-25 09:17:47
=result        ok
=elapsed       0.000000s
=group_time    0.176s
=== TEST COMPLETE, 1 ok, 2 failed, 2 skipped of 5 test cases

=finished      2024-11-25 09:17:47
=failed        2
=successful    1
=user_skipped  1
=auto_skipped  1
=elapsed_time  244541
