=== Suite started at 2024-11-12 14:28:13
=== Starting test, 5 test cases
=cases         5
=user          otptest
=host          0dc5b4eee7ea
=hosts         0dc5b4eee7ea 
=emulator_vsn  15.1.2
=emulator      beam
=otp_release   28
=started       2024-11-12 14:28:13
=case          t21_SUITE:init_per_suite
=logfile       t21_suite.init_per_suite.html
=started       2024-11-12 14:28:13
=ended         2024-11-12 14:28:13
=result        ok
=elapsed       0.000061s
=case          t21_SUITE:ok_tc
=logfile       t21_suite.ok_tc.html
=started       2024-11-12 14:28:13
=ended         2024-11-12 14:28:13
=result        ok
=elapsed       0.000000s
=case          t21_SUITE:exit_tc
=logfile       t21_suite.exit_tc.html
=started       2024-11-12 14:28:13
=ended         2024-11-12 14:28:13
=result        failed: kaboom, [{t21_SUITE,exit_tc,184},
                                {test_server,ts_tc,1794},
                                {test_server,run_test_case_eval1,1303},
                                {test_server,run_test_case_eval,1235}]
=elapsed       0.000002s
=== *** FAILED test case 2 of 5 ***
=case          t21_SUITE:to_tc
=logfile       t21_suite.to_tc.html
=started       2024-11-12 14:28:13
=ended         2024-11-12 14:28:13
=result        failed: timeout, [{test_server,adjusted_sleep,1966},
                                 {t21_SUITE,to_tc,189},
                                 {test_server,ts_tc,1794},
                                 {test_server,run_test_case_eval1,1303},
                                 {test_server,run_test_case_eval,1235}]
=elapsed       1.000000s
=== *** FAILED test case 3 of 5 ***
=case          t21_SUITE:autoskip_tc
=logfile       t21_suite.autoskip_tc.html
=started       2024-11-12 14:28:13
=== ERROR! init_per_testcase crashed!
	Location: [{t21_SUITE,init_per_testcase,124},
                   {test_server,do_init_per_testcase,1564},
                   {test_server,run_test_case_eval1,1265},
                   {test_server,run_test_case_eval,1235}]
	Reason: {kaboom,[{t21_SUITE,init_per_testcase,2,
                                    [{file,"t21_SUITE.erl"},{line,124}]},
                         {test_server,do_init_per_testcase,2,
                                      [{file,"test_server.erl"},{line,1564}]},
                         {test_server,run_test_case_eval1,6,
                                      [{file,"test_server.erl"},{line,1265}]},
                         {test_server,run_test_case_eval,9,
                                      [{file,"test_server.erl"},
                                       {line,1235}]}]}

=ended         2024-11-12 14:28:13
=result        auto_skipped: {failed,
                              {t21_SUITE,init_per_testcase,
                               {kaboom,
                                [{t21_SUITE,init_per_testcase,2,
                                  [{file,"t21_SUITE.erl"},{line,124}]},
                                 {test_server,do_init_per_testcase,2,
                                  [{file,"test_server.erl"},{line,1564}]},
                                 {test_server,run_test_case_eval1,6,
                                  [{file,"test_server.erl"},{line,1265}]},
                                 {test_server,run_test_case_eval,9,
                                  [{file,"test_server.erl"},{line,1235}]}]}}}
=elapsed       0.000000s
=== *** SKIPPED test case 4 of 5 ***
=case          t21_SUITE:userskip_tc
=logfile       t21_suite.userskip_tc.html
=started       2024-11-12 14:28:13
=ended         2024-11-12 14:28:13
=result        skipped: "user skipped"
=elapsed       0.000000s
=== *** SKIPPED test case 5 of 5 ***
=case          t21_SUITE:end_per_suite
=logfile       t21_suite.end_per_suite.html
=started       2024-11-12 14:28:13
=ended         2024-11-12 14:28:13
=result        ok
=elapsed       0.000000s
=group_time    0.176s
=== TEST COMPLETE, 1 ok, 2 failed, 2 skipped of 5 test cases

=finished      2024-11-12 14:28:13
=failed        2
=successful    1
=user_skipped  1
=auto_skipped  1
=elapsed_time  250561
