=== Suite started at 2024-10-16 12:56:08
=== Starting test, 6 test cases
=cases         6
=user          otptest
=host          a46a33ecc1a5
=hosts         a46a33ecc1a5 
=emulator_vsn  15.1.1
=emulator      beam
=otp_release   28
=started       2024-10-16 12:56:08
=case          unicode_atoms_SUITE:init_per_suite
=logfile       unicode_atoms_suite.init_per_suite.html
=started       2024-10-16 12:56:08
=ended         2024-10-16 12:56:08
=result        ok
=elapsed       0.000000s
=case          unicode_atoms_SUITE:'test_αβ'
=logfile       unicode_atoms_suite.'test_αβ'.html
=started       2024-10-16 12:56:08
=ended         2024-10-16 12:56:08
=result        ok
=elapsed       0.000023s
=case          unicode_atoms_SUITE:'fail_αβ_1'
=logfile       unicode_atoms_suite.'fail_αβ_1'.html
=started       2024-10-16 12:56:08
=ended         2024-10-16 12:56:08
=result        failed: {{badmatch,'β'},
                        [{unicode_atoms_SUITE,'fail_αβ_1',1,
                             [{file,"unicode_atoms_SUITE.erl"},{line,65}]},
                         {test_server,ts_tc,3,
                             [{file,"test_server.erl"},{line,1794}]},
                         {test_server,run_test_case_eval1,6,
                             [{file,"test_server.erl"},{line,1303}]},
                         {test_server,run_test_case_eval,9,
                             [{file,"test_server.erl"},{line,1235}]}]}, [{unicode_atoms_SUITE,
                                                                          'fail_αβ_1',
                                                                          65},
                                                                         {test_server,
                                                                          ts_tc,
                                                                          1794},
                                                                         {test_server,
                                                                          run_test_case_eval1,
                                                                          1303},
                                                                         {test_server,
                                                                          run_test_case_eval,
                                                                          1235}]
=elapsed       0.000024s
=== *** FAILED test case 2 of 6 ***
=case          unicode_atoms_SUITE:'fail_αβ_2'
=logfile       unicode_atoms_suite.'fail_αβ_2'.html
=started       2024-10-16 12:56:08
=ended         2024-10-16 12:56:08
=result        failed: {test_case_failed,{failing,testcase,'fail_αβ_2'}}, [{unicode_atoms_SUITE,
                                                                            'fail_αβ_2',
                                                                            70},
                                                                           {test_server,
                                                                            ts_tc,
                                                                            1794},
                                                                           {test_server,
                                                                            run_test_case_eval1,
                                                                            1303},
                                                                           {test_server,
                                                                            run_test_case_eval,
                                                                            1235}]
=elapsed       0.000024s
=== *** FAILED test case 3 of 6 ***
=case          unicode_atoms_SUITE:'fail_αβ_3'
=logfile       unicode_atoms_suite.'fail_αβ_3'.html
=started       2024-10-16 12:56:08
=ended         2024-10-16 12:56:08
=result        failed: {exiting,testcase,'fail_αβ_3'}, [{unicode_atoms_SUITE,
                                                         'fail_αβ_3',75},
                                                        {test_server,ts_tc,
                                                         1794},
                                                        {test_server,
                                                         run_test_case_eval1,
                                                         1303},
                                                        {test_server,
                                                         run_test_case_eval,
                                                         1235}]
=elapsed       0.000023s
=== *** FAILED test case 4 of 6 ***
=case          unicode_atoms_SUITE:'fail_αβ_4'
=logfile       unicode_atoms_suite.'fail_αβ_4'.html
=started       2024-10-16 12:56:08
=ended         2024-10-16 12:56:08
=result        failed: {{error,testcase,'fail_αβ_4'},
                        [{unicode_atoms_SUITE,'fail_αβ_4',1,
                             [{file,"unicode_atoms_SUITE.erl"},{line,80}]},
                         {test_server,ts_tc,3,
                             [{file,"test_server.erl"},{line,1794}]},
                         {test_server,run_test_case_eval1,6,
                             [{file,"test_server.erl"},{line,1303}]},
                         {test_server,run_test_case_eval,9,
                             [{file,"test_server.erl"},{line,1235}]}]}, [{unicode_atoms_SUITE,
                                                                          'fail_αβ_4',
                                                                          80},
                                                                         {test_server,
                                                                          ts_tc,
                                                                          1794},
                                                                         {test_server,
                                                                          run_test_case_eval1,
                                                                          1303},
                                                                         {test_server,
                                                                          run_test_case_eval,
                                                                          1235}]
=elapsed       0.000023s
=== *** FAILED test case 5 of 6 ***
=case          unicode_atoms_SUITE:'skip_αβ'
=logfile       unicode_atoms_suite.'skip_αβ'.html
=started       2024-10-16 12:56:08
=ended         2024-10-16 12:56:08
=result        skipped: "Skipping skip_αβ"
=elapsed       0.000020s
=== *** SKIPPED test case 6 of 6 ***
=case          unicode_atoms_SUITE:end_per_suite
=logfile       unicode_atoms_suite.end_per_suite.html
=started       2024-10-16 12:56:08
=ended         2024-10-16 12:56:08
=result        ok
=elapsed       0.000000s
=group_time    0.200s
=== TEST COMPLETE, 1 ok, 4 failed, 1 skipped of 6 test cases

=finished      2024-10-16 12:56:08
=failed        4
=successful    1
=user_skipped  1
=auto_skipped  0
=elapsed_time  270458
