<!DOCTYPE html PUBLIC "-//W3C//DTD XHTML 1.0 Transitional//EN"
"http://www.w3.org/TR/xhtml1/DTD/xhtml1-transitional.dtd">
<html xmlns="http://www.w3.org/1999/xhtml" xml:lang="en" lang="en">
<head>
<title>Test ct_surefire_SUITE:skip_init_per_group result</title>
<meta http-equiv="cache-control" content="no-cache"></meta>
<meta http-equiv="content-type" content="text/html; charset=utf-8"></meta>
<link rel="stylesheet" href="../../ct_default.css" type="text/css"></link>
<script type="text/javascript" src="../../jquery-latest.js"></script>
<script type="text/javascript" src="../../jquery.tablesorter.min.js"></script>
</head>
<body>

<a name="top"></a><pre>
=== Test case: <a href="ct_surefire_suite.src.html#skip_init_per_group-1">ct_surefire_SUITE:skip_init_per_group/1</a> (click for source code)

=== Config value:

    [{trace_level,50},
     {ct_opts,[]},
     {ct_node,ct@ac22cca2be94},
     {path_dirs,["/buildroot/otp/lib/common_test/make_test_dir/common_test_test/ct_surefire_SUITE_data/"]},
     {watchdog,&lt;0.87542.0&gt;},
     {tc_logfile,"/buildroot/otp/lib/common_test/make_test_dir/ct_logs/ct_run.test_server@ac22cca2be94.2024-11-26_09.55.59/make_test_dir.common_test_test.logs/run.2024-11-26_09.56.02/ct_surefire_suite.skip_init_per_group.html"},
     {tc_group_properties,[]},
     {tc_group_path,[]},
     {data_dir,"/buildroot/otp/lib/common_test/make_test_dir/common_test_test/ct_surefire_SUITE_data/"},
     {priv_dir,"/buildroot/otp/lib/common_test/make_test_dir/ct_logs/ct_run.test_server@ac22cca2be94.2024-11-26_09.55.59/make_test_dir.common_test_test.logs/run.2024-11-26_09.56.02/log_private/"},
     {nodenames,[]}]

=== Current directory is "/buildroot/otp/lib/common_test/make_test_dir/ct_logs/ct_run.test_server@ac22cca2be94.2024-11-26_09.55.59"

=== Started at 2024-11-26 10:30:38

<br />
See Common Test logs here:

<a href="file:///buildroot/otp/lib/common_test/make_test_dir/ct_logs/ct_run.test_server@ac22cca2be94.2024-11-26_09.55.59/make_test_dir.common_test_test.logs/run.2024-11-26_09.56.02/log_private/all_runs.html">/buildroot/otp/lib/common_test/make_test_dir/ct_logs/ct_run.test_server@ac22cca2be94.2024-11-26_09.55.59/make_test_dir.common_test_test.logs/run.2024-11-26_09.56.02/log_private/all_runs.html</a>
<a href="file:///buildroot/otp/lib/common_test/make_test_dir/ct_logs/ct_run.test_server@ac22cca2be94.2024-11-26_09.55.59/make_test_dir.common_test_test.logs/run.2024-11-26_09.56.02/log_private/index.html">/buildroot/otp/lib/common_test/make_test_dir/ct_logs/ct_run.test_server@ac22cca2be94.2024-11-26_09.55.59/make_test_dir.common_test_test.logs/run.2024-11-26_09.56.02/log_private/index.html</a>

Event receiver &lt;20855.771.0&gt; started!


[RUN #1] Calling ct:run_test([{logdir,
                                  "/buildroot/otp/lib/common_test/make_test_dir/ct_logs/ct_run.test_server@ac22cca2be94.2024-11-26_09.55.59/make_test_dir.common_test_test.logs/run.2024-11-26_09.56.02/log_private/"},
                              {net_dir,[]},
                              {event_handler,
                                  {ct_test_support_eh,
                                      [{cbm,ct_test_support},
                                       {trace_level,50}]}},
                              {suite,
                                  ["/buildroot/otp/lib/common_test/make_test_dir/common_test_test/ct_surefire_SUITE_data/skip_init_per_group_SUITE"]},
                              {ct_hooks,
                                  [{cth_surefire,[{path,"skip_group.xml"}]}]},
                              {label,skip_init_per_group}]) on ct@ac22cca2be94


Common Test starting (cwd is /buildroot/otp/lib/common_test/make_test_dir/ct_logs/ct_run.test_server@ac22cca2be94.2024-11-26_09.55.59)


Event Handler ct_test_support_eh started with [{cbm,ct_test_support},
                                               {trace_level,50}]


Common Test: Running make in test directories...

Recompile: skip_init_per_group_SUITE

skip_init_per_group_SUITE.erl: no such file or directory

{error,make_failed}




CWD set to: "/buildroot/otp/lib/common_test/make_test_dir/ct_logs/ct_run.test_server@ac22cca2be94.2024-11-26_09.55.59/make_test_dir.common_test_test.logs/run.2024-11-26_09.56.02/log_private/ct_run.ct@ac22cca2be94.2024-11-26_10.30.38"


TEST INFO: 1 test(s), 0 case(s) in 0 suite(s)


Testing common_test_test.ct_surefire_SUITE_data.skip_init_per_group_SUITE: Starting test, 0 test cases


- - - - - - - - - - - - - - - - - - - - - - - - - - - - - - - - - - - - - - - -
Error detected: 'skip_init_per_group_SUITE cannot be compiled or loaded'
- - - - - - - - - - - - - - - - - - - - - - - - - - - - - - - - - - - - - - - -


Testing common_test_test.ct_surefire_SUITE_data.skip_init_per_group_SUITE: *** FAILED {ct_framework,error_in_suite} ***

Testing common_test_test.ct_surefire_SUITE_data.skip_init_per_group_SUITE: TEST COMPLETE, 0 ok, 0 failed of 0 test cases



</pre>
<div class="sasl"><pre><b>*** System report during ct_surefire_SUITE:skip_init_per_group/1 2024-11-26 10:30:39.953 ***</b><a id=e-945 class="link-to-entry" href="#e-945">&#x1f517;</a>
=ERROR REPORT==== 26-Nov-2024::10:30:39.952735 ===
** Generic server &lt;20855.783.0&gt; terminating 
** Last message in was {terminate,[]}
** When Server state == {state,
                            "/buildroot/otp/lib/common_test/make_test_dir/ct_logs/ct_run.test_server@ac22cca2be94.2024-11-26_09.55.59/make_test_dir.common_test_test.logs/run.2024-11-26_09.56.02/log_private/ct_run.ct@ac22cca2be94.2024-11-26_10.30.38/skip_group.xml",
                            [],[],undefined,"ac22cca2be94",undefined,
                            undefined,undefined,undefined,[],undefined,
                            {1732,613438,717013},
                            [],undefined,
                            [{testcase,
                                 "/buildroot/otp/lib/common_test/make_test_dir/ct_logs/ct_run.test_server@ac22cca2be94.2024-11-26_09.55.59/make_test_dir.common_test_test.logs/run.2024-11-26_09.56.02/log_private/ct_run.ct@ac22cca2be94.2024-11-26_10.30.38/common_test_test.ct_surefire_SUITE_data.skip_init_per_group_SUITE.logs/run.2024-11-26_10.30.38/ct_framework.error_in_suite.html",
                                 undefined,[],undefined,undefined,"undefined",
                                 "error_in_suite","0.000318",
                                 {fail,
                                     "'skip_init_per_group_SUITE cannot be compiled or loaded'"},
                                 ["2024",45,49,49,45,50,54,84,49,48,58,51,48,
                                  58,51,56]}],
                            []}
** Reason for termination ==
** {function_clause,[{timer,now_diff,
                            [{1732,613439,952698},undefined],
                            [{file,"timer.erl"},{line,672}]},
                     {cth_surefire,close_suite,1,
                                   [{file,"cth_surefire.erl"},{line,340}]},
                     {cth_surefire,terminate,1,
                                   [{file,"cth_surefire.erl"},{line,370}]},
                     {cth_surefire,handle_call,3,
                                   [{file,"cth_surefire.erl"},{line,97}]},
                     {gen_server,try_handle_call,4,
                                 [{file,"gen_server.erl"},{line,2381}]},
                     {gen_server,handle_msg,6,
                                 [{file,"gen_server.erl"},{line,2410}]},
                     {proc_lib,init_p_do_apply,3,
                               [{file,"proc_lib.erl"},{line,329}]}]}
** Client ct_util_server stacktrace
** [{gen,do_call,4,[{file,"gen.erl"},{line,260}]},
    {gen_server,call,2,[{file,"gen_server.erl"},{line,1138}]},
    {cth_surefire,terminate,1,[{file,"cth_surefire.erl"},{line,360}]},
    {ct_hooks,catch_apply,3,[{file,"ct_hooks.erl"},{line,1165}]},
    {ct_hooks,call_terminate,3,[{file,"ct_hooks.erl"},{line,861}]},
    {ct_hooks,call,4,[{file,"ct_hooks.erl"},{line,947}]},
    {ct_hooks,terminate,1,[{file,"ct_hooks.erl"},{line,739}]},
    {ct_util,loop,4,[{file,"ct_util.erl"},{line,462}]}]


</pre></div>
<pre>

</pre>
<div class="sasl"><pre><b>*** System report during ct_surefire_SUITE:skip_init_per_group/1 2024-11-26 10:30:39.956 ***</b><a id=e-946 class="link-to-entry" href="#e-946">&#x1f517;</a>
=CRASH REPORT==== 26-Nov-2024::10:30:39.952845 ===
  crasher:
    initial call: cth_surefire:init/1
    pid: &lt;20855.783.0&gt;
    registered_name: []
    exception error: no function clause matching 
                     timer:now_diff({1732,613439,952698},undefined) (timer.erl, line 672)
      in function  cth_surefire:close_suite/1 (cth_surefire.erl, line 340)
      in call from cth_surefire:terminate/1 (cth_surefire.erl, line 370)
      in call from cth_surefire:handle_call/3 (cth_surefire.erl, line 97)
      in call from gen_server:try_handle_call/4 (gen_server.erl, line 2381)
      in call from gen_server:handle_msg/6 (gen_server.erl, line 2410)
    ancestors: [ct_util_server]
    message_queue_len: 0
    messages: []
    links: []
    dictionary: [{ct_process_type,system}]
    trap_exit: false
    status: running
    heap_size: 2586
    stack_size: 29
    reductions: 2613
  neighbours:


</pre></div>
<pre>
Updating /buildroot/otp/lib/common_test/make_test_dir/ct_logs/ct_run.test_server@ac22cca2be94.2024-11-26_09.55.59/make_test_dir.common_test_test.logs/run.2024-11-26_09.56.02/log_private/index.html ... 
done

Updating /buildroot/otp/lib/common_test/make_test_dir/ct_logs/ct_run.test_server@ac22cca2be94.2024-11-26_09.55.59/make_test_dir.common_test_test.logs/run.2024-11-26_09.56.02/log_private/all_runs.html ... 
done


[RUN #1] Got return value {0,1,{0,0}} after 1768 ms

Saving start opts on ct@ac22cca2be94: [{halt_with,
                                        {ct_test_support,ct_test_halt}},
                                       {logdir,
                                        "/buildroot/otp/lib/common_test/make_test_dir/ct_logs/ct_run.test_server@ac22cca2be94.2024-11-26_09.55.59/make_test_dir.common_test_test.logs/run.2024-11-26_09.56.02/log_private/"},
                                       {net_dir,[]},
                                       {event_handler,
                                        {ct_test_support_eh,
                                         [{cbm,ct_test_support},
                                          {trace_level,50}]}},
                                       {suite,
                                        ["/buildroot/otp/lib/common_test/make_test_dir/common_test_test/ct_surefire_SUITE_data/skip_init_per_group_SUITE"]},
                                       {ct_hooks,
                                        [{cth_surefire,
                                          [{path,"skip_group.xml"}]}]},
                                       {label,skip_init_per_group}]

[RUN #2] Calling ct_run:script_start() on ct@ac22cca2be94


Common Test v1.27.3 starting (cwd is /buildroot/otp/lib/common_test/make_test_dir/ct_logs/ct_run.test_server@ac22cca2be94.2024-11-26_09.55.59)


Event Handler ct_test_support_eh started with [{cbm,ct_test_support},
                                               {trace_level,50}]


Common Test: Running make in test directories...

Recompile: skip_init_per_group_SUITE

skip_init_per_group_SUITE.erl: no such file or directory

{error,make_failed}




CWD set to: "/buildroot/otp/lib/common_test/make_test_dir/ct_logs/ct_run.test_server@ac22cca2be94.2024-11-26_09.55.59/make_test_dir.common_test_test.logs/run.2024-11-26_09.56.02/log_private/ct_run.ct@ac22cca2be94.2024-11-26_10.30.40"


TEST INFO: 1 test(s), 0 case(s) in 0 suite(s)


Testing common_test_test.ct_surefire_SUITE_data.skip_init_per_group_SUITE: Starting test, 0 test cases


- - - - - - - - - - - - - - - - - - - - - - - - - - - - - - - - - - - - - - - -
Error detected: 'skip_init_per_group_SUITE cannot be compiled or loaded'
- - - - - - - - - - - - - - - - - - - - - - - - - - - - - - - - - - - - - - - -


Testing common_test_test.ct_surefire_SUITE_data.skip_init_per_group_SUITE: *** FAILED {ct_framework,error_in_suite} ***

Testing common_test_test.ct_surefire_SUITE_data.skip_init_per_group_SUITE: TEST COMPLETE, 0 ok, 0 failed of 0 test cases



</pre>
<div class="sasl"><pre><b>*** System report during ct_surefire_SUITE:skip_init_per_group/1 2024-11-26 10:30:41.697 ***</b><a id=e-947 class="link-to-entry" href="#e-947">&#x1f517;</a>
=ERROR REPORT==== 26-Nov-2024::10:30:41.696788 ===
** Generic server &lt;20855.811.0&gt; terminating 
** Last message in was {terminate,[]}
** When Server state == {state,
                            "/buildroot/otp/lib/common_test/make_test_dir/ct_logs/ct_run.test_server@ac22cca2be94.2024-11-26_09.55.59/make_test_dir.common_test_test.logs/run.2024-11-26_09.56.02/log_private/ct_run.ct@ac22cca2be94.2024-11-26_10.30.40/skip_group.xml",
                            [],[],undefined,"ac22cca2be94",undefined,
                            undefined,undefined,undefined,[],undefined,
                            {1732,613440,460977},
                            [],undefined,
                            [{testcase,
                                 "/buildroot/otp/lib/common_test/make_test_dir/ct_logs/ct_run.test_server@ac22cca2be94.2024-11-26_09.55.59/make_test_dir.common_test_test.logs/run.2024-11-26_09.56.02/log_private/ct_run.ct@ac22cca2be94.2024-11-26_10.30.40/common_test_test.ct_surefire_SUITE_data.skip_init_per_group_SUITE.logs/run.2024-11-26_10.30.40/ct_framework.error_in_suite.html",
                                 undefined,[],undefined,undefined,"undefined",
                                 "error_in_suite","0.000341",
                                 {fail,
                                     "'skip_init_per_group_SUITE cannot be compiled or loaded'"},
                                 ["2024",45,49,49,45,50,54,84,49,48,58,51,48,
                                  58,52,48]}],
                            []}
** Reason for termination ==
** {function_clause,[{timer,now_diff,
                            [{1732,613441,696746},undefined],
                            [{file,"timer.erl"},{line,672}]},
                     {cth_surefire,close_suite,1,
                                   [{file,"cth_surefire.erl"},{line,340}]},
                     {cth_surefire,terminate,1,
                                   [{file,"cth_surefire.erl"},{line,370}]},
                     {cth_surefire,handle_call,3,
                                   [{file,"cth_surefire.erl"},{line,97}]},
                     {gen_server,try_handle_call,4,
                                 [{file,"gen_server.erl"},{line,2381}]},
                     {gen_server,handle_msg,6,
                                 [{file,"gen_server.erl"},{line,2410}]},
                     {proc_lib,init_p_do_apply,3,
                               [{file,"proc_lib.erl"},{line,329}]}]}
** Client ct_util_server stacktrace
** [{gen,do_call,4,[{file,"gen.erl"},{line,260}]},
    {gen_server,call,2,[{file,"gen_server.erl"},{line,1138}]},
    {cth_surefire,terminate,1,[{file,"cth_surefire.erl"},{line,360}]},
    {ct_hooks,catch_apply,3,[{file,"ct_hooks.erl"},{line,1165}]},
    {ct_hooks,call_terminate,3,[{file,"ct_hooks.erl"},{line,861}]},
    {ct_hooks,call,4,[{file,"ct_hooks.erl"},{line,947}]},
    {ct_hooks,terminate,1,[{file,"ct_hooks.erl"},{line,739}]},
    {ct_util,loop,4,[{file,"ct_util.erl"},{line,462}]}]


</pre></div>
<pre>

</pre>
<div class="sasl"><pre><b>*** System report during ct_surefire_SUITE:skip_init_per_group/1 2024-11-26 10:30:41.698 ***</b><a id=e-948 class="link-to-entry" href="#e-948">&#x1f517;</a>
=CRASH REPORT==== 26-Nov-2024::10:30:41.696938 ===
  crasher:
    initial call: cth_surefire:init/1
    pid: &lt;20855.811.0&gt;
    registered_name: []
    exception error: no function clause matching 
                     timer:now_diff({1732,613441,696746},undefined) (timer.erl, line 672)
      in function  cth_surefire:close_suite/1 (cth_surefire.erl, line 340)
      in call from cth_surefire:terminate/1 (cth_surefire.erl, line 370)
      in call from cth_surefire:handle_call/3 (cth_surefire.erl, line 97)
      in call from gen_server:try_handle_call/4 (gen_server.erl, line 2381)
      in call from gen_server:handle_msg/6 (gen_server.erl, line 2410)
    ancestors: [ct_util_server]
    message_queue_len: 0
    messages: []
    links: []
    dictionary: [{ct_process_type,system}]
    trap_exit: false
    status: running
    heap_size: 2586
    stack_size: 29
    reductions: 2609
  neighbours:


</pre></div>
<pre>
Updating /buildroot/otp/lib/common_test/make_test_dir/ct_logs/ct_run.test_server@ac22cca2be94.2024-11-26_09.55.59/make_test_dir.common_test_test.logs/run.2024-11-26_09.56.02/log_private/index.html ... 
done

Updating /buildroot/otp/lib/common_test/make_test_dir/ct_logs/ct_run.test_server@ac22cca2be94.2024-11-26_09.55.59/make_test_dir.common_test_test.logs/run.2024-11-26_09.56.02/log_private/all_runs.html ... 
done



[RUN #2] Got exit status value 1 after 2746 ms

Stopping event receiver!

Events written to logfile: <a href="file:///buildroot/otp/lib/common_test/make_test_dir/ct_logs/ct_run.test_server@ac22cca2be94.2024-11-26_09.55.59/make_test_dir.common_test_test.logs/run.2024-11-26_09.56.02/log_private/skip_init_per_group.events">/buildroot/otp/lib/common_test/make_test_dir/ct_logs/ct_run.test_server@ac22cca2be94.2024-11-26_09.55.59/make_test_dir.common_test_test.logs/run.2024-11-26_09.56.02/log_private/skip_init_per_group.events</a>

Found {ct_test_support_eh,start_logging,'_'}!
(I) Failed to find {ct_test_support_eh,start_info,{1,1,2}} in the list of events!


</pre>
<div class="ct_error_notify"><pre><b>*** CT Error Notification 2024-11-26 10:30:42.838 ***</b><a id=e-950 class="link-to-entry" href="#e-950">&#x1f517;</a>
ct_surefire_SUITE:do_run failed on line 165
Reason: {badmatch,{event_not_found,{ct_test_support_eh,start_info,{1...}

<a href="#end">Full error description and stacktrace</a>
</pre></div>
<pre>
<a name="end"></a>


=== Ended at 2024-11-26 10:30:42
=== Location: [{ct_surefire_SUITE,do_run,<a href="ct_surefire_suite.src.html#165">165</a>},
              {test_server,ts_tc,1794},
              {test_server,run_test_case_eval1,1303},
              {test_server,run_test_case_eval,1235}]
=== === Reason: no match of right hand side value 
                 {event_not_found,{ct_test_support_eh,start_info,{1,1,2}}}
  in function  ct_surefire_SUITE:do_run/4 (ct_surefire_SUITE.erl, line 165)
  in call from test_server:ts_tc/3 (test_server.erl, line 1794)
  in call from test_server:run_test_case_eval1/6 (test_server.erl, line 1303)
  in call from test_server:run_test_case_eval/9 (test_server.erl, line 1235)
</pre>
<center>
<br /><hr /><p>
<a href="../../../all_runs.html">Test run history
</a>  |  <a href="../../../index.html">Top level test index
</a>  |  <a href="../../../suite.log.latest.html">Latest test result</a>
</p>
<div class="copyright">Copyright &copy; 2024 <a href="http://www.erlang.org">Open Telecom Platform</a><br />
Updated: <!--date-->Tue Nov 26 2024 10:30:38<!--/date--><br />
</div>
</center>
</body>
</html>
