=== Suite started at 2024-10-28 15:27:54
=== Starting test, 6 test cases
=cases         6
=user          otptest
=host          74d7103eabd8
=hosts         74d7103eabd8 
=emulator_vsn  15.1.2
=emulator      beam
=otp_release   28
=started       2024-10-28 15:27:54
=case          ct_telnet_faulty_regexp_SUITE:init_per_suite
=logfile       ct_telnet_faulty_regexp_suite.init_per_suite.html
=started       2024-10-28 15:27:54
=ended         2024-10-28 15:27:54
=result        ok
=elapsed       0.000000s
=case          ct_telnet_faulty_regexp_SUITE:expect_pattern
=logfile       ct_telnet_faulty_regexp_suite.expect_pattern.html
=started       2024-10-28 15:27:54
=ended         2024-10-28 15:27:55
=result        failed: {{bad_pattern,"invalid(pattern",{"missing )",15}},
                        {ct_telnet,expect,3}}, [{ct_telnet,expect,663},
                                                {ct_telnet_faulty_regexp_SUITE,
                                                 expect_pattern,54},
                                                {test_server,ts_tc,1794},
                                                {test_server,
                                                 run_test_case_eval1,1303},
                                                {test_server,
                                                 run_test_case_eval,1235}]
=elapsed       0.201233s
=== *** FAILED test case 1 of 6 ***
=case          ct_telnet_faulty_regexp_SUITE:expect_pattern_no_string
=logfile       ct_telnet_faulty_regexp_suite.expect_pattern_no_string.html
=started       2024-10-28 15:27:55
=ended         2024-10-28 15:27:55
=result        failed: {{bad_pattern,invalid_pattern},{ct_telnet,expect,3}}, [{ct_telnet,
                                                                               expect,
                                                                               663},
                                                                              {ct_telnet_faulty_regexp_SUITE,
                                                                               expect_pattern_no_string,
                                                                               58},
                                                                              {test_server,
                                                                               ts_tc,
                                                                               1794},
                                                                              {test_server,
                                                                               run_test_case_eval1,
                                                                               1303},
                                                                              {test_server,
                                                                               run_test_case_eval,
                                                                               1235}]
=elapsed       0.201505s
=== *** FAILED test case 2 of 6 ***
=case          ct_telnet_faulty_regexp_SUITE:expect_tag_pattern
=logfile       ct_telnet_faulty_regexp_suite.expect_tag_pattern.html
=started       2024-10-28 15:27:55
=ended         2024-10-28 15:27:56
=result        failed: {{bad_pattern,{tag,"invalid(pattern"},{"missing )",15}},
                        {ct_telnet,expect,3}}, [{ct_telnet,expect,663},
                                                {ct_telnet_faulty_regexp_SUITE,
                                                 expect_tag_pattern,62},
                                                {test_server,ts_tc,1794},
                                                {test_server,
                                                 run_test_case_eval1,1303},
                                                {test_server,
                                                 run_test_case_eval,1235}]
=elapsed       0.200689s
=== *** FAILED test case 3 of 6 ***
=case          ct_telnet_faulty_regexp_SUITE:expect_tag_pattern_no_string
=logfile       ct_telnet_faulty_regexp_suite.expect_tag_pattern_no_string.html
=started       2024-10-28 15:27:56
=ended         2024-10-28 15:27:56
=result        failed: {{bad_pattern,{tag,invalid_pattern}},
                        {ct_telnet,expect,3}}, [{ct_telnet,expect,663},
                                                {ct_telnet_faulty_regexp_SUITE,
                                                 expect_tag_pattern_no_string,
                                                 66},
                                                {test_server,ts_tc,1794},
                                                {test_server,
                                                 run_test_case_eval1,1303},
                                                {test_server,
                                                 run_test_case_eval,1235}]
=elapsed       0.200815s
=== *** FAILED test case 4 of 6 ***
=case          ct_telnet_faulty_regexp_SUITE:expect_pattern_unicode
=logfile       ct_telnet_faulty_regexp_suite.expect_pattern_unicode.html
=started       2024-10-28 15:27:56
=ended         2024-10-28 15:27:57
=result        ok
=elapsed       0.301577s
=case          ct_telnet_faulty_regexp_SUITE:expect_tag_pattern_unicode
=logfile       ct_telnet_faulty_regexp_suite.expect_tag_pattern_unicode.html
=started       2024-10-28 15:27:57
=ended         2024-10-28 15:27:58
=result        ok
=elapsed       0.301503s
=case          ct_telnet_faulty_regexp_SUITE:end_per_suite
=logfile       ct_telnet_faulty_regexp_suite.end_per_suite.html
=started       2024-10-28 15:27:58
=ended         2024-10-28 15:27:58
=result        ok
=elapsed       0.000000s
=group_time    3.447s
=== TEST COMPLETE, 2 ok, 4 failed of 6 test cases

=finished      2024-10-28 15:27:58
=failed        4
=successful    2
=user_skipped  0
=auto_skipped  0
=elapsed_time  3515204
