<!DOCTYPE html PUBLIC "-//W3C//DTD XHTML 1.0 Transitional//EN"
"http://www.w3.org/TR/xhtml1/DTD/xhtml1-transitional.dtd">
<html xmlns="http://www.w3.org/1999/xhtml" xml:lang="en" lang="en">
<head>
<title>Test ct_surefire_SUITE:relative_path result</title>
<meta http-equiv="cache-control" content="no-cache"></meta>
<meta http-equiv="content-type" content="text/html; charset=utf-8"></meta>
<link rel="stylesheet" href="../../ct_default.css" type="text/css"></link>
<script type="text/javascript" src="../../jquery-latest.js"></script>
<script type="text/javascript" src="../../jquery.tablesorter.min.js"></script>
</head>
<body>

<a name="top"></a><pre>
=== Test case: <a href="ct_surefire_suite.src.html#relative_path-1">ct_surefire_SUITE:relative_path/1</a> (click for source code)

=== Config value:

    [{trace_level,50},
     {ct_opts,[]},
     {ct_node,ct@c3276ca3fbc7},
     {path_dirs,["/buildroot/otp/lib/common_test/make_test_dir/common_test_test/ct_surefire_SUITE_data/"]},
     {watchdog,&lt;0.87503.0&gt;},
     {tc_logfile,"/buildroot/otp/lib/common_test/make_test_dir/ct_logs/ct_run.test_server@c3276ca3fbc7.2024-11-25_08.14.36/make_test_dir.common_test_test.logs/run.2024-11-25_08.14.38/ct_surefire_suite.relative_path.html"},
     {tc_group_properties,[]},
     {tc_group_path,[]},
     {data_dir,"/buildroot/otp/lib/common_test/make_test_dir/common_test_test/ct_surefire_SUITE_data/"},
     {priv_dir,"/buildroot/otp/lib/common_test/make_test_dir/ct_logs/ct_run.test_server@c3276ca3fbc7.2024-11-25_08.14.36/make_test_dir.common_test_test.logs/run.2024-11-25_08.14.38/log_private/"},
     {nodenames,[]}]

=== Current directory is "/buildroot/otp/lib/common_test/make_test_dir/ct_logs/ct_run.test_server@c3276ca3fbc7.2024-11-25_08.14.36"

=== Started at 2024-11-25 08:48:43

<br />
See Common Test logs here:

<a href="file:///buildroot/otp/lib/common_test/make_test_dir/ct_logs/ct_run.test_server@c3276ca3fbc7.2024-11-25_08.14.36/make_test_dir.common_test_test.logs/run.2024-11-25_08.14.38/log_private/all_runs.html">/buildroot/otp/lib/common_test/make_test_dir/ct_logs/ct_run.test_server@c3276ca3fbc7.2024-11-25_08.14.36/make_test_dir.common_test_test.logs/run.2024-11-25_08.14.38/log_private/all_runs.html</a>
<a href="file:///buildroot/otp/lib/common_test/make_test_dir/ct_logs/ct_run.test_server@c3276ca3fbc7.2024-11-25_08.14.36/make_test_dir.common_test_test.logs/run.2024-11-25_08.14.38/log_private/index.html">/buildroot/otp/lib/common_test/make_test_dir/ct_logs/ct_run.test_server@c3276ca3fbc7.2024-11-25_08.14.36/make_test_dir.common_test_test.logs/run.2024-11-25_08.14.38/log_private/index.html</a>

Event receiver &lt;20982.335.0&gt; started!


[RUN #1] Calling ct:run_test([{logdir,
                                  "/buildroot/otp/lib/common_test/make_test_dir/ct_logs/ct_run.test_server@c3276ca3fbc7.2024-11-25_08.14.36/make_test_dir.common_test_test.logs/run.2024-11-25_08.14.38/log_private/"},
                              {net_dir,[]},
                              {event_handler,
                                  {ct_test_support_eh,
                                      [{cbm,ct_test_support},
                                       {trace_level,50}]}},
                              {suite,
                                  "/buildroot/otp/lib/common_test/make_test_dir/common_test_test/ct_surefire_SUITE_data/surefire_SUITE"},
                              {ct_hooks,
                                  [{cth_surefire,[{path,"relpath.xml"}]}]},
                              {label,relative_path}]) on ct@c3276ca3fbc7


Common Test starting (cwd is /buildroot/otp/lib/common_test/make_test_dir/ct_logs/ct_run.test_server@c3276ca3fbc7.2024-11-25_08.14.36)


Event Handler ct_test_support_eh started with [{cbm,ct_test_support},
                                               {trace_level,50}]


Common Test: Running make in test directories...


CWD set to: "/buildroot/otp/lib/common_test/make_test_dir/ct_logs/ct_run.test_server@c3276ca3fbc7.2024-11-25_08.14.36/make_test_dir.common_test_test.logs/run.2024-11-25_08.14.38/log_private/ct_run.ct@c3276ca3fbc7.2024-11-25_08.48.43"


TEST INFO: 1 test(s), 11 case(s) in 1 suite(s)


Testing common_test_test.ct_surefire_SUITE_data.surefire_SUITE: Starting test, 11 test cases


- - - - - - - - - - - - - - - - - - - - - - - - - - - - - - - - - - - - - - - -
test_server:ts_tc failed on line 1794
Reason: {test_case_failed,this test should fail}
- - - - - - - - - - - - - - - - - - - - - - - - - - - - - - - - - - - - - - - -


Testing common_test_test.ct_surefire_SUITE_data.surefire_SUITE: *** FAILED test case 2 of 11 ***


- - - - - - - - - - - - - - - - - - - - - - - - - - - - - - - - - - - - - - - -
surefire_SUITE:tc_badmatch failed on line 89
Reason: {badmatch,nok}
- - - - - - - - - - - - - - - - - - - - - - - - - - - - - - - - - - - - - - - -


Testing common_test_test.ct_surefire_SUITE_data.surefire_SUITE: *** FAILED test case 3 of 11 ***

Testing common_test_test.ct_surefire_SUITE_data.surefire_SUITE: *** SKIPPED test case 4 of 11 ***

Testing common_test_test.ct_surefire_SUITE_data.surefire_SUITE: *** SKIPPED test case 5 of 11 ***


- - - - - - - - - - - - - - - - - - - - - - - - - - - - - - - - - - - - - - - -
test_server:ts_tc failed on line 1794
Reason: {test_case_failed,this test should fail}
- - - - - - - - - - - - - - - - - - - - - - - - - - - - - - - - - - - - - - - -


Testing common_test_test.ct_surefire_SUITE_data.surefire_SUITE: *** FAILED test case 7 of 11 ***


- - - - - - - - - - - - - - - - - - - - - - - - - - - - - - - - - - - - - - - -
surefire_SUITE:tc_badmatch failed on line 89
Reason: {badmatch,nok}
- - - - - - - - - - - - - - - - - - - - - - - - - - - - - - - - - - - - - - - -


Testing common_test_test.ct_surefire_SUITE_data.surefire_SUITE: *** FAILED test case 8 of 11 ***

Testing common_test_test.ct_surefire_SUITE_data.surefire_SUITE: *** SKIPPED test case 9 of 11 ***

Testing common_test_test.ct_surefire_SUITE_data.surefire_SUITE: *** SKIPPED test case 10 of 11 ***


- - - - - - - - - - - - - - - - - - - - - - - - - - - - - - - - - - - - - - - -
surefire_SUITE:init_per_group failed
Reason: all_cases_should_be_skipped
- - - - - - - - - - - - - - - - - - - - - - - - - - - - - - - - - - - - - - - -


Testing common_test_test.ct_surefire_SUITE_data.surefire_SUITE: *** FAILED {surefire_SUITE,init_per_group} ***

Testing common_test_test.ct_surefire_SUITE_data.surefire_SUITE: TEST COMPLETE, 2 ok, 4 failed, 5 skipped of 11 test cases


Updating /buildroot/otp/lib/common_test/make_test_dir/ct_logs/ct_run.test_server@c3276ca3fbc7.2024-11-25_08.14.36/make_test_dir.common_test_test.logs/run.2024-11-25_08.14.38/log_private/index.html ... 
done

Updating /buildroot/otp/lib/common_test/make_test_dir/ct_logs/ct_run.test_server@c3276ca3fbc7.2024-11-25_08.14.36/make_test_dir.common_test_test.logs/run.2024-11-25_08.14.38/log_private/all_runs.html ... 
done


[RUN #1] Got return value {2,4,{2,3}} after 2071 ms

Saving start opts on ct@c3276ca3fbc7: [{halt_with,
                                        {ct_test_support,ct_test_halt}},
                                       {logdir,
                                        "/buildroot/otp/lib/common_test/make_test_dir/ct_logs/ct_run.test_server@c3276ca3fbc7.2024-11-25_08.14.36/make_test_dir.common_test_test.logs/run.2024-11-25_08.14.38/log_private/"},
                                       {net_dir,[]},
                                       {event_handler,
                                        {ct_test_support_eh,
                                         [{cbm,ct_test_support},
                                          {trace_level,50}]}},
                                       {suite,
                                        "/buildroot/otp/lib/common_test/make_test_dir/common_test_test/ct_surefire_SUITE_data/surefire_SUITE"},
                                       {ct_hooks,
                                        [{cth_surefire,
                                          [{path,"relpath.xml"}]}]},
                                       {label,relative_path}]

[RUN #2] Calling ct_run:script_start() on ct@c3276ca3fbc7


Common Test v1.27.3 starting (cwd is /buildroot/otp/lib/common_test/make_test_dir/ct_logs/ct_run.test_server@c3276ca3fbc7.2024-11-25_08.14.36)


Event Handler ct_test_support_eh started with [{cbm,ct_test_support},
                                               {trace_level,50}]


Common Test: Running make in test directories...


CWD set to: "/buildroot/otp/lib/common_test/make_test_dir/ct_logs/ct_run.test_server@c3276ca3fbc7.2024-11-25_08.14.36/make_test_dir.common_test_test.logs/run.2024-11-25_08.14.38/log_private/ct_run.ct@c3276ca3fbc7.2024-11-25_08.48.45"


TEST INFO: 1 test(s), 11 case(s) in 1 suite(s)


Testing common_test_test.ct_surefire_SUITE_data.surefire_SUITE: Starting test, 11 test cases


- - - - - - - - - - - - - - - - - - - - - - - - - - - - - - - - - - - - - - - -
test_server:ts_tc failed on line 1794
Reason: {test_case_failed,this test should fail}
- - - - - - - - - - - - - - - - - - - - - - - - - - - - - - - - - - - - - - - -


Testing common_test_test.ct_surefire_SUITE_data.surefire_SUITE: *** FAILED test case 2 of 11 ***


- - - - - - - - - - - - - - - - - - - - - - - - - - - - - - - - - - - - - - - -
surefire_SUITE:tc_badmatch failed on line 89
Reason: {badmatch,nok}
- - - - - - - - - - - - - - - - - - - - - - - - - - - - - - - - - - - - - - - -


Testing common_test_test.ct_surefire_SUITE_data.surefire_SUITE: *** FAILED test case 3 of 11 ***

Testing common_test_test.ct_surefire_SUITE_data.surefire_SUITE: *** SKIPPED test case 4 of 11 ***

Testing common_test_test.ct_surefire_SUITE_data.surefire_SUITE: *** SKIPPED test case 5 of 11 ***


- - - - - - - - - - - - - - - - - - - - - - - - - - - - - - - - - - - - - - - -
test_server:ts_tc failed on line 1794
Reason: {test_case_failed,this test should fail}
- - - - - - - - - - - - - - - - - - - - - - - - - - - - - - - - - - - - - - - -


Testing common_test_test.ct_surefire_SUITE_data.surefire_SUITE: *** FAILED test case 7 of 11 ***


- - - - - - - - - - - - - - - - - - - - - - - - - - - - - - - - - - - - - - - -
surefire_SUITE:tc_badmatch failed on line 89
Reason: {badmatch,nok}
- - - - - - - - - - - - - - - - - - - - - - - - - - - - - - - - - - - - - - - -


Testing common_test_test.ct_surefire_SUITE_data.surefire_SUITE: *** FAILED test case 8 of 11 ***

Testing common_test_test.ct_surefire_SUITE_data.surefire_SUITE: *** SKIPPED test case 9 of 11 ***

Testing common_test_test.ct_surefire_SUITE_data.surefire_SUITE: *** SKIPPED test case 10 of 11 ***


- - - - - - - - - - - - - - - - - - - - - - - - - - - - - - - - - - - - - - - -
surefire_SUITE:init_per_group failed
Reason: all_cases_should_be_skipped
- - - - - - - - - - - - - - - - - - - - - - - - - - - - - - - - - - - - - - - -


Testing common_test_test.ct_surefire_SUITE_data.surefire_SUITE: *** FAILED {surefire_SUITE,init_per_group} ***

Testing common_test_test.ct_surefire_SUITE_data.surefire_SUITE: TEST COMPLETE, 2 ok, 4 failed, 5 skipped of 11 test cases


Updating /buildroot/otp/lib/common_test/make_test_dir/ct_logs/ct_run.test_server@c3276ca3fbc7.2024-11-25_08.14.36/make_test_dir.common_test_test.logs/run.2024-11-25_08.14.38/log_private/index.html ... 
done

Updating /buildroot/otp/lib/common_test/make_test_dir/ct_logs/ct_run.test_server@c3276ca3fbc7.2024-11-25_08.14.36/make_test_dir.common_test_test.logs/run.2024-11-25_08.14.38/log_private/all_runs.html ... 
done



[RUN #2] Got exit status value 1 after 3099 ms

Stopping event receiver!

Events written to logfile: <a href="file:///buildroot/otp/lib/common_test/make_test_dir/ct_logs/ct_run.test_server@c3276ca3fbc7.2024-11-25_08.14.36/make_test_dir.common_test_test.logs/run.2024-11-25_08.14.38/log_private/relative_path.events">/buildroot/otp/lib/common_test/make_test_dir/ct_logs/ct_run.test_server@c3276ca3fbc7.2024-11-25_08.14.36/make_test_dir.common_test_test.logs/run.2024-11-25_08.14.38/log_private/relative_path.events</a>

Found {ct_test_support_eh,start_logging,'_'}!
Found {ct_test_support_eh,start_info,{1,1,11}}!
Found {ct_test_support_eh,tc_start,{surefire_SUITE,init_per_suite}}!
Found {ct_test_support_eh,tc_done,{surefire_SUITE,init_per_suite,ok}}!
Found {ct_test_support_eh,tc_start,{surefire_SUITE,tc_ok}}!
Found {ct_test_support_eh,tc_done,{surefire_SUITE,tc_ok,ok}}!
Found {ct_test_support_eh,test_stats,{1,0,{0,0}}}!
Found {ct_test_support_eh,tc_start,{surefire_SUITE,tc_fail}}!
Found {ct_test_support_eh,tc_done,
          {surefire_SUITE,tc_fail,
              {failed,{error,{test_case_failed,"this test should fail"}}}}}!
Found {ct_test_support_eh,test_stats,{1,1,{0,0}}}!
Found {ct_test_support_eh,tc_start,{surefire_SUITE,tc_badmatch}}!
Found {ct_test_support_eh,tc_done,
          {surefire_SUITE,tc_badmatch,{failed,{error,{{badmatch,nok},'_'}}}}}!
Found {ct_test_support_eh,test_stats,{1,2,{0,0}}}!
Found {ct_test_support_eh,tc_start,{surefire_SUITE,tc_skip}}!
Found {ct_test_support_eh,tc_done,
          {surefire_SUITE,tc_skip,{skipped,"this test is skipped"}}}!
Found {ct_test_support_eh,test_stats,{1,2,{1,0}}}!
Found {ct_test_support_eh,tc_start,{surefire_SUITE,tc_autoskip_require}}!
Found {ct_test_support_eh,tc_done,
          {surefire_SUITE,tc_autoskip_require,
              {auto_skipped,{require_failed,'_'}}}}!
Found {ct_test_support_eh,test_stats,{1,2,{1,1}}}!
Found {ct_test_support_eh,tc_start,{surefire_SUITE,{init_per_group,g,[]}}}!
Found {ct_test_support_eh,tc_done,{surefire_SUITE,{init_per_group,g,[]},ok}}!
Found {ct_test_support_eh,tc_start,{surefire_SUITE,tc_ok}}!
Found {ct_test_support_eh,tc_done,{surefire_SUITE,tc_ok,ok}}!
Found {ct_test_support_eh,test_stats,{2,2,{1,1}}}!
Found {ct_test_support_eh,tc_start,{surefire_SUITE,tc_fail}}!
Found {ct_test_support_eh,tc_done,
          {surefire_SUITE,tc_fail,
              {failed,{error,{test_case_failed,"this test should fail"}}}}}!
Found {ct_test_support_eh,test_stats,{2,3,{1,1}}}!
Found {ct_test_support_eh,tc_start,{surefire_SUITE,tc_badmatch}}!
Found {ct_test_support_eh,tc_done,
          {surefire_SUITE,tc_badmatch,{failed,{error,{{badmatch,nok},'_'}}}}}!
Found {ct_test_support_eh,test_stats,{2,4,{1,1}}}!
Found {ct_test_support_eh,tc_start,{surefire_SUITE,tc_skip}}!
Found {ct_test_support_eh,tc_done,
          {surefire_SUITE,tc_skip,{skipped,"this test is skipped"}}}!
Found {ct_test_support_eh,test_stats,{2,4,{2,1}}}!
Found {ct_test_support_eh,tc_start,{surefire_SUITE,tc_autoskip_require}}!
Found {ct_test_support_eh,tc_done,
          {surefire_SUITE,tc_autoskip_require,
              {auto_skipped,{require_failed,'_'}}}}!
Found {ct_test_support_eh,test_stats,{2,4,{2,2}}}!
Found {ct_test_support_eh,tc_start,{surefire_SUITE,{end_per_group,g,[]}}}!
Found {ct_test_support_eh,tc_done,{surefire_SUITE,{end_per_group,g,[]},ok}}!
Found {ct_test_support_eh,tc_start,
                          {surefire_SUITE,{init_per_group,g_fail,[]}}}!
Found {ct_test_support_eh,tc_done,
          {surefire_SUITE,
              {init_per_group,g_fail,[]},
              {failed,{error,all_cases_should_be_skipped}}}}!
Found {ct_test_support_eh,tc_auto_skip,
          {surefire_SUITE,
              {tc_ok,g_fail},
              {failed,
                  {surefire_SUITE,init_per_group,
                      {'EXIT',all_cases_should_be_skipped}}}}}!
Found {ct_test_support_eh,test_stats,{2,4,{2,3}}}!
Found {ct_test_support_eh,tc_auto_skip,
          {surefire_SUITE,
              {end_per_group,g_fail},
              {failed,
                  {surefire_SUITE,init_per_group,
                      {'EXIT',all_cases_should_be_skipped}}}}}!
Found {ct_test_support_eh,tc_start,{surefire_SUITE,end_per_suite}}!
Found {ct_test_support_eh,tc_done,{surefire_SUITE,end_per_suite,ok}}!
Found {ct_test_support_eh,stop_logging,[]}!
Found {ct_test_support_eh,start_logging,'_'}!
Found {ct_test_support_eh,start_info,{1,1,11}}!
Found {ct_test_support_eh,tc_start,{surefire_SUITE,init_per_suite}}!
Found {ct_test_support_eh,tc_done,{surefire_SUITE,init_per_suite,ok}}!
Found {ct_test_support_eh,tc_start,{surefire_SUITE,tc_ok}}!
Found {ct_test_support_eh,tc_done,{surefire_SUITE,tc_ok,ok}}!
Found {ct_test_support_eh,test_stats,{1,0,{0,0}}}!
Found {ct_test_support_eh,tc_start,{surefire_SUITE,tc_fail}}!
Found {ct_test_support_eh,tc_done,
          {surefire_SUITE,tc_fail,
              {failed,{error,{test_case_failed,"this test should fail"}}}}}!
Found {ct_test_support_eh,test_stats,{1,1,{0,0}}}!
Found {ct_test_support_eh,tc_start,{surefire_SUITE,tc_badmatch}}!
Found {ct_test_support_eh,tc_done,
          {surefire_SUITE,tc_badmatch,{failed,{error,{{badmatch,nok},'_'}}}}}!
Found {ct_test_support_eh,test_stats,{1,2,{0,0}}}!
Found {ct_test_support_eh,tc_start,{surefire_SUITE,tc_skip}}!
Found {ct_test_support_eh,tc_done,
          {surefire_SUITE,tc_skip,{skipped,"this test is skipped"}}}!
Found {ct_test_support_eh,test_stats,{1,2,{1,0}}}!
Found {ct_test_support_eh,tc_start,{surefire_SUITE,tc_autoskip_require}}!
Found {ct_test_support_eh,tc_done,
          {surefire_SUITE,tc_autoskip_require,
              {auto_skipped,{require_failed,'_'}}}}!
Found {ct_test_support_eh,test_stats,{1,2,{1,1}}}!
Found {ct_test_support_eh,tc_start,{surefire_SUITE,{init_per_group,g,[]}}}!
Found {ct_test_support_eh,tc_done,{surefire_SUITE,{init_per_group,g,[]},ok}}!
Found {ct_test_support_eh,tc_start,{surefire_SUITE,tc_ok}}!
Found {ct_test_support_eh,tc_done,{surefire_SUITE,tc_ok,ok}}!
Found {ct_test_support_eh,test_stats,{2,2,{1,1}}}!
Found {ct_test_support_eh,tc_start,{surefire_SUITE,tc_fail}}!
Found {ct_test_support_eh,tc_done,
          {surefire_SUITE,tc_fail,
              {failed,{error,{test_case_failed,"this test should fail"}}}}}!
Found {ct_test_support_eh,test_stats,{2,3,{1,1}}}!
Found {ct_test_support_eh,tc_start,{surefire_SUITE,tc_badmatch}}!
Found {ct_test_support_eh,tc_done,
          {surefire_SUITE,tc_badmatch,{failed,{error,{{badmatch,nok},'_'}}}}}!
Found {ct_test_support_eh,test_stats,{2,4,{1,1}}}!
Found {ct_test_support_eh,tc_start,{surefire_SUITE,tc_skip}}!
Found {ct_test_support_eh,tc_done,
          {surefire_SUITE,tc_skip,{skipped,"this test is skipped"}}}!
Found {ct_test_support_eh,test_stats,{2,4,{2,1}}}!
Found {ct_test_support_eh,tc_start,{surefire_SUITE,tc_autoskip_require}}!
Found {ct_test_support_eh,tc_done,
          {surefire_SUITE,tc_autoskip_require,
              {auto_skipped,{require_failed,'_'}}}}!
Found {ct_test_support_eh,test_stats,{2,4,{2,2}}}!
Found {ct_test_support_eh,tc_start,{surefire_SUITE,{end_per_group,g,[]}}}!
Found {ct_test_support_eh,tc_done,{surefire_SUITE,{end_per_group,g,[]},ok}}!
Found {ct_test_support_eh,tc_start,
                          {surefire_SUITE,{init_per_group,g_fail,[]}}}!
Found {ct_test_support_eh,tc_done,
          {surefire_SUITE,
              {init_per_group,g_fail,[]},
              {failed,{error,all_cases_should_be_skipped}}}}!
Found {ct_test_support_eh,tc_auto_skip,
          {surefire_SUITE,
              {tc_ok,g_fail},
              {failed,
                  {surefire_SUITE,init_per_group,
                      {'EXIT',all_cases_should_be_skipped}}}}}!
Found {ct_test_support_eh,test_stats,{2,4,{2,3}}}!
Found {ct_test_support_eh,tc_auto_skip,
          {surefire_SUITE,
              {end_per_group,g_fail},
              {failed,
                  {surefire_SUITE,init_per_group,
                      {'EXIT',all_cases_should_be_skipped}}}}}!
Found {ct_test_support_eh,tc_start,{surefire_SUITE,end_per_suite}}!
Found {ct_test_support_eh,tc_done,{surefire_SUITE,end_per_suite,ok}}!
Found {ct_test_support_eh,stop_logging,[]}!

</pre>
<div class="default"><pre><b>*** User 2024-11-25 08:48:48.790 ***</b><a id=e-890 class="link-to-entry" href="#e-890">&#x1f517;</a>
Checking <a href="/buildroot/otp/lib/common_test/make_test_dir/ct_logs/ct_run.test_server@c3276ca3fbc7.2024-11-25_08.14.36/make_test_dir.common_test_test.logs/run.2024-11-25_08.14.38/log_private/ct_run.ct@c3276ca3fbc7.2024-11-25_08.48.43/relpath.xml">/buildroot/otp/lib/common_test/make_test_dir/ct_logs/ct_run.test_server@c3276ca3fbc7.2024-11-25_08.14.36/make_test_dir.common_test_test.logs/run.2024-11-25_08.14.38/log_private/ct_run.ct@c3276ca3fbc7.2024-11-25_08.48.43/relpath.xml</a>

</pre></div>
<pre>

</pre>
<div class="default"><pre><b>*** User 2024-11-25 08:48:48.791 ***</b><a id=e-891 class="link-to-entry" href="#e-891">&#x1f517;</a>
Expecting total:1, error:0, failure:0, skipped:1

</pre></div>
<pre>

</pre>
<div class="default"><pre><b>*** User 2024-11-25 08:48:48.791 ***</b><a id=e-892 class="link-to-entry" href="#e-892">&#x1f517;</a>
Actual    total:11, error:0, failure:4, skipped:5

</pre></div>
<pre>

</pre>
<div class="ct_error_notify"><pre><b>*** CT Error Notification 2024-11-25 08:48:48.791 ***</b><a id=e-893 class="link-to-entry" href="#e-893">&#x1f517;</a>
ct_surefire_SUITE:testsuite failed on line 361
Reason: {badmatch,{11,0,4,5}}

<a href="#end">Full error description and stacktrace</a>
</pre></div>
<pre>
<a name="end"></a>


=== Ended at 2024-11-25 08:48:48
=== Location: [{ct_surefire_SUITE,testsuite,<a href="ct_surefire_suite.src.html#361">361</a>},
              {ct_surefire_SUITE,do_check_xml,<a href="ct_surefire_suite.src.html#341">341</a>},
              {test_server,ts_tc,1794},
              {test_server,run_test_case_eval1,1303},
              {test_server,run_test_case_eval,1235}]
=== === Reason: no match of right hand side value {11,0,4,5}
  in function  ct_surefire_SUITE:testsuite/2 (ct_surefire_SUITE.erl, line 361)
  in call from ct_surefire_SUITE:do_check_xml/2 (ct_surefire_SUITE.erl, line 341)
  in call from test_server:ts_tc/3 (test_server.erl, line 1794)
  in call from test_server:run_test_case_eval1/6 (test_server.erl, line 1303)
  in call from test_server:run_test_case_eval/9 (test_server.erl, line 1235)
</pre>
<center>
<br /><hr /><p>
<a href="../../../all_runs.html">Test run history
</a>  |  <a href="../../../index.html">Top level test index
</a>  |  <a href="../../../suite.log.latest.html">Latest test result</a>
</p>
<div class="copyright">Copyright &copy; 2024 <a href="http://www.erlang.org">Open Telecom Platform</a><br />
Updated: <!--date-->Mon Nov 25 2024 08:48:43<!--/date--><br />
</div>
</center>
</body>
</html>
