=== Suite started at 2024-10-28 14:23:31
=== Starting test, 4 test cases
=cases         4
=user          otptest
=host          74d7103eabd8
=hosts         74d7103eabd8 
=emulator_vsn  15.1.2
=emulator      beam
=otp_release   28
=started       2024-10-28 14:23:31
=case          timetrap_2_SUITE:init_per_suite
=logfile       timetrap_2_suite.init_per_suite.html
=started       2024-10-28 14:23:31
=ended         2024-10-28 14:23:31
=result        ok
=elapsed       0.000000s
=case          timetrap_2_SUITE:tc0
=logfile       timetrap_2_suite.tc0.html
=started       2024-10-28 14:23:31
=ended         2024-10-28 14:23:34
=result        failed: timeout, [{test_server,adjusted_sleep,1966},
                                 {timetrap_2_SUITE,tc0,125},
                                 {test_server,ts_tc,1794},
                                 {test_server,run_test_case_eval1,1303},
                                 {test_server,run_test_case_eval,1235}]
=elapsed       3000.000000s
=== *** FAILED test case 1 of 4 ***
=case          timetrap_2_SUITE:tc1
=logfile       timetrap_2_suite.tc1.html
=started       2024-10-28 14:23:34
=ended         2024-10-28 14:23:35
=result        failed: timeout, [{test_server,adjusted_sleep,1966},
                                 {timetrap_2_SUITE,tc1,131},
                                 {test_server,ts_tc,1794},
                                 {test_server,run_test_case_eval1,1303},
                                 {test_server,run_test_case_eval,1235}]
=elapsed       1000.000000s
=== *** FAILED test case 2 of 4 ***
=case          timetrap_2_SUITE:tc2
=logfile       timetrap_2_suite.tc2.html
=started       2024-10-28 14:23:35
=ended         2024-10-28 14:23:35
=result        failed: timeout, [{test_server,adjusted_sleep,1966},
                                 {timetrap_2_SUITE,tc2,138},
                                 {test_server,ts_tc,1794},
                                 {test_server,run_test_case_eval1,1303},
                                 {test_server,run_test_case_eval,1235}]
=elapsed       500.000000s
=== *** FAILED test case 3 of 4 ***
=case          timetrap_2_SUITE:tc3
=logfile       timetrap_2_suite.tc3.html
=started       2024-10-28 14:23:35
=ended         2024-10-28 14:23:39
=result        ok
=elapsed       4.000676s
=case          timetrap_2_SUITE:end_per_suite
=logfile       timetrap_2_suite.end_per_suite.html
=started       2024-10-28 14:23:39
=ended         2024-10-28 14:23:39
=result        ok
=elapsed       0.000000s
=group_time    8.647s
=== TEST COMPLETE, 1 ok, 3 failed of 4 test cases

=finished      2024-10-28 14:23:39
=failed        3
=successful    1
=user_skipped  0
=auto_skipped  0
=elapsed_time  8702581
