=== Suite started at 2024-10-16 12:02:26
=== Starting test, 2 test cases
=cases         2
=user          otptest
=host          a46a33ecc1a5
=hosts         a46a33ecc1a5 
=emulator_vsn  15.1.1
=emulator      beam
=otp_release   28
=started       2024-10-16 12:02:26
=case          ct_no_end_config_SUITE:init_per_suite
=logfile       ct_no_end_config_suite.init_per_suite.html
=started       2024-10-16 12:02:26
=ended         2024-10-16 12:02:26
=result        ok
=elapsed       0.000000s
=case          ct_no_end_config_SUITE:test_case_1
=logfile       ct_no_end_config_suite.test_case_1.html
=started       2024-10-16 12:02:26
=ended         2024-10-16 12:02:26
=result        ok
=elapsed       0.000000s
=case          ct_no_end_config_SUITE:init_per_group
=logfile       ct_no_end_config_suite.init_per_group.html
=group_props   [{name,test_group}]
=started       2024-10-16 12:02:26
=ended         2024-10-16 12:02:26
=result        ok
=elapsed       0.000000s
=case          ct_no_end_config_SUITE:test_case_2
=logfile       ct_no_end_config_suite.test_case_2.html
=started       2024-10-16 12:02:26
=ended         2024-10-16 12:02:26
=result        ok
=elapsed       0.000000s
=case          ct_no_end_config_SUITE:end_per_group
=logfile       ct_no_end_config_suite.end_per_group.html
=group_props   [{name,test_group}]
=started       2024-10-16 12:02:26
=ended         2024-10-16 12:02:26
=result        failed: {undef,
                        [{ct_no_end_config_SUITE,end_per_group,
                          [test_group,
                           [{watchdog,<0.3421.0>},
                            {tc_group_result,
                             [{ok,[{ct_no_end_config_SUITE,test_case_2}]},
                              {skipped,[]},
                              {failed,[]}]},
                            {tc_logfile,
                             "/buildroot/otp/lib/common_test/make_test_dir/ct_logs/ct_run.test_server@a46a33ecc1a5.2024-10-16_11.40.24/make_test_dir.common_test_test.logs/run.2024-10-16_11.40.27/log_private/ct_run.ct@a46a33ecc1a5.2024-10-16_12.02.26/cth.tests.ct_no_end_config_SUITE.logs/run.2024-10-16_12.02.26/ct_no_end_config_suite.end_per_group.html"},
                            {tc_group_properties,[{name,test_group}]},
                            {tc_group_path,[]},
                            {data_dir,
                             "/buildroot/otp/lib/common_test/make_test_dir/common_test_test/ct_hooks_SUITE_data/cth/tests/ct_no_end_config_SUITE_data/"},
                            {priv_dir,
                             "/buildroot/otp/lib/common_test/make_test_dir/ct_logs/ct_run.test_server@a46a33ecc1a5.2024-10-16_11.40.24/make_test_dir.common_test_test.logs/run.2024-10-16_11.40.27/log_private/ct_run.ct@a46a33ecc1a5.2024-10-16_12.02.26/cth.tests.ct_no_end_config_SUITE.logs/run.2024-10-16_12.02.26/log_private/"}]],
                          []},
                         {test_server,ts_tc,3,
                          [{file,"test_server.erl"},{line,1794}]},
                         {test_server,run_test_case_eval1,6,
                          [{file,"test_server.erl"},{line,1391}]},
                         {test_server,run_test_case_eval,9,
                          [{file,"test_server.erl"},{line,1235}]}]}, [{ct_no_end_config_SUITE,
                                                                       end_per_group},
                                                                      {test_server,
                                                                       ts_tc,
                                                                       1794},
                                                                      {test_server,
                                                                       run_test_case_eval1,
                                                                       1391},
                                                                      {test_server,
                                                                       run_test_case_eval,
                                                                       1235}]
=elapsed       0.000004s
=== *** FAILED {ct_no_end_config_SUITE,end_per_group} ***
=group_time    0.055s
=case          ct_no_end_config_SUITE:end_per_suite
=logfile       ct_no_end_config_suite.end_per_suite.html
=started       2024-10-16 12:02:26
=ended         2024-10-16 12:02:26
=result        failed: {undef,
                        [{ct_no_end_config_SUITE,end_per_suite,
                          [[{watchdog,<0.3423.0>},
                            {tc_group_result,
                             [{ok,[{ct_no_end_config_SUITE,test_case_1}]},
                              {skipped,[]},
                              {failed,[]}]},
                            {tc_logfile,
                             "/buildroot/otp/lib/common_test/make_test_dir/ct_logs/ct_run.test_server@a46a33ecc1a5.2024-10-16_11.40.24/make_test_dir.common_test_test.logs/run.2024-10-16_11.40.27/log_private/ct_run.ct@a46a33ecc1a5.2024-10-16_12.02.26/cth.tests.ct_no_end_config_SUITE.logs/run.2024-10-16_12.02.26/ct_no_end_config_suite.end_per_suite.html"},
                            {tc_group_properties,[]},
                            {tc_group_path,[]},
                            {data_dir,
                             "/buildroot/otp/lib/common_test/make_test_dir/common_test_test/ct_hooks_SUITE_data/cth/tests/ct_no_end_config_SUITE_data/"},
                            {priv_dir,
                             "/buildroot/otp/lib/common_test/make_test_dir/ct_logs/ct_run.test_server@a46a33ecc1a5.2024-10-16_11.40.24/make_test_dir.common_test_test.logs/run.2024-10-16_11.40.27/log_private/ct_run.ct@a46a33ecc1a5.2024-10-16_12.02.26/cth.tests.ct_no_end_config_SUITE.logs/run.2024-10-16_12.02.26/log_private/"}]],
                          []},
                         {test_server,ts_tc,3,
                          [{file,"test_server.erl"},{line,1794}]},
                         {test_server,run_test_case_eval1,6,
                          [{file,"test_server.erl"},{line,1391}]},
                         {test_server,run_test_case_eval,9,
                          [{file,"test_server.erl"},{line,1235}]}]}, [{ct_no_end_config_SUITE,
                                                                       end_per_suite},
                                                                      {test_server,
                                                                       ts_tc,
                                                                       1794},
                                                                      {test_server,
                                                                       run_test_case_eval1,
                                                                       1391},
                                                                      {test_server,
                                                                       run_test_case_eval,
                                                                       1235}]
=elapsed       0.000004s
=== *** FAILED {ct_no_end_config_SUITE,end_per_suite} ***
=group_time    0.142s
=== TEST COMPLETE, 2 ok, 0 failed of 2 test cases

=finished      2024-10-16 12:02:26
=failed        0
=successful    2
=user_skipped  0
=auto_skipped  0
=elapsed_time  201136
