=== Suite started at 2024-11-12 13:49:43
=== Starting test, 12 test cases
=cases         12
=user          otptest
=host          0dc5b4eee7ea
=hosts         0dc5b4eee7ea 
=emulator_vsn  15.1.2
=emulator      beam
=otp_release   28
=started       2024-11-12 13:49:43
=case          groups_spec_1_SUITE:init_per_suite
=logfile       groups_spec_1_suite.init_per_suite.html
=started       2024-11-12 13:49:43
=ended         2024-11-12 13:49:43
=result        ok
=elapsed       0.000000s
=case          groups_spec_1_SUITE:init_per_group
=logfile       groups_spec_1_suite.init_per_group.html
=group_props   [{name,g2}]
=started       2024-11-12 13:49:43
=ended         2024-11-12 13:49:43
=result        ok
=elapsed       0.000232s
=case          groups_spec_1_SUITE:t21
=logfile       groups_spec_1_suite.t21.html
=started       2024-11-12 13:49:43
=ended         2024-11-12 13:49:43
=result        ok
=elapsed       0.000000s
=case          groups_spec_1_SUITE:init_per_group
=logfile       groups_spec_1_suite.init_per_group.4290.html
=group_props   [{name,g3},parallel]
=started       2024-11-12 13:49:43
=ended         2024-11-12 13:49:43
=result        ok
=elapsed       0.000303s
=case          groups_spec_1_SUITE:t31
=logfile       groups_spec_1_suite.t31.4322.html
=started       2024-11-12 13:49:43
=ended         2024-11-12 13:49:43
=result        ok
=elapsed       0.000000s
=case          groups_spec_1_SUITE:t32
=logfile       groups_spec_1_suite.t32.4354.html
=started       2024-11-12 13:49:43
=ended         2024-11-12 13:49:43
=result        failed: crashes, [{groups_spec_1_SUITE,t32,109},
                                 {test_server,ts_tc,1794},
                                 {test_server,run_test_case_eval1,1303},
                                 {test_server,run_test_case_eval,1235}]
=elapsed       0.000003s
=== *** FAILED test case 3 of 12 ***
=case          groups_spec_1_SUITE:t33
=logfile       groups_spec_1_suite.t33.995.html
=started       2024-11-12 13:49:43
=ended         2024-11-12 13:49:43
=result        ok
=elapsed       0.000000s
=case          groups_spec_1_SUITE:end_per_group
=logfile       groups_spec_1_suite.end_per_group.html
=group_props   [{name,g3},parallel]
=started       2024-11-12 13:49:43
=ended         2024-11-12 13:49:43
=result        ok
=elapsed       0.000253s
=group_time    0.064s
=case          groups_spec_1_SUITE:t22
=logfile       groups_spec_1_suite.t22.html
=started       2024-11-12 13:49:43
=ended         2024-11-12 13:49:43
=result        failed: crashes, [{groups_spec_1_SUITE,t22,102},
                                 {test_server,ts_tc,1794},
                                 {test_server,run_test_case_eval1,1303},
                                 {test_server,run_test_case_eval,1235}]
=elapsed       0.000003s
=== *** FAILED test case 5 of 12 ***
=case          groups_spec_1_SUITE:init_per_group
=logfile       groups_spec_1_suite.init_per_group.1027.html
=group_props   [{name,g4}]
=started       2024-11-12 13:49:43
=ended         2024-11-12 13:49:43
=result        ok
=elapsed       0.000254s
=case          groups_spec_1_SUITE:t41
=logfile       groups_spec_1_suite.t41.html
=started       2024-11-12 13:49:43
=ended         2024-11-12 13:49:43
=result        ok
=elapsed       0.000000s
=case          groups_spec_1_SUITE:init_per_group
=logfile       groups_spec_1_suite.init_per_group.1059.html
=group_props   [{name,g5},parallel]
=started       2024-11-12 13:49:43
=ended         2024-11-12 13:49:43
=result        ok
=elapsed       0.000258s
=case          groups_spec_1_SUITE:t51
=logfile       groups_spec_1_suite.t51.1091.html
=started       2024-11-12 13:49:43
=ended         2024-11-12 13:49:43
=result        ok
=elapsed       0.000000s
=case          groups_spec_1_SUITE:t52
=logfile       groups_spec_1_suite.t52.1123.html
=started       2024-11-12 13:49:43
=ended         2024-11-12 13:49:45
=result        failed: timeout, [{test_server,adjusted_sleep,1966},
                                 {groups_spec_1_SUITE,t52,last_expr},
                                 {test_server,ts_tc,1794},
                                 {test_server,run_test_case_eval1,1303},
                                 {test_server,run_test_case_eval,1235}]
=elapsed       2000.000000s
=== *** FAILED test case 8 of 12 ***
=case          groups_spec_1_SUITE:t53
=logfile       groups_spec_1_suite.t53.4418.html
=started       2024-11-12 13:49:43
=ended         2024-11-12 13:49:43
=result        failed: crashes, [{groups_spec_1_SUITE,t53,123},
                                 {test_server,ts_tc,1794},
                                 {test_server,run_test_case_eval1,1303},
                                 {test_server,run_test_case_eval,1235}]
=elapsed       0.000004s
=== *** FAILED test case 9 of 12 ***
=case          groups_spec_1_SUITE:t54
=logfile       groups_spec_1_suite.t54.4386.html
=started       2024-11-12 13:49:43
=ended         2024-11-12 13:49:43
=result        ok
=elapsed       0.000000s
=case          groups_spec_1_SUITE:end_per_group
=logfile       groups_spec_1_suite.end_per_group.4450.html
=group_props   [{name,g5},parallel]
=started       2024-11-12 13:49:45
=ended         2024-11-12 13:49:45
=result        ok
=elapsed       0.000304s
=group_time    2.064s
=case          groups_spec_1_SUITE:t42
=logfile       groups_spec_1_suite.t42.html
=started       2024-11-12 13:49:45
=ended         2024-11-12 13:49:45
=result        failed: crashes, [{groups_spec_1_SUITE,t42,116},
                                 {test_server,ts_tc,1794},
                                 {test_server,run_test_case_eval1,1303},
                                 {test_server,run_test_case_eval,1235}]
=elapsed       0.000003s
=== *** FAILED test case 11 of 12 ***
=case          groups_spec_1_SUITE:end_per_group
=logfile       groups_spec_1_suite.end_per_group.1155.html
=group_props   [{name,g4}]
=started       2024-11-12 13:49:45
=ended         2024-11-12 13:49:45
=result        ok
=elapsed       0.000272s
=group_time    2.179s
=case          groups_spec_1_SUITE:t23
=logfile       groups_spec_1_suite.t23.html
=started       2024-11-12 13:49:45
=ended         2024-11-12 13:49:46
=result        ok
=elapsed       0.000000s
=case          groups_spec_1_SUITE:end_per_group
=logfile       groups_spec_1_suite.end_per_group.1187.html
=group_props   [{name,g2}]
=started       2024-11-12 13:49:46
=ended         2024-11-12 13:49:46
=result        ok
=elapsed       0.000251s
=group_time    2.414s
=case          groups_spec_1_SUITE:end_per_suite
=logfile       groups_spec_1_suite.end_per_suite.html
=started       2024-11-12 13:49:46
=ended         2024-11-12 13:49:46
=result        ok
=elapsed       0.000000s
=group_time    2.481s
=== TEST COMPLETE, 7 ok, 5 failed of 12 test cases

=finished      2024-11-12 13:49:46
=failed        5
=successful    7
=user_skipped  0
=auto_skipped  0
=elapsed_time  2543982
