<!DOCTYPE html PUBLIC "-//W3C//DTD XHTML 1.0 Transitional//EN"
"http://www.w3.org/TR/xhtml1/DTD/xhtml1-transitional.dtd">
<html xmlns="http://www.w3.org/1999/xhtml" xml:lang="en" lang="en">
<head>
<title>Test ct_testspec_3_SUITE:rec_incl_join_separate1 result</title>
<meta http-equiv="cache-control" content="no-cache"></meta>
<meta http-equiv="content-type" content="text/html; charset=utf-8"></meta>
<link rel="stylesheet" href="../../ct_default.css" type="text/css"></link>
<script type="text/javascript" src="../../jquery-latest.js"></script>
<script type="text/javascript" src="../../jquery.tablesorter.min.js"></script>
</head>
<body>

<a name="top"></a><pre>
=== Test case: <a href="ct_testspec_3_suite.src.html#rec_incl_join_separate1-1">ct_testspec_3_SUITE:rec_incl_join_separate1/1</a> (click for source code)

=== Config value:

    [{specs_dir1,"/buildroot/otp/lib/common_test/make_test_dir/common_test_test/ct_testspec_3_SUITE_data/specs1"},
     {specs_dir2,"/buildroot/otp/lib/common_test/make_test_dir/common_test_test/ct_testspec_3_SUITE_data/specs2"},
     {trace_level,50},
     {ct_opts,[]},
     {ct_node,ct@3ab6de50d313},
     {watchdog,&lt;0.120919.0&gt;},
     {tc_logfile,"/buildroot/otp/lib/common_test/make_test_dir/ct_logs/ct_run.test_server@3ab6de50d313.2024-10-28_22.01.52/make_test_dir.common_test_test.logs/run.2024-10-28_22.01.55/ct_testspec_3_suite.rec_incl_join_separate1.html"},
     {tc_group_properties,[]},
     {tc_group_path,[]},
     {data_dir,"/buildroot/otp/lib/common_test/make_test_dir/common_test_test/ct_testspec_3_SUITE_data/"},
     {priv_dir,"/buildroot/otp/lib/common_test/make_test_dir/ct_logs/ct_run.test_server@3ab6de50d313.2024-10-28_22.01.52/make_test_dir.common_test_test.logs/run.2024-10-28_22.01.55/log_private/"},
     {nodenames,[]}]

=== Current directory is "/buildroot/otp/lib/common_test/make_test_dir/ct_logs/ct_run.test_server@3ab6de50d313.2024-10-28_22.01.52"

=== Started at 2024-10-28 23:30:28

<br />
See Common Test logs here:

<a href="file:///buildroot/otp/lib/common_test/make_test_dir/ct_logs/ct_run.test_server@3ab6de50d313.2024-10-28_22.01.52/make_test_dir.common_test_test.logs/run.2024-10-28_22.01.55/log_private/all_runs.html">/buildroot/otp/lib/common_test/make_test_dir/ct_logs/ct_run.test_server@3ab6de50d313.2024-10-28_22.01.52/make_test_dir.common_test_test.logs/run.2024-10-28_22.01.55/log_private/all_runs.html</a>
<a href="file:///buildroot/otp/lib/common_test/make_test_dir/ct_logs/ct_run.test_server@3ab6de50d313.2024-10-28_22.01.52/make_test_dir.common_test_test.logs/run.2024-10-28_22.01.55/log_private/index.html">/buildroot/otp/lib/common_test/make_test_dir/ct_logs/ct_run.test_server@3ab6de50d313.2024-10-28_22.01.52/make_test_dir.common_test_test.logs/run.2024-10-28_22.01.55/log_private/index.html</a>

Event receiver &lt;20866.10606.0&gt; started!


[RUN #1] Calling ct:run_test([{logdir,
                                  "/buildroot/otp/lib/common_test/make_test_dir/ct_logs/ct_run.test_server@3ab6de50d313.2024-10-28_22.01.52/make_test_dir.common_test_test.logs/run.2024-10-28_22.01.55/log_private/"},
                              {net_dir,[]},
                              {userconfig,
                                  {ct_testspec_3_SUITE,
                                      "rec_incl_join_separate1"}},
                              {spec,
                                  ["/buildroot/otp/lib/common_test/make_test_dir/common_test_test/ct_testspec_3_SUITE_data/specs1/rec_spec_join_sep1",
                                   "/buildroot/otp/lib/common_test/make_test_dir/common_test_test/ct_testspec_3_SUITE_data/specs2/rec_spec_join_sep2"]},
                              {label,rec_incl_join_separate1},
                              {event_handler,
                                  {ct_test_support_eh,
                                      [{cbm,ct_test_support},
                                       {trace_level,50}]}}]) on ct@3ab6de50d313


Common Test starting (cwd is /buildroot/otp/lib/common_test/make_test_dir/ct_logs/ct_run.test_server@3ab6de50d313.2024-10-28_22.01.52)


Event Handler ct_test_support_eh started with [{cbm,ct_test_support},
                                               {trace_level,50}]


Common Test: Running make in test directories...


CWD set to: "/buildroot/otp/lib/common_test/make_test_dir/ct_logs/ct_run.test_server@3ab6de50d313.2024-10-28_22.01.52/make_test_dir.common_test_test.logs/run.2024-10-28_22.01.55/log_private/ct_run.ct@3ab6de50d313.2024-10-28_23.30.28"


TEST INFO: 2 test(s), 10 case(s) in 2 suite(s)


Testing ct_testspec_3_SUITE_data.tests2.t23_SUITE: Starting test, 5 test cases


- - - - - - - - - - - - - - - - - - - - - - - - - - - - - - - - - - - - - - - -
t23_SUITE:exit_tc failed on line 143
Reason: kaboom
- - - - - - - - - - - - - - - - - - - - - - - - - - - - - - - - - - - - - - - -


Testing ct_testspec_3_SUITE_data.tests2.t23_SUITE: *** FAILED test case 2 of 5 ***


- - - - - - - - - - - - - - - - - - - - - - - - - - - - - - - - - - - - - - - -
test_server:adjusted_sleep failed on line 1966
Reason: {timetrap_timeout,1}
- - - - - - - - - - - - - - - - - - - - - - - - - - - - - - - - - - - - - - - -


Testing ct_testspec_3_SUITE_data.tests2.t23_SUITE: *** FAILED test case 3 of 5 ***

Testing ct_testspec_3_SUITE_data.tests2.t23_SUITE: *** SKIPPED test case 4 of 5 ***

Testing ct_testspec_3_SUITE_data.tests2.t23_SUITE: *** SKIPPED test case 5 of 5 ***

Testing ct_testspec_3_SUITE_data.tests2.t23_SUITE: TEST COMPLETE, 1 ok, 2 failed, 2 skipped of 5 test cases


Testing ct_testspec_3_SUITE_data.tests2.t22_SUITE: Starting test, 5 test cases


- - - - - - - - - - - - - - - - - - - - - - - - - - - - - - - - - - - - - - - -
t22_SUITE:exit_tc failed on line 162
Reason: kaboom
- - - - - - - - - - - - - - - - - - - - - - - - - - - - - - - - - - - - - - - -


Testing ct_testspec_3_SUITE_data.tests2.t22_SUITE: *** FAILED test case 2 of 5 ***


- - - - - - - - - - - - - - - - - - - - - - - - - - - - - - - - - - - - - - - -
test_server:adjusted_sleep failed on line 1966
Reason: {timetrap_timeout,1}
- - - - - - - - - - - - - - - - - - - - - - - - - - - - - - - - - - - - - - - -


Testing ct_testspec_3_SUITE_data.tests2.t22_SUITE: *** FAILED test case 3 of 5 ***

Testing ct_testspec_3_SUITE_data.tests2.t22_SUITE: *** SKIPPED test case 4 of 5 ***

Testing ct_testspec_3_SUITE_data.tests2.t22_SUITE: *** SKIPPED test case 5 of 5 ***

Testing ct_testspec_3_SUITE_data.tests2.t22_SUITE: TEST COMPLETE, 1 ok, 2 failed, 2 skipped of 5 test cases


Updating /buildroot/otp/lib/common_test/make_test_dir/ct_logs/ct_run.test_server@3ab6de50d313.2024-10-28_22.01.52/make_test_dir.common_test_test.logs/run.2024-10-28_22.01.55/log_private/index.html ... 
done

Updating /buildroot/otp/lib/common_test/make_test_dir/ct_logs/ct_run.test_server@3ab6de50d313.2024-10-28_22.01.52/make_test_dir.common_test_test.logs/run.2024-10-28_22.01.55/log_private/all_runs.html ... 
done

Event Handler ct_test_support_eh started with [{cbm,ct_test_support},
                                               {trace_level,50}]


Common Test: Running make in test directories...


CWD set to: "/buildroot/otp/lib/common_test/make_test_dir/ct_logs/ct_run.test_server@3ab6de50d313.2024-10-28_22.01.52/make_test_dir.common_test_test.logs/run.2024-10-28_22.01.55/log_private/ct_run.ct@3ab6de50d313.2024-10-28_23.30.32"


TEST INFO: 3 test(s), 15 case(s) in 2 suite(s)


Testing ct_testspec_3_SUITE_data.tests1.t12_SUITE: Starting test, 5 test cases


- - - - - - - - - - - - - - - - - - - - - - - - - - - - - - - - - - - - - - - -
t12_SUITE:exit_tc failed on line 160
Reason: kaboom
- - - - - - - - - - - - - - - - - - - - - - - - - - - - - - - - - - - - - - - -


Testing ct_testspec_3_SUITE_data.tests1.t12_SUITE: *** FAILED test case 2 of 5 ***


- - - - - - - - - - - - - - - - - - - - - - - - - - - - - - - - - - - - - - - -
test_server:adjusted_sleep failed on line 1966
Reason: {timetrap_timeout,1}
- - - - - - - - - - - - - - - - - - - - - - - - - - - - - - - - - - - - - - - -


Testing ct_testspec_3_SUITE_data.tests1.t12_SUITE: *** FAILED test case 3 of 5 ***

Testing ct_testspec_3_SUITE_data.tests1.t12_SUITE: *** SKIPPED test case 4 of 5 ***

Testing ct_testspec_3_SUITE_data.tests1.t12_SUITE: *** SKIPPED test case 5 of 5 ***

Testing ct_testspec_3_SUITE_data.tests1.t12_SUITE: TEST COMPLETE, 1 ok, 2 failed, 2 skipped of 5 test cases


Testing ct_testspec_3_SUITE_data.tests1.t12_SUITE: Starting test, 5 test cases


- - - - - - - - - - - - - - - - - - - - - - - - - - - - - - - - - - - - - - - -
t12_SUITE:exit_tc failed on line 160
Reason: kaboom
- - - - - - - - - - - - - - - - - - - - - - - - - - - - - - - - - - - - - - - -


Testing ct_testspec_3_SUITE_data.tests1.t12_SUITE: *** FAILED test case 2 of 5 ***


- - - - - - - - - - - - - - - - - - - - - - - - - - - - - - - - - - - - - - - -
test_server:adjusted_sleep failed on line 1966
Reason: {timetrap_timeout,1}
- - - - - - - - - - - - - - - - - - - - - - - - - - - - - - - - - - - - - - - -


Testing ct_testspec_3_SUITE_data.tests1.t12_SUITE: *** FAILED test case 3 of 5 ***

Testing ct_testspec_3_SUITE_data.tests1.t12_SUITE: *** SKIPPED test case 4 of 5 ***

Testing ct_testspec_3_SUITE_data.tests1.t12_SUITE: *** SKIPPED test case 5 of 5 ***

Testing ct_testspec_3_SUITE_data.tests1.t12_SUITE: TEST COMPLETE, 1 ok, 2 failed, 2 skipped of 5 test cases


Testing ct_testspec_3_SUITE_data.tests2.t22_SUITE: Starting test, 5 test cases


- - - - - - - - - - - - - - - - - - - - - - - - - - - - - - - - - - - - - - - -
t22_SUITE:exit_tc failed on line 162
Reason: kaboom
- - - - - - - - - - - - - - - - - - - - - - - - - - - - - - - - - - - - - - - -


Testing ct_testspec_3_SUITE_data.tests2.t22_SUITE: *** FAILED test case 2 of 5 ***


- - - - - - - - - - - - - - - - - - - - - - - - - - - - - - - - - - - - - - - -
test_server:adjusted_sleep failed on line 1966
Reason: {timetrap_timeout,1}
- - - - - - - - - - - - - - - - - - - - - - - - - - - - - - - - - - - - - - - -


Testing ct_testspec_3_SUITE_data.tests2.t22_SUITE: *** FAILED test case 3 of 5 ***

Testing ct_testspec_3_SUITE_data.tests2.t22_SUITE: *** SKIPPED test case 4 of 5 ***

Testing ct_testspec_3_SUITE_data.tests2.t22_SUITE: *** SKIPPED test case 5 of 5 ***

Testing ct_testspec_3_SUITE_data.tests2.t22_SUITE: TEST COMPLETE, 1 ok, 2 failed, 2 skipped of 5 test cases


Updating /buildroot/otp/lib/common_test/make_test_dir/ct_logs/ct_run.test_server@3ab6de50d313.2024-10-28_22.01.52/make_test_dir.common_test_test.logs/run.2024-10-28_22.01.55/log_private/index.html ... 
done

Updating /buildroot/otp/lib/common_test/make_test_dir/ct_logs/ct_run.test_server@3ab6de50d313.2024-10-28_22.01.52/make_test_dir.common_test_test.logs/run.2024-10-28_22.01.55/log_private/all_runs.html ... 
done

Event Handler ct_test_support_eh started with [{cbm,ct_test_support},
                                               {trace_level,50}]


Common Test: Running make in test directories...


CWD set to: "/buildroot/otp/lib/common_test/make_test_dir/ct_logs/ct_run.test_server@3ab6de50d313.2024-10-28_22.01.52/make_test_dir.common_test_test.logs/run.2024-10-28_22.01.55/log_private/ct_run.ct@3ab6de50d313.2024-10-28_23.30.37"


TEST INFO: 2 test(s), 10 case(s) in 2 suite(s)


Testing ct_testspec_3_SUITE_data.tests1.t11_SUITE: Starting test, 5 test cases


- - - - - - - - - - - - - - - - - - - - - - - - - - - - - - - - - - - - - - - -
t11_SUITE:exit_tc failed on line 186
Reason: kaboom
- - - - - - - - - - - - - - - - - - - - - - - - - - - - - - - - - - - - - - - -


Testing ct_testspec_3_SUITE_data.tests1.t11_SUITE: *** FAILED test case 2 of 5 ***


- - - - - - - - - - - - - - - - - - - - - - - - - - - - - - - - - - - - - - - -
test_server:adjusted_sleep failed on line 1966
Reason: {timetrap_timeout,1}
- - - - - - - - - - - - - - - - - - - - - - - - - - - - - - - - - - - - - - - -


Testing ct_testspec_3_SUITE_data.tests1.t11_SUITE: *** FAILED test case 3 of 5 ***

Testing ct_testspec_3_SUITE_data.tests1.t11_SUITE: *** SKIPPED test case 4 of 5 ***

Testing ct_testspec_3_SUITE_data.tests1.t11_SUITE: *** SKIPPED test case 5 of 5 ***

Testing ct_testspec_3_SUITE_data.tests1.t11_SUITE: TEST COMPLETE, 1 ok, 2 failed, 2 skipped of 5 test cases


Testing ct_testspec_3_SUITE_data.tests2.t21_SUITE: Starting test, 5 test cases


- - - - - - - - - - - - - - - - - - - - - - - - - - - - - - - - - - - - - - - -
t21_SUITE:exit_tc failed on line 184
Reason: kaboom
- - - - - - - - - - - - - - - - - - - - - - - - - - - - - - - - - - - - - - - -


Testing ct_testspec_3_SUITE_data.tests2.t21_SUITE: *** FAILED test case 2 of 5 ***


- - - - - - - - - - - - - - - - - - - - - - - - - - - - - - - - - - - - - - - -
test_server:adjusted_sleep failed on line 1966
Reason: {timetrap_timeout,1}
- - - - - - - - - - - - - - - - - - - - - - - - - - - - - - - - - - - - - - - -


Testing ct_testspec_3_SUITE_data.tests2.t21_SUITE: *** FAILED test case 3 of 5 ***

Testing ct_testspec_3_SUITE_data.tests2.t21_SUITE: *** SKIPPED test case 4 of 5 ***

Testing ct_testspec_3_SUITE_data.tests2.t21_SUITE: *** SKIPPED test case 5 of 5 ***

Testing ct_testspec_3_SUITE_data.tests2.t21_SUITE: TEST COMPLETE, 1 ok, 2 failed, 2 skipped of 5 test cases


Updating /buildroot/otp/lib/common_test/make_test_dir/ct_logs/ct_run.test_server@3ab6de50d313.2024-10-28_22.01.52/make_test_dir.common_test_test.logs/run.2024-10-28_22.01.55/log_private/index.html ... 
done

Updating /buildroot/otp/lib/common_test/make_test_dir/ct_logs/ct_run.test_server@3ab6de50d313.2024-10-28_22.01.52/make_test_dir.common_test_test.logs/run.2024-10-28_22.01.55/log_private/all_runs.html ... 
done

Event Handler ct_test_support_eh started with [{cbm,ct_test_support},
                                               {trace_level,50}]


Common Test: Running make in test directories...


CWD set to: "/buildroot/otp/lib/common_test/make_test_dir/ct_logs/ct_run.test_server@3ab6de50d313.2024-10-28_22.01.52/make_test_dir.common_test_test.logs/run.2024-10-28_22.01.55/log_private/ct_run.ct@3ab6de50d313.2024-10-28_23.30.40"


TEST INFO: 2 test(s), 10 case(s) in 2 suite(s)


Testing ct_testspec_3_SUITE_data.tests1.t11_SUITE: Starting test, 5 test cases


- - - - - - - - - - - - - - - - - - - - - - - - - - - - - - - - - - - - - - - -
t11_SUITE:exit_tc failed on line 186
Reason: kaboom
- - - - - - - - - - - - - - - - - - - - - - - - - - - - - - - - - - - - - - - -


Testing ct_testspec_3_SUITE_data.tests1.t11_SUITE: *** FAILED test case 2 of 5 ***


- - - - - - - - - - - - - - - - - - - - - - - - - - - - - - - - - - - - - - - -
test_server:adjusted_sleep failed on line 1966
Reason: {timetrap_timeout,1}
- - - - - - - - - - - - - - - - - - - - - - - - - - - - - - - - - - - - - - - -


Testing ct_testspec_3_SUITE_data.tests1.t11_SUITE: *** FAILED test case 3 of 5 ***

Testing ct_testspec_3_SUITE_data.tests1.t11_SUITE: *** SKIPPED test case 4 of 5 ***

Testing ct_testspec_3_SUITE_data.tests1.t11_SUITE: *** SKIPPED test case 5 of 5 ***

Testing ct_testspec_3_SUITE_data.tests1.t11_SUITE: TEST COMPLETE, 1 ok, 2 failed, 2 skipped of 5 test cases


Testing ct_testspec_3_SUITE_data.tests2.t21_SUITE: Starting test, 5 test cases


- - - - - - - - - - - - - - - - - - - - - - - - - - - - - - - - - - - - - - - -
t21_SUITE:exit_tc failed on line 184
Reason: kaboom
- - - - - - - - - - - - - - - - - - - - - - - - - - - - - - - - - - - - - - - -


Testing ct_testspec_3_SUITE_data.tests2.t21_SUITE: *** FAILED test case 2 of 5 ***


- - - - - - - - - - - - - - - - - - - - - - - - - - - - - - - - - - - - - - - -
test_server:adjusted_sleep failed on line 1966
Reason: {timetrap_timeout,1}
- - - - - - - - - - - - - - - - - - - - - - - - - - - - - - - - - - - - - - - -


Testing ct_testspec_3_SUITE_data.tests2.t21_SUITE: *** FAILED test case 3 of 5 ***

Testing ct_testspec_3_SUITE_data.tests2.t21_SUITE: *** SKIPPED test case 4 of 5 ***

Testing ct_testspec_3_SUITE_data.tests2.t21_SUITE: *** SKIPPED test case 5 of 5 ***

Testing ct_testspec_3_SUITE_data.tests2.t21_SUITE: TEST COMPLETE, 1 ok, 2 failed, 2 skipped of 5 test cases


Updating /buildroot/otp/lib/common_test/make_test_dir/ct_logs/ct_run.test_server@3ab6de50d313.2024-10-28_22.01.52/make_test_dir.common_test_test.logs/run.2024-10-28_22.01.55/log_private/index.html ... 
done

Updating /buildroot/otp/lib/common_test/make_test_dir/ct_logs/ct_run.test_server@3ab6de50d313.2024-10-28_22.01.52/make_test_dir.common_test_test.logs/run.2024-10-28_22.01.55/log_private/all_runs.html ... 
done

Event Handler ct_test_support_eh started with [{cbm,ct_test_support},
                                               {trace_level,50}]


Common Test: Running make in test directories...


CWD set to: "/buildroot/otp/lib/common_test/make_test_dir/ct_logs/ct_run.test_server@3ab6de50d313.2024-10-28_22.01.52/make_test_dir.common_test_test.logs/run.2024-10-28_22.01.55/log_private/ct_run.ct@3ab6de50d313.2024-10-28_23.30.44"


TEST INFO: 3 test(s), 15 case(s) in 2 suite(s)


Testing ct_testspec_3_SUITE_data.tests1.t12_SUITE: Starting test, 5 test cases


- - - - - - - - - - - - - - - - - - - - - - - - - - - - - - - - - - - - - - - -
t12_SUITE:exit_tc failed on line 160
Reason: kaboom
- - - - - - - - - - - - - - - - - - - - - - - - - - - - - - - - - - - - - - - -


Testing ct_testspec_3_SUITE_data.tests1.t12_SUITE: *** FAILED test case 2 of 5 ***


- - - - - - - - - - - - - - - - - - - - - - - - - - - - - - - - - - - - - - - -
test_server:adjusted_sleep failed on line 1966
Reason: {timetrap_timeout,1}
- - - - - - - - - - - - - - - - - - - - - - - - - - - - - - - - - - - - - - - -


Testing ct_testspec_3_SUITE_data.tests1.t12_SUITE: *** FAILED test case 3 of 5 ***

Testing ct_testspec_3_SUITE_data.tests1.t12_SUITE: *** SKIPPED test case 4 of 5 ***

Testing ct_testspec_3_SUITE_data.tests1.t12_SUITE: *** SKIPPED test case 5 of 5 ***

Testing ct_testspec_3_SUITE_data.tests1.t12_SUITE: TEST COMPLETE, 1 ok, 2 failed, 2 skipped of 5 test cases


Testing ct_testspec_3_SUITE_data.tests1.t12_SUITE: Starting test, 5 test cases


- - - - - - - - - - - - - - - - - - - - - - - - - - - - - - - - - - - - - - - -
t12_SUITE:exit_tc failed on line 160
Reason: kaboom
- - - - - - - - - - - - - - - - - - - - - - - - - - - - - - - - - - - - - - - -


Testing ct_testspec_3_SUITE_data.tests1.t12_SUITE: *** FAILED test case 2 of 5 ***


- - - - - - - - - - - - - - - - - - - - - - - - - - - - - - - - - - - - - - - -
test_server:adjusted_sleep failed on line 1966
Reason: {timetrap_timeout,1}
- - - - - - - - - - - - - - - - - - - - - - - - - - - - - - - - - - - - - - - -


Testing ct_testspec_3_SUITE_data.tests1.t12_SUITE: *** FAILED test case 3 of 5 ***

Testing ct_testspec_3_SUITE_data.tests1.t12_SUITE: *** SKIPPED test case 4 of 5 ***

Testing ct_testspec_3_SUITE_data.tests1.t12_SUITE: *** SKIPPED test case 5 of 5 ***

Testing ct_testspec_3_SUITE_data.tests1.t12_SUITE: TEST COMPLETE, 1 ok, 2 failed, 2 skipped of 5 test cases


Testing ct_testspec_3_SUITE_data.tests2.t22_SUITE: Starting test, 5 test cases


- - - - - - - - - - - - - - - - - - - - - - - - - - - - - - - - - - - - - - - -
t22_SUITE:exit_tc failed on line 162
Reason: kaboom
- - - - - - - - - - - - - - - - - - - - - - - - - - - - - - - - - - - - - - - -


Testing ct_testspec_3_SUITE_data.tests2.t22_SUITE: *** FAILED test case 2 of 5 ***


- - - - - - - - - - - - - - - - - - - - - - - - - - - - - - - - - - - - - - - -
test_server:adjusted_sleep failed on line 1966
Reason: {timetrap_timeout,1}
- - - - - - - - - - - - - - - - - - - - - - - - - - - - - - - - - - - - - - - -


Testing ct_testspec_3_SUITE_data.tests2.t22_SUITE: *** FAILED test case 3 of 5 ***

Testing ct_testspec_3_SUITE_data.tests2.t22_SUITE: *** SKIPPED test case 4 of 5 ***

Testing ct_testspec_3_SUITE_data.tests2.t22_SUITE: *** SKIPPED test case 5 of 5 ***

Testing ct_testspec_3_SUITE_data.tests2.t22_SUITE: TEST COMPLETE, 1 ok, 2 failed, 2 skipped of 5 test cases


Updating /buildroot/otp/lib/common_test/make_test_dir/ct_logs/ct_run.test_server@3ab6de50d313.2024-10-28_22.01.52/make_test_dir.common_test_test.logs/run.2024-10-28_22.01.55/log_private/index.html ... 
done

Updating /buildroot/otp/lib/common_test/make_test_dir/ct_logs/ct_run.test_server@3ab6de50d313.2024-10-28_22.01.52/make_test_dir.common_test_test.logs/run.2024-10-28_22.01.55/log_private/all_runs.html ... 
done

Event Handler ct_test_support_eh started with [{cbm,ct_test_support},
                                               {trace_level,50}]


Common Test: Running make in test directories...


CWD set to: "/buildroot/otp/lib/common_test/make_test_dir/ct_logs/ct_run.test_server@3ab6de50d313.2024-10-28_22.01.52/make_test_dir.common_test_test.logs/run.2024-10-28_22.01.55/log_private/ct_run.ct@3ab6de50d313.2024-10-28_23.30.49"


TEST INFO: 2 test(s), 10 case(s) in 2 suite(s)


Testing ct_testspec_3_SUITE_data.tests2.t23_SUITE: Starting test, 5 test cases


- - - - - - - - - - - - - - - - - - - - - - - - - - - - - - - - - - - - - - - -
t23_SUITE:exit_tc failed on line 143
Reason: kaboom
- - - - - - - - - - - - - - - - - - - - - - - - - - - - - - - - - - - - - - - -


Testing ct_testspec_3_SUITE_data.tests2.t23_SUITE: *** FAILED test case 2 of 5 ***


- - - - - - - - - - - - - - - - - - - - - - - - - - - - - - - - - - - - - - - -
test_server:adjusted_sleep failed on line 1966
Reason: {timetrap_timeout,1}
- - - - - - - - - - - - - - - - - - - - - - - - - - - - - - - - - - - - - - - -


Testing ct_testspec_3_SUITE_data.tests2.t23_SUITE: *** FAILED test case 3 of 5 ***

Testing ct_testspec_3_SUITE_data.tests2.t23_SUITE: *** SKIPPED test case 4 of 5 ***

Testing ct_testspec_3_SUITE_data.tests2.t23_SUITE: *** SKIPPED test case 5 of 5 ***

Testing ct_testspec_3_SUITE_data.tests2.t23_SUITE: TEST COMPLETE, 1 ok, 2 failed, 2 skipped of 5 test cases


Testing ct_testspec_3_SUITE_data.tests2.t22_SUITE: Starting test, 5 test cases


- - - - - - - - - - - - - - - - - - - - - - - - - - - - - - - - - - - - - - - -
t22_SUITE:exit_tc failed on line 162
Reason: kaboom
- - - - - - - - - - - - - - - - - - - - - - - - - - - - - - - - - - - - - - - -


Testing ct_testspec_3_SUITE_data.tests2.t22_SUITE: *** FAILED test case 2 of 5 ***


- - - - - - - - - - - - - - - - - - - - - - - - - - - - - - - - - - - - - - - -
test_server:adjusted_sleep failed on line 1966
Reason: {timetrap_timeout,1}
- - - - - - - - - - - - - - - - - - - - - - - - - - - - - - - - - - - - - - - -


Testing ct_testspec_3_SUITE_data.tests2.t22_SUITE: *** FAILED test case 3 of 5 ***

Testing ct_testspec_3_SUITE_data.tests2.t22_SUITE: *** SKIPPED test case 4 of 5 ***

Testing ct_testspec_3_SUITE_data.tests2.t22_SUITE: *** SKIPPED test case 5 of 5 ***

Testing ct_testspec_3_SUITE_data.tests2.t22_SUITE: TEST COMPLETE, 1 ok, 2 failed, 2 skipped of 5 test cases


Updating /buildroot/otp/lib/common_test/make_test_dir/ct_logs/ct_run.test_server@3ab6de50d313.2024-10-28_22.01.52/make_test_dir.common_test_test.logs/run.2024-10-28_22.01.55/log_private/index.html ... 
done

Updating /buildroot/otp/lib/common_test/make_test_dir/ct_logs/ct_run.test_server@3ab6de50d313.2024-10-28_22.01.52/make_test_dir.common_test_test.logs/run.2024-10-28_22.01.55/log_private/all_runs.html ... 
done

Event Handler ct_test_support_eh started with [{cbm,ct_test_support},
                                               {trace_level,50}]


Common Test: Running make in test directories...


CWD set to: "/buildroot/otp/lib/common_test/make_test_dir/ct_logs/ct_run.test_server@3ab6de50d313.2024-10-28_22.01.52/make_test_dir.common_test_test.logs/run.2024-10-28_22.01.55/log_private/ct_run.ct@3ab6de50d313.2024-10-28_23.30.52"


TEST INFO: 2 test(s), 10 case(s) in 2 suite(s)


Testing ct_testspec_3_SUITE_data.tests1.t11_SUITE: Starting test, 5 test cases


- - - - - - - - - - - - - - - - - - - - - - - - - - - - - - - - - - - - - - - -
t11_SUITE:exit_tc failed on line 186
Reason: kaboom
- - - - - - - - - - - - - - - - - - - - - - - - - - - - - - - - - - - - - - - -


Testing ct_testspec_3_SUITE_data.tests1.t11_SUITE: *** FAILED test case 2 of 5 ***


- - - - - - - - - - - - - - - - - - - - - - - - - - - - - - - - - - - - - - - -
test_server:adjusted_sleep failed on line 1966
Reason: {timetrap_timeout,1}
- - - - - - - - - - - - - - - - - - - - - - - - - - - - - - - - - - - - - - - -


Testing ct_testspec_3_SUITE_data.tests1.t11_SUITE: *** FAILED test case 3 of 5 ***

Testing ct_testspec_3_SUITE_data.tests1.t11_SUITE: *** SKIPPED test case 4 of 5 ***

Testing ct_testspec_3_SUITE_data.tests1.t11_SUITE: *** SKIPPED test case 5 of 5 ***

Testing ct_testspec_3_SUITE_data.tests1.t11_SUITE: TEST COMPLETE, 1 ok, 2 failed, 2 skipped of 5 test cases


Testing ct_testspec_3_SUITE_data.tests2.t21_SUITE: Starting test, 5 test cases


- - - - - - - - - - - - - - - - - - - - - - - - - - - - - - - - - - - - - - - -
t21_SUITE:exit_tc failed on line 184
Reason: kaboom
- - - - - - - - - - - - - - - - - - - - - - - - - - - - - - - - - - - - - - - -


Testing ct_testspec_3_SUITE_data.tests2.t21_SUITE: *** FAILED test case 2 of 5 ***


- - - - - - - - - - - - - - - - - - - - - - - - - - - - - - - - - - - - - - - -
test_server:adjusted_sleep failed on line 1966
Reason: {timetrap_timeout,1}
- - - - - - - - - - - - - - - - - - - - - - - - - - - - - - - - - - - - - - - -


Testing ct_testspec_3_SUITE_data.tests2.t21_SUITE: *** FAILED test case 3 of 5 ***

Testing ct_testspec_3_SUITE_data.tests2.t21_SUITE: *** SKIPPED test case 4 of 5 ***

Testing ct_testspec_3_SUITE_data.tests2.t21_SUITE: *** SKIPPED test case 5 of 5 ***

Testing ct_testspec_3_SUITE_data.tests2.t21_SUITE: TEST COMPLETE, 1 ok, 2 failed, 2 skipped of 5 test cases


Updating /buildroot/otp/lib/common_test/make_test_dir/ct_logs/ct_run.test_server@3ab6de50d313.2024-10-28_22.01.52/make_test_dir.common_test_test.logs/run.2024-10-28_22.01.55/log_private/index.html ... 
done

Updating /buildroot/otp/lib/common_test/make_test_dir/ct_logs/ct_run.test_server@3ab6de50d313.2024-10-28_22.01.52/make_test_dir.common_test_test.logs/run.2024-10-28_22.01.55/log_private/all_runs.html ... 
done

Event Handler ct_test_support_eh started with [{cbm,ct_test_support},
                                               {trace_level,50}]


Common Test: Running make in test directories...


CWD set to: "/buildroot/otp/lib/common_test/make_test_dir/ct_logs/ct_run.test_server@3ab6de50d313.2024-10-28_22.01.52/make_test_dir.common_test_test.logs/run.2024-10-28_22.01.55/log_private/ct_run.ct@3ab6de50d313.2024-10-28_23.30.56"


TEST INFO: 3 test(s), 15 case(s) in 2 suite(s)


Testing ct_testspec_3_SUITE_data.tests1.t12_SUITE: Starting test, 5 test cases


- - - - - - - - - - - - - - - - - - - - - - - - - - - - - - - - - - - - - - - -
t12_SUITE:exit_tc failed on line 160
Reason: kaboom
- - - - - - - - - - - - - - - - - - - - - - - - - - - - - - - - - - - - - - - -


Testing ct_testspec_3_SUITE_data.tests1.t12_SUITE: *** FAILED test case 2 of 5 ***


- - - - - - - - - - - - - - - - - - - - - - - - - - - - - - - - - - - - - - - -
test_server:adjusted_sleep failed on line 1966
Reason: {timetrap_timeout,1}
- - - - - - - - - - - - - - - - - - - - - - - - - - - - - - - - - - - - - - - -


Testing ct_testspec_3_SUITE_data.tests1.t12_SUITE: *** FAILED test case 3 of 5 ***

Testing ct_testspec_3_SUITE_data.tests1.t12_SUITE: *** SKIPPED test case 4 of 5 ***

Testing ct_testspec_3_SUITE_data.tests1.t12_SUITE: *** SKIPPED test case 5 of 5 ***

Testing ct_testspec_3_SUITE_data.tests1.t12_SUITE: TEST COMPLETE, 1 ok, 2 failed, 2 skipped of 5 test cases


Testing ct_testspec_3_SUITE_data.tests1.t12_SUITE: Starting test, 5 test cases


- - - - - - - - - - - - - - - - - - - - - - - - - - - - - - - - - - - - - - - -
t12_SUITE:exit_tc failed on line 160
Reason: kaboom
- - - - - - - - - - - - - - - - - - - - - - - - - - - - - - - - - - - - - - - -


Testing ct_testspec_3_SUITE_data.tests1.t12_SUITE: *** FAILED test case 2 of 5 ***


- - - - - - - - - - - - - - - - - - - - - - - - - - - - - - - - - - - - - - - -
test_server:adjusted_sleep failed on line 1966
Reason: {timetrap_timeout,1}
- - - - - - - - - - - - - - - - - - - - - - - - - - - - - - - - - - - - - - - -


Testing ct_testspec_3_SUITE_data.tests1.t12_SUITE: *** FAILED test case 3 of 5 ***

Testing ct_testspec_3_SUITE_data.tests1.t12_SUITE: *** SKIPPED test case 4 of 5 ***

Testing ct_testspec_3_SUITE_data.tests1.t12_SUITE: *** SKIPPED test case 5 of 5 ***

Testing ct_testspec_3_SUITE_data.tests1.t12_SUITE: TEST COMPLETE, 1 ok, 2 failed, 2 skipped of 5 test cases


Testing ct_testspec_3_SUITE_data.tests2.t22_SUITE: Starting test, 5 test cases


- - - - - - - - - - - - - - - - - - - - - - - - - - - - - - - - - - - - - - - -
t22_SUITE:exit_tc failed on line 162
Reason: kaboom
- - - - - - - - - - - - - - - - - - - - - - - - - - - - - - - - - - - - - - - -


Testing ct_testspec_3_SUITE_data.tests2.t22_SUITE: *** FAILED test case 2 of 5 ***


- - - - - - - - - - - - - - - - - - - - - - - - - - - - - - - - - - - - - - - -
test_server:adjusted_sleep failed on line 1966
Reason: {timetrap_timeout,1}
- - - - - - - - - - - - - - - - - - - - - - - - - - - - - - - - - - - - - - - -


Testing ct_testspec_3_SUITE_data.tests2.t22_SUITE: *** FAILED test case 3 of 5 ***

Testing ct_testspec_3_SUITE_data.tests2.t22_SUITE: *** SKIPPED test case 4 of 5 ***

Testing ct_testspec_3_SUITE_data.tests2.t22_SUITE: *** SKIPPED test case 5 of 5 ***

Testing ct_testspec_3_SUITE_data.tests2.t22_SUITE: TEST COMPLETE, 1 ok, 2 failed, 2 skipped of 5 test cases


Updating /buildroot/otp/lib/common_test/make_test_dir/ct_logs/ct_run.test_server@3ab6de50d313.2024-10-28_22.01.52/make_test_dir.common_test_test.logs/run.2024-10-28_22.01.55/log_private/index.html ... 
done

Updating /buildroot/otp/lib/common_test/make_test_dir/ct_logs/ct_run.test_server@3ab6de50d313.2024-10-28_22.01.52/make_test_dir.common_test_test.logs/run.2024-10-28_22.01.55/log_private/all_runs.html ... 
done

Event Handler ct_test_support_eh started with [{cbm,ct_test_support},
                                               {trace_level,50}]


Common Test: Running make in test directories...


CWD set to: "/buildroot/otp/lib/common_test/make_test_dir/ct_logs/ct_run.test_server@3ab6de50d313.2024-10-28_22.01.52/make_test_dir.common_test_test.logs/run.2024-10-28_22.01.55/log_private/ct_run.ct@3ab6de50d313.2024-10-28_23.31.01"


TEST INFO: 3 test(s), 15 case(s) in 2 suite(s)


Testing ct_testspec_3_SUITE_data.tests1.t12_SUITE: Starting test, 5 test cases


- - - - - - - - - - - - - - - - - - - - - - - - - - - - - - - - - - - - - - - -
t12_SUITE:exit_tc failed on line 160
Reason: kaboom
- - - - - - - - - - - - - - - - - - - - - - - - - - - - - - - - - - - - - - - -


Testing ct_testspec_3_SUITE_data.tests1.t12_SUITE: *** FAILED test case 2 of 5 ***


- - - - - - - - - - - - - - - - - - - - - - - - - - - - - - - - - - - - - - - -
test_server:adjusted_sleep failed on line 1966
Reason: {timetrap_timeout,1}
- - - - - - - - - - - - - - - - - - - - - - - - - - - - - - - - - - - - - - - -


Testing ct_testspec_3_SUITE_data.tests1.t12_SUITE: *** FAILED test case 3 of 5 ***

Testing ct_testspec_3_SUITE_data.tests1.t12_SUITE: *** SKIPPED test case 4 of 5 ***

Testing ct_testspec_3_SUITE_data.tests1.t12_SUITE: *** SKIPPED test case 5 of 5 ***

Testing ct_testspec_3_SUITE_data.tests1.t12_SUITE: TEST COMPLETE, 1 ok, 2 failed, 2 skipped of 5 test cases


Testing ct_testspec_3_SUITE_data.tests1.t12_SUITE: Starting test, 5 test cases


- - - - - - - - - - - - - - - - - - - - - - - - - - - - - - - - - - - - - - - -
t12_SUITE:exit_tc failed on line 160
Reason: kaboom
- - - - - - - - - - - - - - - - - - - - - - - - - - - - - - - - - - - - - - - -


Testing ct_testspec_3_SUITE_data.tests1.t12_SUITE: *** FAILED test case 2 of 5 ***


- - - - - - - - - - - - - - - - - - - - - - - - - - - - - - - - - - - - - - - -
test_server:adjusted_sleep failed on line 1966
Reason: {timetrap_timeout,1}
- - - - - - - - - - - - - - - - - - - - - - - - - - - - - - - - - - - - - - - -


Testing ct_testspec_3_SUITE_data.tests1.t12_SUITE: *** FAILED test case 3 of 5 ***

Testing ct_testspec_3_SUITE_data.tests1.t12_SUITE: *** SKIPPED test case 4 of 5 ***

Testing ct_testspec_3_SUITE_data.tests1.t12_SUITE: *** SKIPPED test case 5 of 5 ***

Testing ct_testspec_3_SUITE_data.tests1.t12_SUITE: TEST COMPLETE, 1 ok, 2 failed, 2 skipped of 5 test cases


Testing ct_testspec_3_SUITE_data.tests2.t22_SUITE: Starting test, 5 test cases


- - - - - - - - - - - - - - - - - - - - - - - - - - - - - - - - - - - - - - - -
t22_SUITE:exit_tc failed on line 162
Reason: kaboom
- - - - - - - - - - - - - - - - - - - - - - - - - - - - - - - - - - - - - - - -


Testing ct_testspec_3_SUITE_data.tests2.t22_SUITE: *** FAILED test case 2 of 5 ***


- - - - - - - - - - - - - - - - - - - - - - - - - - - - - - - - - - - - - - - -
test_server:adjusted_sleep failed on line 1966
Reason: {timetrap_timeout,1}
- - - - - - - - - - - - - - - - - - - - - - - - - - - - - - - - - - - - - - - -


Testing ct_testspec_3_SUITE_data.tests2.t22_SUITE: *** FAILED test case 3 of 5 ***

Testing ct_testspec_3_SUITE_data.tests2.t22_SUITE: *** SKIPPED test case 4 of 5 ***

Testing ct_testspec_3_SUITE_data.tests2.t22_SUITE: *** SKIPPED test case 5 of 5 ***

Testing ct_testspec_3_SUITE_data.tests2.t22_SUITE: TEST COMPLETE, 1 ok, 2 failed, 2 skipped of 5 test cases


Updating /buildroot/otp/lib/common_test/make_test_dir/ct_logs/ct_run.test_server@3ab6de50d313.2024-10-28_22.01.52/make_test_dir.common_test_test.logs/run.2024-10-28_22.01.55/log_private/index.html ... 
done

Updating /buildroot/otp/lib/common_test/make_test_dir/ct_logs/ct_run.test_server@3ab6de50d313.2024-10-28_22.01.52/make_test_dir.common_test_test.logs/run.2024-10-28_22.01.55/log_private/all_runs.html ... 
done

Event Handler ct_test_support_eh started with [{cbm,ct_test_support},
                                               {trace_level,50}]


Common Test: Running make in test directories...


CWD set to: "/buildroot/otp/lib/common_test/make_test_dir/ct_logs/ct_run.test_server@3ab6de50d313.2024-10-28_22.01.52/make_test_dir.common_test_test.logs/run.2024-10-28_22.01.55/log_private/ct_run.ct@3ab6de50d313.2024-10-28_23.31.06"


TEST INFO: 2 test(s), 10 case(s) in 2 suite(s)


Testing ct_testspec_3_SUITE_data.tests1.t11_SUITE: Starting test, 5 test cases


- - - - - - - - - - - - - - - - - - - - - - - - - - - - - - - - - - - - - - - -
t11_SUITE:exit_tc failed on line 186
Reason: kaboom
- - - - - - - - - - - - - - - - - - - - - - - - - - - - - - - - - - - - - - - -


Testing ct_testspec_3_SUITE_data.tests1.t11_SUITE: *** FAILED test case 2 of 5 ***


- - - - - - - - - - - - - - - - - - - - - - - - - - - - - - - - - - - - - - - -
test_server:adjusted_sleep failed on line 1966
Reason: {timetrap_timeout,1}
- - - - - - - - - - - - - - - - - - - - - - - - - - - - - - - - - - - - - - - -


Testing ct_testspec_3_SUITE_data.tests1.t11_SUITE: *** FAILED test case 3 of 5 ***

Testing ct_testspec_3_SUITE_data.tests1.t11_SUITE: *** SKIPPED test case 4 of 5 ***

Testing ct_testspec_3_SUITE_data.tests1.t11_SUITE: *** SKIPPED test case 5 of 5 ***

Testing ct_testspec_3_SUITE_data.tests1.t11_SUITE: TEST COMPLETE, 1 ok, 2 failed, 2 skipped of 5 test cases


Testing ct_testspec_3_SUITE_data.tests2.t21_SUITE: Starting test, 5 test cases


- - - - - - - - - - - - - - - - - - - - - - - - - - - - - - - - - - - - - - - -
t21_SUITE:exit_tc failed on line 184
Reason: kaboom
- - - - - - - - - - - - - - - - - - - - - - - - - - - - - - - - - - - - - - - -


Testing ct_testspec_3_SUITE_data.tests2.t21_SUITE: *** FAILED test case 2 of 5 ***


- - - - - - - - - - - - - - - - - - - - - - - - - - - - - - - - - - - - - - - -
test_server:adjusted_sleep failed on line 1966
Reason: {timetrap_timeout,1}
- - - - - - - - - - - - - - - - - - - - - - - - - - - - - - - - - - - - - - - -


Testing ct_testspec_3_SUITE_data.tests2.t21_SUITE: *** FAILED test case 3 of 5 ***

Testing ct_testspec_3_SUITE_data.tests2.t21_SUITE: *** SKIPPED test case 4 of 5 ***

Testing ct_testspec_3_SUITE_data.tests2.t21_SUITE: *** SKIPPED test case 5 of 5 ***

Testing ct_testspec_3_SUITE_data.tests2.t21_SUITE: TEST COMPLETE, 1 ok, 2 failed, 2 skipped of 5 test cases


Updating /buildroot/otp/lib/common_test/make_test_dir/ct_logs/ct_run.test_server@3ab6de50d313.2024-10-28_22.01.52/make_test_dir.common_test_test.logs/run.2024-10-28_22.01.55/log_private/index.html ... 
done

Updating /buildroot/otp/lib/common_test/make_test_dir/ct_logs/ct_run.test_server@3ab6de50d313.2024-10-28_22.01.52/make_test_dir.common_test_test.logs/run.2024-10-28_22.01.55/log_private/all_runs.html ... 
done


[RUN #1] Got return value {24,48,{24,24}} after 41497 ms

Saving start opts on ct@3ab6de50d313: [{halt_with,
                                        {ct_test_support,ct_test_halt}},
                                       {logdir,
                                        "/buildroot/otp/lib/common_test/make_test_dir/ct_logs/ct_run.test_server@3ab6de50d313.2024-10-28_22.01.52/make_test_dir.common_test_test.logs/run.2024-10-28_22.01.55/log_private/"},
                                       {net_dir,[]},
                                       {userconfig,
                                        {ct_testspec_3_SUITE,
                                         "rec_incl_join_separate1"}},
                                       {spec,
                                        ["/buildroot/otp/lib/common_test/make_test_dir/common_test_test/ct_testspec_3_SUITE_data/specs1/rec_spec_join_sep1",
                                         "/buildroot/otp/lib/common_test/make_test_dir/common_test_test/ct_testspec_3_SUITE_data/specs2/rec_spec_join_sep2"]},
                                       {label,rec_incl_join_separate1},
                                       {event_handler,
                                        {ct_test_support_eh,
                                         [{cbm,ct_test_support},
                                          {trace_level,50}]}}]

[RUN #2] Calling ct_run:script_start() on ct@3ab6de50d313


Common Test v1.27.3 starting (cwd is /buildroot/otp/lib/common_test/make_test_dir/ct_logs/ct_run.test_server@3ab6de50d313.2024-10-28_22.01.52)


Event Handler ct_test_support_eh started with [{cbm,ct_test_support},
                                               {trace_level,50}]


Common Test: Running make in test directories...


CWD set to: "/buildroot/otp/lib/common_test/make_test_dir/ct_logs/ct_run.test_server@3ab6de50d313.2024-10-28_22.01.52/make_test_dir.common_test_test.logs/run.2024-10-28_22.01.55/log_private/ct_run.ct@3ab6de50d313.2024-10-28_23.31.09"


TEST INFO: 2 test(s), 10 case(s) in 2 suite(s)


Testing ct_testspec_3_SUITE_data.tests2.t23_SUITE: Starting test, 5 test cases


- - - - - - - - - - - - - - - - - - - - - - - - - - - - - - - - - - - - - - - -
t23_SUITE:exit_tc failed on line 143
Reason: kaboom
- - - - - - - - - - - - - - - - - - - - - - - - - - - - - - - - - - - - - - - -


Testing ct_testspec_3_SUITE_data.tests2.t23_SUITE: *** FAILED test case 2 of 5 ***


- - - - - - - - - - - - - - - - - - - - - - - - - - - - - - - - - - - - - - - -
test_server:adjusted_sleep failed on line 1966
Reason: {timetrap_timeout,1}
- - - - - - - - - - - - - - - - - - - - - - - - - - - - - - - - - - - - - - - -


Testing ct_testspec_3_SUITE_data.tests2.t23_SUITE: *** FAILED test case 3 of 5 ***

Testing ct_testspec_3_SUITE_data.tests2.t23_SUITE: *** SKIPPED test case 4 of 5 ***

Testing ct_testspec_3_SUITE_data.tests2.t23_SUITE: *** SKIPPED test case 5 of 5 ***

Testing ct_testspec_3_SUITE_data.tests2.t23_SUITE: TEST COMPLETE, 1 ok, 2 failed, 2 skipped of 5 test cases


Testing ct_testspec_3_SUITE_data.tests2.t22_SUITE: Starting test, 5 test cases


- - - - - - - - - - - - - - - - - - - - - - - - - - - - - - - - - - - - - - - -
t22_SUITE:exit_tc failed on line 162
Reason: kaboom
- - - - - - - - - - - - - - - - - - - - - - - - - - - - - - - - - - - - - - - -


Testing ct_testspec_3_SUITE_data.tests2.t22_SUITE: *** FAILED test case 2 of 5 ***


- - - - - - - - - - - - - - - - - - - - - - - - - - - - - - - - - - - - - - - -
test_server:adjusted_sleep failed on line 1966
Reason: {timetrap_timeout,1}
- - - - - - - - - - - - - - - - - - - - - - - - - - - - - - - - - - - - - - - -


Testing ct_testspec_3_SUITE_data.tests2.t22_SUITE: *** FAILED test case 3 of 5 ***

Testing ct_testspec_3_SUITE_data.tests2.t22_SUITE: *** SKIPPED test case 4 of 5 ***

Testing ct_testspec_3_SUITE_data.tests2.t22_SUITE: *** SKIPPED test case 5 of 5 ***

Testing ct_testspec_3_SUITE_data.tests2.t22_SUITE: TEST COMPLETE, 1 ok, 2 failed, 2 skipped of 5 test cases


Updating /buildroot/otp/lib/common_test/make_test_dir/ct_logs/ct_run.test_server@3ab6de50d313.2024-10-28_22.01.52/make_test_dir.common_test_test.logs/run.2024-10-28_22.01.55/log_private/index.html ... 
done

Updating /buildroot/otp/lib/common_test/make_test_dir/ct_logs/ct_run.test_server@3ab6de50d313.2024-10-28_22.01.52/make_test_dir.common_test_test.logs/run.2024-10-28_22.01.55/log_private/all_runs.html ... 
done

Event Handler ct_test_support_eh started with [{cbm,ct_test_support},
                                               {trace_level,50}]


Common Test: Running make in test directories...


CWD set to: "/buildroot/otp/lib/common_test/make_test_dir/ct_logs/ct_run.test_server@3ab6de50d313.2024-10-28_22.01.52/make_test_dir.common_test_test.logs/run.2024-10-28_22.01.55/log_private/ct_run.ct@3ab6de50d313.2024-10-28_23.31.13"


TEST INFO: 3 test(s), 15 case(s) in 2 suite(s)


Testing ct_testspec_3_SUITE_data.tests1.t12_SUITE: Starting test, 5 test cases


- - - - - - - - - - - - - - - - - - - - - - - - - - - - - - - - - - - - - - - -
t12_SUITE:exit_tc failed on line 160
Reason: kaboom
- - - - - - - - - - - - - - - - - - - - - - - - - - - - - - - - - - - - - - - -


Testing ct_testspec_3_SUITE_data.tests1.t12_SUITE: *** FAILED test case 2 of 5 ***


- - - - - - - - - - - - - - - - - - - - - - - - - - - - - - - - - - - - - - - -
test_server:adjusted_sleep failed on line 1966
Reason: {timetrap_timeout,1}
- - - - - - - - - - - - - - - - - - - - - - - - - - - - - - - - - - - - - - - -


Testing ct_testspec_3_SUITE_data.tests1.t12_SUITE: *** FAILED test case 3 of 5 ***

Testing ct_testspec_3_SUITE_data.tests1.t12_SUITE: *** SKIPPED test case 4 of 5 ***

Testing ct_testspec_3_SUITE_data.tests1.t12_SUITE: *** SKIPPED test case 5 of 5 ***

Testing ct_testspec_3_SUITE_data.tests1.t12_SUITE: TEST COMPLETE, 1 ok, 2 failed, 2 skipped of 5 test cases


Testing ct_testspec_3_SUITE_data.tests1.t12_SUITE: Starting test, 5 test cases


- - - - - - - - - - - - - - - - - - - - - - - - - - - - - - - - - - - - - - - -
t12_SUITE:exit_tc failed on line 160
Reason: kaboom
- - - - - - - - - - - - - - - - - - - - - - - - - - - - - - - - - - - - - - - -


Testing ct_testspec_3_SUITE_data.tests1.t12_SUITE: *** FAILED test case 2 of 5 ***


- - - - - - - - - - - - - - - - - - - - - - - - - - - - - - - - - - - - - - - -
test_server:adjusted_sleep failed on line 1966
Reason: {timetrap_timeout,1}
- - - - - - - - - - - - - - - - - - - - - - - - - - - - - - - - - - - - - - - -


Testing ct_testspec_3_SUITE_data.tests1.t12_SUITE: *** FAILED test case 3 of 5 ***

Testing ct_testspec_3_SUITE_data.tests1.t12_SUITE: *** SKIPPED test case 4 of 5 ***

Testing ct_testspec_3_SUITE_data.tests1.t12_SUITE: *** SKIPPED test case 5 of 5 ***

Testing ct_testspec_3_SUITE_data.tests1.t12_SUITE: TEST COMPLETE, 1 ok, 2 failed, 2 skipped of 5 test cases


Testing ct_testspec_3_SUITE_data.tests2.t22_SUITE: Starting test, 5 test cases


- - - - - - - - - - - - - - - - - - - - - - - - - - - - - - - - - - - - - - - -
t22_SUITE:exit_tc failed on line 162
Reason: kaboom
- - - - - - - - - - - - - - - - - - - - - - - - - - - - - - - - - - - - - - - -


Testing ct_testspec_3_SUITE_data.tests2.t22_SUITE: *** FAILED test case 2 of 5 ***


- - - - - - - - - - - - - - - - - - - - - - - - - - - - - - - - - - - - - - - -
test_server:adjusted_sleep failed on line 1966
Reason: {timetrap_timeout,1}
- - - - - - - - - - - - - - - - - - - - - - - - - - - - - - - - - - - - - - - -


Testing ct_testspec_3_SUITE_data.tests2.t22_SUITE: *** FAILED test case 3 of 5 ***

Testing ct_testspec_3_SUITE_data.tests2.t22_SUITE: *** SKIPPED test case 4 of 5 ***

Testing ct_testspec_3_SUITE_data.tests2.t22_SUITE: *** SKIPPED test case 5 of 5 ***

Testing ct_testspec_3_SUITE_data.tests2.t22_SUITE: TEST COMPLETE, 1 ok, 2 failed, 2 skipped of 5 test cases


Updating /buildroot/otp/lib/common_test/make_test_dir/ct_logs/ct_run.test_server@3ab6de50d313.2024-10-28_22.01.52/make_test_dir.common_test_test.logs/run.2024-10-28_22.01.55/log_private/index.html ... 
done

Updating /buildroot/otp/lib/common_test/make_test_dir/ct_logs/ct_run.test_server@3ab6de50d313.2024-10-28_22.01.52/make_test_dir.common_test_test.logs/run.2024-10-28_22.01.55/log_private/all_runs.html ... 
done

Event Handler ct_test_support_eh started with [{cbm,ct_test_support},
                                               {trace_level,50}]


Common Test: Running make in test directories...


CWD set to: "/buildroot/otp/lib/common_test/make_test_dir/ct_logs/ct_run.test_server@3ab6de50d313.2024-10-28_22.01.52/make_test_dir.common_test_test.logs/run.2024-10-28_22.01.55/log_private/ct_run.ct@3ab6de50d313.2024-10-28_23.31.18"


TEST INFO: 2 test(s), 10 case(s) in 2 suite(s)


Testing ct_testspec_3_SUITE_data.tests1.t11_SUITE: Starting test, 5 test cases


- - - - - - - - - - - - - - - - - - - - - - - - - - - - - - - - - - - - - - - -
t11_SUITE:exit_tc failed on line 186
Reason: kaboom
- - - - - - - - - - - - - - - - - - - - - - - - - - - - - - - - - - - - - - - -


Testing ct_testspec_3_SUITE_data.tests1.t11_SUITE: *** FAILED test case 2 of 5 ***


- - - - - - - - - - - - - - - - - - - - - - - - - - - - - - - - - - - - - - - -
test_server:adjusted_sleep failed on line 1966
Reason: {timetrap_timeout,1}
- - - - - - - - - - - - - - - - - - - - - - - - - - - - - - - - - - - - - - - -


Testing ct_testspec_3_SUITE_data.tests1.t11_SUITE: *** FAILED test case 3 of 5 ***

Testing ct_testspec_3_SUITE_data.tests1.t11_SUITE: *** SKIPPED test case 4 of 5 ***

Testing ct_testspec_3_SUITE_data.tests1.t11_SUITE: *** SKIPPED test case 5 of 5 ***

Testing ct_testspec_3_SUITE_data.tests1.t11_SUITE: TEST COMPLETE, 1 ok, 2 failed, 2 skipped of 5 test cases


Testing ct_testspec_3_SUITE_data.tests2.t21_SUITE: Starting test, 5 test cases


- - - - - - - - - - - - - - - - - - - - - - - - - - - - - - - - - - - - - - - -
t21_SUITE:exit_tc failed on line 184
Reason: kaboom
- - - - - - - - - - - - - - - - - - - - - - - - - - - - - - - - - - - - - - - -


Testing ct_testspec_3_SUITE_data.tests2.t21_SUITE: *** FAILED test case 2 of 5 ***


- - - - - - - - - - - - - - - - - - - - - - - - - - - - - - - - - - - - - - - -
test_server:adjusted_sleep failed on line 1966
Reason: {timetrap_timeout,1}
- - - - - - - - - - - - - - - - - - - - - - - - - - - - - - - - - - - - - - - -


Testing ct_testspec_3_SUITE_data.tests2.t21_SUITE: *** FAILED test case 3 of 5 ***

Testing ct_testspec_3_SUITE_data.tests2.t21_SUITE: *** SKIPPED test case 4 of 5 ***

Testing ct_testspec_3_SUITE_data.tests2.t21_SUITE: *** SKIPPED test case 5 of 5 ***

Testing ct_testspec_3_SUITE_data.tests2.t21_SUITE: TEST COMPLETE, 1 ok, 2 failed, 2 skipped of 5 test cases


Updating /buildroot/otp/lib/common_test/make_test_dir/ct_logs/ct_run.test_server@3ab6de50d313.2024-10-28_22.01.52/make_test_dir.common_test_test.logs/run.2024-10-28_22.01.55/log_private/index.html ... 
done

Updating /buildroot/otp/lib/common_test/make_test_dir/ct_logs/ct_run.test_server@3ab6de50d313.2024-10-28_22.01.52/make_test_dir.common_test_test.logs/run.2024-10-28_22.01.55/log_private/all_runs.html ... 
done

Event Handler ct_test_support_eh started with [{cbm,ct_test_support},
                                               {trace_level,50}]


Common Test: Running make in test directories...


CWD set to: "/buildroot/otp/lib/common_test/make_test_dir/ct_logs/ct_run.test_server@3ab6de50d313.2024-10-28_22.01.52/make_test_dir.common_test_test.logs/run.2024-10-28_22.01.55/log_private/ct_run.ct@3ab6de50d313.2024-10-28_23.31.22"


TEST INFO: 2 test(s), 10 case(s) in 2 suite(s)


Testing ct_testspec_3_SUITE_data.tests1.t11_SUITE: Starting test, 5 test cases


- - - - - - - - - - - - - - - - - - - - - - - - - - - - - - - - - - - - - - - -
t11_SUITE:exit_tc failed on line 186
Reason: kaboom
- - - - - - - - - - - - - - - - - - - - - - - - - - - - - - - - - - - - - - - -


Testing ct_testspec_3_SUITE_data.tests1.t11_SUITE: *** FAILED test case 2 of 5 ***


- - - - - - - - - - - - - - - - - - - - - - - - - - - - - - - - - - - - - - - -
test_server:adjusted_sleep failed on line 1966
Reason: {timetrap_timeout,1}
- - - - - - - - - - - - - - - - - - - - - - - - - - - - - - - - - - - - - - - -


Testing ct_testspec_3_SUITE_data.tests1.t11_SUITE: *** FAILED test case 3 of 5 ***

Testing ct_testspec_3_SUITE_data.tests1.t11_SUITE: *** SKIPPED test case 4 of 5 ***

Testing ct_testspec_3_SUITE_data.tests1.t11_SUITE: *** SKIPPED test case 5 of 5 ***

Testing ct_testspec_3_SUITE_data.tests1.t11_SUITE: TEST COMPLETE, 1 ok, 2 failed, 2 skipped of 5 test cases


Testing ct_testspec_3_SUITE_data.tests2.t21_SUITE: Starting test, 5 test cases


- - - - - - - - - - - - - - - - - - - - - - - - - - - - - - - - - - - - - - - -
t21_SUITE:exit_tc failed on line 184
Reason: kaboom
- - - - - - - - - - - - - - - - - - - - - - - - - - - - - - - - - - - - - - - -


Testing ct_testspec_3_SUITE_data.tests2.t21_SUITE: *** FAILED test case 2 of 5 ***


- - - - - - - - - - - - - - - - - - - - - - - - - - - - - - - - - - - - - - - -
test_server:adjusted_sleep failed on line 1966
Reason: {timetrap_timeout,1}
- - - - - - - - - - - - - - - - - - - - - - - - - - - - - - - - - - - - - - - -


Testing ct_testspec_3_SUITE_data.tests2.t21_SUITE: *** FAILED test case 3 of 5 ***

Testing ct_testspec_3_SUITE_data.tests2.t21_SUITE: *** SKIPPED test case 4 of 5 ***

Testing ct_testspec_3_SUITE_data.tests2.t21_SUITE: *** SKIPPED test case 5 of 5 ***

Testing ct_testspec_3_SUITE_data.tests2.t21_SUITE: TEST COMPLETE, 1 ok, 2 failed, 2 skipped of 5 test cases


Updating /buildroot/otp/lib/common_test/make_test_dir/ct_logs/ct_run.test_server@3ab6de50d313.2024-10-28_22.01.52/make_test_dir.common_test_test.logs/run.2024-10-28_22.01.55/log_private/index.html ... 
done

Updating /buildroot/otp/lib/common_test/make_test_dir/ct_logs/ct_run.test_server@3ab6de50d313.2024-10-28_22.01.52/make_test_dir.common_test_test.logs/run.2024-10-28_22.01.55/log_private/all_runs.html ... 
done

Event Handler ct_test_support_eh started with [{cbm,ct_test_support},
                                               {trace_level,50}]


Common Test: Running make in test directories...


CWD set to: "/buildroot/otp/lib/common_test/make_test_dir/ct_logs/ct_run.test_server@3ab6de50d313.2024-10-28_22.01.52/make_test_dir.common_test_test.logs/run.2024-10-28_22.01.55/log_private/ct_run.ct@3ab6de50d313.2024-10-28_23.31.25"


TEST INFO: 3 test(s), 15 case(s) in 2 suite(s)


Testing ct_testspec_3_SUITE_data.tests1.t12_SUITE: Starting test, 5 test cases


- - - - - - - - - - - - - - - - - - - - - - - - - - - - - - - - - - - - - - - -
t12_SUITE:exit_tc failed on line 160
Reason: kaboom
- - - - - - - - - - - - - - - - - - - - - - - - - - - - - - - - - - - - - - - -


Testing ct_testspec_3_SUITE_data.tests1.t12_SUITE: *** FAILED test case 2 of 5 ***


- - - - - - - - - - - - - - - - - - - - - - - - - - - - - - - - - - - - - - - -
test_server:adjusted_sleep failed on line 1966
Reason: {timetrap_timeout,1}
- - - - - - - - - - - - - - - - - - - - - - - - - - - - - - - - - - - - - - - -


Testing ct_testspec_3_SUITE_data.tests1.t12_SUITE: *** FAILED test case 3 of 5 ***

Testing ct_testspec_3_SUITE_data.tests1.t12_SUITE: *** SKIPPED test case 4 of 5 ***

Testing ct_testspec_3_SUITE_data.tests1.t12_SUITE: *** SKIPPED test case 5 of 5 ***

Testing ct_testspec_3_SUITE_data.tests1.t12_SUITE: TEST COMPLETE, 1 ok, 2 failed, 2 skipped of 5 test cases


Testing ct_testspec_3_SUITE_data.tests1.t12_SUITE: Starting test, 5 test cases


- - - - - - - - - - - - - - - - - - - - - - - - - - - - - - - - - - - - - - - -
t12_SUITE:exit_tc failed on line 160
Reason: kaboom
- - - - - - - - - - - - - - - - - - - - - - - - - - - - - - - - - - - - - - - -


Testing ct_testspec_3_SUITE_data.tests1.t12_SUITE: *** FAILED test case 2 of 5 ***


- - - - - - - - - - - - - - - - - - - - - - - - - - - - - - - - - - - - - - - -
test_server:adjusted_sleep failed on line 1966
Reason: {timetrap_timeout,1}
- - - - - - - - - - - - - - - - - - - - - - - - - - - - - - - - - - - - - - - -


Testing ct_testspec_3_SUITE_data.tests1.t12_SUITE: *** FAILED test case 3 of 5 ***

Testing ct_testspec_3_SUITE_data.tests1.t12_SUITE: *** SKIPPED test case 4 of 5 ***

Testing ct_testspec_3_SUITE_data.tests1.t12_SUITE: *** SKIPPED test case 5 of 5 ***

Testing ct_testspec_3_SUITE_data.tests1.t12_SUITE: TEST COMPLETE, 1 ok, 2 failed, 2 skipped of 5 test cases


Testing ct_testspec_3_SUITE_data.tests2.t22_SUITE: Starting test, 5 test cases


- - - - - - - - - - - - - - - - - - - - - - - - - - - - - - - - - - - - - - - -
t22_SUITE:exit_tc failed on line 162
Reason: kaboom
- - - - - - - - - - - - - - - - - - - - - - - - - - - - - - - - - - - - - - - -


Testing ct_testspec_3_SUITE_data.tests2.t22_SUITE: *** FAILED test case 2 of 5 ***


- - - - - - - - - - - - - - - - - - - - - - - - - - - - - - - - - - - - - - - -
test_server:adjusted_sleep failed on line 1966
Reason: {timetrap_timeout,1}
- - - - - - - - - - - - - - - - - - - - - - - - - - - - - - - - - - - - - - - -


Testing ct_testspec_3_SUITE_data.tests2.t22_SUITE: *** FAILED test case 3 of 5 ***

Testing ct_testspec_3_SUITE_data.tests2.t22_SUITE: *** SKIPPED test case 4 of 5 ***

Testing ct_testspec_3_SUITE_data.tests2.t22_SUITE: *** SKIPPED test case 5 of 5 ***

Testing ct_testspec_3_SUITE_data.tests2.t22_SUITE: TEST COMPLETE, 1 ok, 2 failed, 2 skipped of 5 test cases


Updating /buildroot/otp/lib/common_test/make_test_dir/ct_logs/ct_run.test_server@3ab6de50d313.2024-10-28_22.01.52/make_test_dir.common_test_test.logs/run.2024-10-28_22.01.55/log_private/index.html ... 
done

Updating /buildroot/otp/lib/common_test/make_test_dir/ct_logs/ct_run.test_server@3ab6de50d313.2024-10-28_22.01.52/make_test_dir.common_test_test.logs/run.2024-10-28_22.01.55/log_private/all_runs.html ... 
done

Event Handler ct_test_support_eh started with [{cbm,ct_test_support},
                                               {trace_level,50}]


Common Test: Running make in test directories...


CWD set to: "/buildroot/otp/lib/common_test/make_test_dir/ct_logs/ct_run.test_server@3ab6de50d313.2024-10-28_22.01.52/make_test_dir.common_test_test.logs/run.2024-10-28_22.01.55/log_private/ct_run.ct@3ab6de50d313.2024-10-28_23.31.30"


TEST INFO: 2 test(s), 10 case(s) in 2 suite(s)


Testing ct_testspec_3_SUITE_data.tests2.t23_SUITE: Starting test, 5 test cases


- - - - - - - - - - - - - - - - - - - - - - - - - - - - - - - - - - - - - - - -
t23_SUITE:exit_tc failed on line 143
Reason: kaboom
- - - - - - - - - - - - - - - - - - - - - - - - - - - - - - - - - - - - - - - -


Testing ct_testspec_3_SUITE_data.tests2.t23_SUITE: *** FAILED test case 2 of 5 ***


- - - - - - - - - - - - - - - - - - - - - - - - - - - - - - - - - - - - - - - -
test_server:adjusted_sleep failed on line 1966
Reason: {timetrap_timeout,1}
- - - - - - - - - - - - - - - - - - - - - - - - - - - - - - - - - - - - - - - -


Testing ct_testspec_3_SUITE_data.tests2.t23_SUITE: *** FAILED test case 3 of 5 ***

Testing ct_testspec_3_SUITE_data.tests2.t23_SUITE: *** SKIPPED test case 4 of 5 ***

Testing ct_testspec_3_SUITE_data.tests2.t23_SUITE: *** SKIPPED test case 5 of 5 ***

Testing ct_testspec_3_SUITE_data.tests2.t23_SUITE: TEST COMPLETE, 1 ok, 2 failed, 2 skipped of 5 test cases


Testing ct_testspec_3_SUITE_data.tests2.t22_SUITE: Starting test, 5 test cases


- - - - - - - - - - - - - - - - - - - - - - - - - - - - - - - - - - - - - - - -
t22_SUITE:exit_tc failed on line 162
Reason: kaboom
- - - - - - - - - - - - - - - - - - - - - - - - - - - - - - - - - - - - - - - -


Testing ct_testspec_3_SUITE_data.tests2.t22_SUITE: *** FAILED test case 2 of 5 ***


- - - - - - - - - - - - - - - - - - - - - - - - - - - - - - - - - - - - - - - -
test_server:adjusted_sleep failed on line 1966
Reason: {timetrap_timeout,1}
- - - - - - - - - - - - - - - - - - - - - - - - - - - - - - - - - - - - - - - -


Testing ct_testspec_3_SUITE_data.tests2.t22_SUITE: *** FAILED test case 3 of 5 ***

Testing ct_testspec_3_SUITE_data.tests2.t22_SUITE: *** SKIPPED test case 4 of 5 ***

Testing ct_testspec_3_SUITE_data.tests2.t22_SUITE: *** SKIPPED test case 5 of 5 ***

Testing ct_testspec_3_SUITE_data.tests2.t22_SUITE: TEST COMPLETE, 1 ok, 2 failed, 2 skipped of 5 test cases


Updating /buildroot/otp/lib/common_test/make_test_dir/ct_logs/ct_run.test_server@3ab6de50d313.2024-10-28_22.01.52/make_test_dir.common_test_test.logs/run.2024-10-28_22.01.55/log_private/index.html ... 
done

Updating /buildroot/otp/lib/common_test/make_test_dir/ct_logs/ct_run.test_server@3ab6de50d313.2024-10-28_22.01.52/make_test_dir.common_test_test.logs/run.2024-10-28_22.01.55/log_private/all_runs.html ... 
done

Event Handler ct_test_support_eh started with [{cbm,ct_test_support},
                                               {trace_level,50}]


Common Test: Running make in test directories...


CWD set to: "/buildroot/otp/lib/common_test/make_test_dir/ct_logs/ct_run.test_server@3ab6de50d313.2024-10-28_22.01.52/make_test_dir.common_test_test.logs/run.2024-10-28_22.01.55/log_private/ct_run.ct@3ab6de50d313.2024-10-28_23.31.34"


TEST INFO: 2 test(s), 10 case(s) in 2 suite(s)


Testing ct_testspec_3_SUITE_data.tests1.t11_SUITE: Starting test, 5 test cases


- - - - - - - - - - - - - - - - - - - - - - - - - - - - - - - - - - - - - - - -
t11_SUITE:exit_tc failed on line 186
Reason: kaboom
- - - - - - - - - - - - - - - - - - - - - - - - - - - - - - - - - - - - - - - -


Testing ct_testspec_3_SUITE_data.tests1.t11_SUITE: *** FAILED test case 2 of 5 ***


- - - - - - - - - - - - - - - - - - - - - - - - - - - - - - - - - - - - - - - -
test_server:adjusted_sleep failed on line 1966
Reason: {timetrap_timeout,1}
- - - - - - - - - - - - - - - - - - - - - - - - - - - - - - - - - - - - - - - -


Testing ct_testspec_3_SUITE_data.tests1.t11_SUITE: *** FAILED test case 3 of 5 ***

Testing ct_testspec_3_SUITE_data.tests1.t11_SUITE: *** SKIPPED test case 4 of 5 ***

Testing ct_testspec_3_SUITE_data.tests1.t11_SUITE: *** SKIPPED test case 5 of 5 ***

Testing ct_testspec_3_SUITE_data.tests1.t11_SUITE: TEST COMPLETE, 1 ok, 2 failed, 2 skipped of 5 test cases


Testing ct_testspec_3_SUITE_data.tests2.t21_SUITE: Starting test, 5 test cases


- - - - - - - - - - - - - - - - - - - - - - - - - - - - - - - - - - - - - - - -
t21_SUITE:exit_tc failed on line 184
Reason: kaboom
- - - - - - - - - - - - - - - - - - - - - - - - - - - - - - - - - - - - - - - -


Testing ct_testspec_3_SUITE_data.tests2.t21_SUITE: *** FAILED test case 2 of 5 ***


- - - - - - - - - - - - - - - - - - - - - - - - - - - - - - - - - - - - - - - -
test_server:adjusted_sleep failed on line 1966
Reason: {timetrap_timeout,1}
- - - - - - - - - - - - - - - - - - - - - - - - - - - - - - - - - - - - - - - -


Testing ct_testspec_3_SUITE_data.tests2.t21_SUITE: *** FAILED test case 3 of 5 ***

Testing ct_testspec_3_SUITE_data.tests2.t21_SUITE: *** SKIPPED test case 4 of 5 ***

Testing ct_testspec_3_SUITE_data.tests2.t21_SUITE: *** SKIPPED test case 5 of 5 ***

Testing ct_testspec_3_SUITE_data.tests2.t21_SUITE: TEST COMPLETE, 1 ok, 2 failed, 2 skipped of 5 test cases


Updating /buildroot/otp/lib/common_test/make_test_dir/ct_logs/ct_run.test_server@3ab6de50d313.2024-10-28_22.01.52/make_test_dir.common_test_test.logs/run.2024-10-28_22.01.55/log_private/index.html ... 
done

Updating /buildroot/otp/lib/common_test/make_test_dir/ct_logs/ct_run.test_server@3ab6de50d313.2024-10-28_22.01.52/make_test_dir.common_test_test.logs/run.2024-10-28_22.01.55/log_private/all_runs.html ... 
done

Event Handler ct_test_support_eh started with [{cbm,ct_test_support},
                                               {trace_level,50}]


Common Test: Running make in test directories...


CWD set to: "/buildroot/otp/lib/common_test/make_test_dir/ct_logs/ct_run.test_server@3ab6de50d313.2024-10-28_22.01.52/make_test_dir.common_test_test.logs/run.2024-10-28_22.01.55/log_private/ct_run.ct@3ab6de50d313.2024-10-28_23.31.37"


TEST INFO: 3 test(s), 15 case(s) in 2 suite(s)


Testing ct_testspec_3_SUITE_data.tests1.t12_SUITE: Starting test, 5 test cases


- - - - - - - - - - - - - - - - - - - - - - - - - - - - - - - - - - - - - - - -
t12_SUITE:exit_tc failed on line 160
Reason: kaboom
- - - - - - - - - - - - - - - - - - - - - - - - - - - - - - - - - - - - - - - -


Testing ct_testspec_3_SUITE_data.tests1.t12_SUITE: *** FAILED test case 2 of 5 ***


- - - - - - - - - - - - - - - - - - - - - - - - - - - - - - - - - - - - - - - -
test_server:adjusted_sleep failed on line 1966
Reason: {timetrap_timeout,1}
- - - - - - - - - - - - - - - - - - - - - - - - - - - - - - - - - - - - - - - -


Testing ct_testspec_3_SUITE_data.tests1.t12_SUITE: *** FAILED test case 3 of 5 ***

Testing ct_testspec_3_SUITE_data.tests1.t12_SUITE: *** SKIPPED test case 4 of 5 ***

Testing ct_testspec_3_SUITE_data.tests1.t12_SUITE: *** SKIPPED test case 5 of 5 ***

Testing ct_testspec_3_SUITE_data.tests1.t12_SUITE: TEST COMPLETE, 1 ok, 2 failed, 2 skipped of 5 test cases


Testing ct_testspec_3_SUITE_data.tests1.t12_SUITE: Starting test, 5 test cases


- - - - - - - - - - - - - - - - - - - - - - - - - - - - - - - - - - - - - - - -
t12_SUITE:exit_tc failed on line 160
Reason: kaboom
- - - - - - - - - - - - - - - - - - - - - - - - - - - - - - - - - - - - - - - -


Testing ct_testspec_3_SUITE_data.tests1.t12_SUITE: *** FAILED test case 2 of 5 ***


- - - - - - - - - - - - - - - - - - - - - - - - - - - - - - - - - - - - - - - -
test_server:adjusted_sleep failed on line 1966
Reason: {timetrap_timeout,1}
- - - - - - - - - - - - - - - - - - - - - - - - - - - - - - - - - - - - - - - -


Testing ct_testspec_3_SUITE_data.tests1.t12_SUITE: *** FAILED test case 3 of 5 ***

Testing ct_testspec_3_SUITE_data.tests1.t12_SUITE: *** SKIPPED test case 4 of 5 ***

Testing ct_testspec_3_SUITE_data.tests1.t12_SUITE: *** SKIPPED test case 5 of 5 ***

Testing ct_testspec_3_SUITE_data.tests1.t12_SUITE: TEST COMPLETE, 1 ok, 2 failed, 2 skipped of 5 test cases


Testing ct_testspec_3_SUITE_data.tests2.t22_SUITE: Starting test, 5 test cases


- - - - - - - - - - - - - - - - - - - - - - - - - - - - - - - - - - - - - - - -
t22_SUITE:exit_tc failed on line 162
Reason: kaboom
- - - - - - - - - - - - - - - - - - - - - - - - - - - - - - - - - - - - - - - -


Testing ct_testspec_3_SUITE_data.tests2.t22_SUITE: *** FAILED test case 2 of 5 ***


- - - - - - - - - - - - - - - - - - - - - - - - - - - - - - - - - - - - - - - -
test_server:adjusted_sleep failed on line 1966
Reason: {timetrap_timeout,1}
- - - - - - - - - - - - - - - - - - - - - - - - - - - - - - - - - - - - - - - -


Testing ct_testspec_3_SUITE_data.tests2.t22_SUITE: *** FAILED test case 3 of 5 ***

Testing ct_testspec_3_SUITE_data.tests2.t22_SUITE: *** SKIPPED test case 4 of 5 ***

Testing ct_testspec_3_SUITE_data.tests2.t22_SUITE: *** SKIPPED test case 5 of 5 ***

Testing ct_testspec_3_SUITE_data.tests2.t22_SUITE: TEST COMPLETE, 1 ok, 2 failed, 2 skipped of 5 test cases


Updating /buildroot/otp/lib/common_test/make_test_dir/ct_logs/ct_run.test_server@3ab6de50d313.2024-10-28_22.01.52/make_test_dir.common_test_test.logs/run.2024-10-28_22.01.55/log_private/index.html ... 
done

Updating /buildroot/otp/lib/common_test/make_test_dir/ct_logs/ct_run.test_server@3ab6de50d313.2024-10-28_22.01.52/make_test_dir.common_test_test.logs/run.2024-10-28_22.01.55/log_private/all_runs.html ... 
done

Event Handler ct_test_support_eh started with [{cbm,ct_test_support},
                                               {trace_level,50}]


Common Test: Running make in test directories...


CWD set to: "/buildroot/otp/lib/common_test/make_test_dir/ct_logs/ct_run.test_server@3ab6de50d313.2024-10-28_22.01.52/make_test_dir.common_test_test.logs/run.2024-10-28_22.01.55/log_private/ct_run.ct@3ab6de50d313.2024-10-28_23.31.42"


TEST INFO: 3 test(s), 15 case(s) in 2 suite(s)


Testing ct_testspec_3_SUITE_data.tests1.t12_SUITE: Starting test, 5 test cases


- - - - - - - - - - - - - - - - - - - - - - - - - - - - - - - - - - - - - - - -
t12_SUITE:exit_tc failed on line 160
Reason: kaboom
- - - - - - - - - - - - - - - - - - - - - - - - - - - - - - - - - - - - - - - -


Testing ct_testspec_3_SUITE_data.tests1.t12_SUITE: *** FAILED test case 2 of 5 ***


- - - - - - - - - - - - - - - - - - - - - - - - - - - - - - - - - - - - - - - -
test_server:adjusted_sleep failed on line 1966
Reason: {timetrap_timeout,1}
- - - - - - - - - - - - - - - - - - - - - - - - - - - - - - - - - - - - - - - -


Testing ct_testspec_3_SUITE_data.tests1.t12_SUITE: *** FAILED test case 3 of 5 ***

Testing ct_testspec_3_SUITE_data.tests1.t12_SUITE: *** SKIPPED test case 4 of 5 ***

Testing ct_testspec_3_SUITE_data.tests1.t12_SUITE: *** SKIPPED test case 5 of 5 ***

Testing ct_testspec_3_SUITE_data.tests1.t12_SUITE: TEST COMPLETE, 1 ok, 2 failed, 2 skipped of 5 test cases


Testing ct_testspec_3_SUITE_data.tests1.t12_SUITE: Starting test, 5 test cases


- - - - - - - - - - - - - - - - - - - - - - - - - - - - - - - - - - - - - - - -
t12_SUITE:exit_tc failed on line 160
Reason: kaboom
- - - - - - - - - - - - - - - - - - - - - - - - - - - - - - - - - - - - - - - -


Testing ct_testspec_3_SUITE_data.tests1.t12_SUITE: *** FAILED test case 2 of 5 ***


- - - - - - - - - - - - - - - - - - - - - - - - - - - - - - - - - - - - - - - -
test_server:adjusted_sleep failed on line 1966
Reason: {timetrap_timeout,1}
- - - - - - - - - - - - - - - - - - - - - - - - - - - - - - - - - - - - - - - -


Testing ct_testspec_3_SUITE_data.tests1.t12_SUITE: *** FAILED test case 3 of 5 ***

Testing ct_testspec_3_SUITE_data.tests1.t12_SUITE: *** SKIPPED test case 4 of 5 ***

Testing ct_testspec_3_SUITE_data.tests1.t12_SUITE: *** SKIPPED test case 5 of 5 ***

Testing ct_testspec_3_SUITE_data.tests1.t12_SUITE: TEST COMPLETE, 1 ok, 2 failed, 2 skipped of 5 test cases


Testing ct_testspec_3_SUITE_data.tests2.t22_SUITE: Starting test, 5 test cases


- - - - - - - - - - - - - - - - - - - - - - - - - - - - - - - - - - - - - - - -
t22_SUITE:exit_tc failed on line 162
Reason: kaboom
- - - - - - - - - - - - - - - - - - - - - - - - - - - - - - - - - - - - - - - -


Testing ct_testspec_3_SUITE_data.tests2.t22_SUITE: *** FAILED test case 2 of 5 ***


- - - - - - - - - - - - - - - - - - - - - - - - - - - - - - - - - - - - - - - -
test_server:adjusted_sleep failed on line 1966
Reason: {timetrap_timeout,1}
- - - - - - - - - - - - - - - - - - - - - - - - - - - - - - - - - - - - - - - -


Testing ct_testspec_3_SUITE_data.tests2.t22_SUITE: *** FAILED test case 3 of 5 ***

Testing ct_testspec_3_SUITE_data.tests2.t22_SUITE: *** SKIPPED test case 4 of 5 ***

Testing ct_testspec_3_SUITE_data.tests2.t22_SUITE: *** SKIPPED test case 5 of 5 ***

Testing ct_testspec_3_SUITE_data.tests2.t22_SUITE: TEST COMPLETE, 1 ok, 2 failed, 2 skipped of 5 test cases


Updating /buildroot/otp/lib/common_test/make_test_dir/ct_logs/ct_run.test_server@3ab6de50d313.2024-10-28_22.01.52/make_test_dir.common_test_test.logs/run.2024-10-28_22.01.55/log_private/index.html ... 
done

Updating /buildroot/otp/lib/common_test/make_test_dir/ct_logs/ct_run.test_server@3ab6de50d313.2024-10-28_22.01.52/make_test_dir.common_test_test.logs/run.2024-10-28_22.01.55/log_private/all_runs.html ... 
done

Event Handler ct_test_support_eh started with [{cbm,ct_test_support},
                                               {trace_level,50}]


Common Test: Running make in test directories...


CWD set to: "/buildroot/otp/lib/common_test/make_test_dir/ct_logs/ct_run.test_server@3ab6de50d313.2024-10-28_22.01.52/make_test_dir.common_test_test.logs/run.2024-10-28_22.01.55/log_private/ct_run.ct@3ab6de50d313.2024-10-28_23.31.47"


TEST INFO: 2 test(s), 10 case(s) in 2 suite(s)


Testing ct_testspec_3_SUITE_data.tests1.t11_SUITE: Starting test, 5 test cases


- - - - - - - - - - - - - - - - - - - - - - - - - - - - - - - - - - - - - - - -
t11_SUITE:exit_tc failed on line 186
Reason: kaboom
- - - - - - - - - - - - - - - - - - - - - - - - - - - - - - - - - - - - - - - -


Testing ct_testspec_3_SUITE_data.tests1.t11_SUITE: *** FAILED test case 2 of 5 ***


- - - - - - - - - - - - - - - - - - - - - - - - - - - - - - - - - - - - - - - -
test_server:adjusted_sleep failed on line 1966
Reason: {timetrap_timeout,1}
- - - - - - - - - - - - - - - - - - - - - - - - - - - - - - - - - - - - - - - -


Testing ct_testspec_3_SUITE_data.tests1.t11_SUITE: *** FAILED test case 3 of 5 ***

Testing ct_testspec_3_SUITE_data.tests1.t11_SUITE: *** SKIPPED test case 4 of 5 ***

Testing ct_testspec_3_SUITE_data.tests1.t11_SUITE: *** SKIPPED test case 5 of 5 ***

Testing ct_testspec_3_SUITE_data.tests1.t11_SUITE: TEST COMPLETE, 1 ok, 2 failed, 2 skipped of 5 test cases


Testing ct_testspec_3_SUITE_data.tests2.t21_SUITE: Starting test, 5 test cases


- - - - - - - - - - - - - - - - - - - - - - - - - - - - - - - - - - - - - - - -
t21_SUITE:exit_tc failed on line 184
Reason: kaboom
- - - - - - - - - - - - - - - - - - - - - - - - - - - - - - - - - - - - - - - -


Testing ct_testspec_3_SUITE_data.tests2.t21_SUITE: *** FAILED test case 2 of 5 ***


- - - - - - - - - - - - - - - - - - - - - - - - - - - - - - - - - - - - - - - -
test_server:adjusted_sleep failed on line 1966
Reason: {timetrap_timeout,1}
- - - - - - - - - - - - - - - - - - - - - - - - - - - - - - - - - - - - - - - -


Testing ct_testspec_3_SUITE_data.tests2.t21_SUITE: *** FAILED test case 3 of 5 ***

Testing ct_testspec_3_SUITE_data.tests2.t21_SUITE: *** SKIPPED test case 4 of 5 ***

Testing ct_testspec_3_SUITE_data.tests2.t21_SUITE: *** SKIPPED test case 5 of 5 ***

Testing ct_testspec_3_SUITE_data.tests2.t21_SUITE: TEST COMPLETE, 1 ok, 2 failed, 2 skipped of 5 test cases


Updating /buildroot/otp/lib/common_test/make_test_dir/ct_logs/ct_run.test_server@3ab6de50d313.2024-10-28_22.01.52/make_test_dir.common_test_test.logs/run.2024-10-28_22.01.55/log_private/index.html ... 
done

Updating /buildroot/otp/lib/common_test/make_test_dir/ct_logs/ct_run.test_server@3ab6de50d313.2024-10-28_22.01.52/make_test_dir.common_test_test.logs/run.2024-10-28_22.01.55/log_private/all_runs.html ... 
done



