=== Suite started at 2024-11-25 08:44:34
=== Starting test (with repeated test cases)
=cases         unknown
=user          otptest
=host          c3276ca3fbc7
=hosts         c3276ca3fbc7 
=emulator_vsn  15.1.2
=emulator      beam
=otp_release   28
=started       2024-11-25 08:44:35
=case          repeat_1_SUITE:init_per_suite
=logfile       repeat_1_suite.init_per_suite.html
=started       2024-11-25 08:44:35
=ended         2024-11-25 08:44:35
=result        ok
=elapsed       0.000002s
=case          repeat_1_SUITE:init_per_group
=logfile       repeat_1_suite.init_per_group.html
=group_props   [{name,repeat_cs_until_any_ok}]
=started       2024-11-25 08:44:35
=ended         2024-11-25 08:44:35
=result        ok
=elapsed       0.000009s
=case          repeat_1_SUITE:init_per_group
=logfile       repeat_1_suite.init_per_group.5474.html
=group_props   [{name,repeat_cs_until_any_ok_1},{repeat_until_any_ok,3}]
=started       2024-11-25 08:44:35
=ended         2024-11-25 08:44:35
=result        ok
=elapsed       0.000009s
=case          repeat_1_SUITE:tc_fail_1
=logfile       repeat_1_suite.tc_fail_1.html
=started       2024-11-25 08:44:35
=ended         2024-11-25 08:44:35
=result        failed: {{badmatch,2},
                        [{repeat_1_SUITE,tc_fail_1,1,
                             [{file,"repeat_1_SUITE.erl"},{line,346}]},
                         {test_server,ts_tc,3,
                             [{file,"test_server.erl"},{line,1794}]},
                         {test_server,run_test_case_eval1,6,
                             [{file,"test_server.erl"},{line,1303}]},
                         {test_server,run_test_case_eval,9,
                             [{file,"test_server.erl"},{line,1235}]}]}, [{repeat_1_SUITE,
                                                                          tc_fail_1,
                                                                          346},
                                                                         {test_server,
                                                                          ts_tc,
                                                                          1794},
                                                                         {test_server,
                                                                          run_test_case_eval1,
                                                                          1303},
                                                                         {test_server,
                                                                          run_test_case_eval,
                                                                          1235}]
=elapsed       0.000002s
=== *** FAILED test case 1 ***
=case          repeat_1_SUITE:tc_fail_2
=logfile       repeat_1_suite.tc_fail_2.html
=started       2024-11-25 08:44:35
=ended         2024-11-25 08:44:35
=result        failed: exit_on_purpose, [{repeat_1_SUITE,tc_fail_2,349},
                                         {test_server,ts_tc,1794},
                                         {test_server,run_test_case_eval1,
                                          1303},
                                         {test_server,run_test_case_eval,
                                          1235}]
=elapsed       0.000002s
=== *** FAILED test case 2 ***
=case          repeat_1_SUITE:tc_fail_then_ok_1
=logfile       repeat_1_suite.tc_fail_then_ok_1.html
=started       2024-11-25 08:44:35
=ended         2024-11-25 08:44:35
=result        failed: failing_this_time, [{repeat_1_SUITE,
                                            '-tc_fail_then_ok_1/1-fun-0-',366},
                                           {repeat_1_SUITE,tc_fail_then_ok_1,
                                            364},
                                           {test_server,ts_tc,1794},
                                           {test_server,run_test_case_eval1,
                                            1303},
                                           {test_server,run_test_case_eval,
                                            1235}]
=elapsed       0.000005s
=== *** FAILED test case 3 ***
=case          repeat_1_SUITE:end_per_group
=logfile       repeat_1_suite.end_per_group.html
=group_props   [{name,repeat_cs_until_any_ok_1},{repeat_until_any_ok,3}]
=started       2024-11-25 08:44:35
=ended         2024-11-25 08:44:35
=result        ok
=elapsed       0.000009s
=group_time    0.113s
=case          repeat_1_SUITE:init_per_group
=logfile       repeat_1_suite.init_per_group.5506.html
=group_props   [{repeat_until_any_ok,2},{name,repeat_cs_until_any_ok_1}]
=started       2024-11-25 08:44:35
=ended         2024-11-25 08:44:35
=result        ok
=elapsed       0.000009s
=case          repeat_1_SUITE:tc_fail_1
=logfile       repeat_1_suite.tc_fail_1.5538.html
=started       2024-11-25 08:44:35
=ended         2024-11-25 08:44:35
=result        failed: {{badmatch,2},
                        [{repeat_1_SUITE,tc_fail_1,1,
                             [{file,"repeat_1_SUITE.erl"},{line,346}]},
                         {test_server,ts_tc,3,
                             [{file,"test_server.erl"},{line,1794}]},
                         {test_server,run_test_case_eval1,6,
                             [{file,"test_server.erl"},{line,1303}]},
                         {test_server,run_test_case_eval,9,
                             [{file,"test_server.erl"},{line,1235}]}]}, [{repeat_1_SUITE,
                                                                          tc_fail_1,
                                                                          346},
                                                                         {test_server,
                                                                          ts_tc,
                                                                          1794},
                                                                         {test_server,
                                                                          run_test_case_eval1,
                                                                          1303},
                                                                         {test_server,
                                                                          run_test_case_eval,
                                                                          1235}]
=elapsed       0.000001s
=== *** FAILED test case 4 ***
=case          repeat_1_SUITE:tc_fail_2
=logfile       repeat_1_suite.tc_fail_2.5570.html
=started       2024-11-25 08:44:35
=ended         2024-11-25 08:44:35
=result        failed: exit_on_purpose, [{repeat_1_SUITE,tc_fail_2,349},
                                         {test_server,ts_tc,1794},
                                         {test_server,run_test_case_eval1,
                                          1303},
                                         {test_server,run_test_case_eval,
                                          1235}]
=elapsed       0.000002s
=== *** FAILED test case 5 ***
=case          repeat_1_SUITE:tc_fail_then_ok_1
=logfile       repeat_1_suite.tc_fail_then_ok_1.5602.html
=started       2024-11-25 08:44:35
=ended         2024-11-25 08:44:35
=result        ok
=elapsed       0.000080s
=case          repeat_1_SUITE:end_per_group
=logfile       repeat_1_suite.end_per_group.5634.html
=group_props   [{repeat_until_any_ok,2},{name,repeat_cs_until_any_ok_1}]
=started       2024-11-25 08:44:35
=ended         2024-11-25 08:44:35
=result        ok
=elapsed       0.000009s
=group_time    0.113s
=== Stopping repeat operation {repeat_until_any_ok,2}
=case          repeat_1_SUITE:init_per_group
=logfile       repeat_1_suite.init_per_group.5666.html
=group_props   [{name,repeat_cs_until_any_ok_2},{repeat_until_any_ok,3}]
=started       2024-11-25 08:44:35
=ended         2024-11-25 08:44:35
=result        ok
=elapsed       0.000009s
=case          repeat_1_SUITE:tc_ok_1
=logfile       repeat_1_suite.tc_ok_1.html
=started       2024-11-25 08:44:35
=ended         2024-11-25 08:44:35
=result        ok
=elapsed       0.000000s
=case          repeat_1_SUITE:tc_fail_1
=logfile       repeat_1_suite.tc_fail_1.5698.html
=started       2024-11-25 08:44:35
=ended         2024-11-25 08:44:35
=result        failed: {{badmatch,2},
                        [{repeat_1_SUITE,tc_fail_1,1,
                             [{file,"repeat_1_SUITE.erl"},{line,346}]},
                         {test_server,ts_tc,3,
                             [{file,"test_server.erl"},{line,1794}]},
                         {test_server,run_test_case_eval1,6,
                             [{file,"test_server.erl"},{line,1303}]},
                         {test_server,run_test_case_eval,9,
                             [{file,"test_server.erl"},{line,1235}]}]}, [{repeat_1_SUITE,
                                                                          tc_fail_1,
                                                                          346},
                                                                         {test_server,
                                                                          ts_tc,
                                                                          1794},
                                                                         {test_server,
                                                                          run_test_case_eval1,
                                                                          1303},
                                                                         {test_server,
                                                                          run_test_case_eval,
                                                                          1235}]
=elapsed       0.000002s
=== *** FAILED test case 8 ***
=case          repeat_1_SUITE:end_per_group
=logfile       repeat_1_suite.end_per_group.5730.html
=group_props   [{name,repeat_cs_until_any_ok_2},{repeat_until_any_ok,3}]
=started       2024-11-25 08:44:35
=ended         2024-11-25 08:44:35
=result        ok
=elapsed       0.000009s
=group_time    0.085s
=== Stopping repeat operation {repeat_until_any_ok,3}
=case          repeat_1_SUITE:end_per_group
=logfile       repeat_1_suite.end_per_group.5762.html
=group_props   [{name,repeat_cs_until_any_ok}]
=started       2024-11-25 08:44:35
=ended         2024-11-25 08:44:35
=result        ok
=elapsed       0.000010s
=group_time    0.424s
=case          repeat_1_SUITE:end_per_suite
=logfile       repeat_1_suite.end_per_suite.html
=started       2024-11-25 08:44:35
=ended         2024-11-25 08:44:35
=result        ok
=elapsed       0.000006s
=group_time    0.481s
=== TEST COMPLETE, 2 ok, 6 failed of 8 test cases

=finished      2024-11-25 08:44:35
=failed        6
=successful    2
=user_skipped  0
=auto_skipped  0
=elapsed_time  556674
