<!DOCTYPE html PUBLIC "-//W3C//DTD XHTML 1.0 Transitional//EN"
"http://www.w3.org/TR/xhtml1/DTD/xhtml1-transitional.dtd">
<html xmlns="http://www.w3.org/1999/xhtml" xml:lang="en" lang="en">
<head>
<title>Test ct_release_test_SUITE:major result</title>
<meta http-equiv="cache-control" content="no-cache"></meta>
<meta http-equiv="content-type" content="text/html; charset=utf-8"></meta>
<link rel="stylesheet" href="../../ct_default.css" type="text/css"></link>
<script type="text/javascript" src="../../jquery-latest.js"></script>
<script type="text/javascript" src="../../jquery.tablesorter.min.js"></script>
</head>
<body>

<a name="top"></a><pre>
=== Test case: <a href="ct_release_test_suite.src.html#major-1">ct_release_test_SUITE:major/1</a> (click for source code)

=== Config value:

    [{trace_level,50},
     {ct_opts,[]},
     {ct_node,ct@74d7103eabd8},
     {watchdog,&lt;0.79453.0&gt;},
     {tc_logfile,"/buildroot/otp/lib/common_test/make_test_dir/ct_logs/ct_run.test_server@74d7103eabd8.2024-10-28_14.17.48/make_test_dir.common_test_test.logs/run.2024-10-28_14.17.50/ct_release_test_suite.major.html"},
     {tc_group_properties,[]},
     {tc_group_path,[]},
     {data_dir,"/buildroot/otp/lib/common_test/make_test_dir/common_test_test/ct_release_test_SUITE_data/"},
     {priv_dir,"/buildroot/otp/lib/common_test/make_test_dir/ct_logs/ct_run.test_server@74d7103eabd8.2024-10-28_14.17.48/make_test_dir.common_test_test.logs/run.2024-10-28_14.17.50/log_private/"},
     {nodenames,[]}]

=== Current directory is "/buildroot/otp/lib/common_test/make_test_dir/ct_logs/ct_run.test_server@74d7103eabd8.2024-10-28_14.17.48"

=== Started at 2024-10-28 14:49:07

<br />
See Common Test logs here:

<a href="file:///buildroot/otp/lib/common_test/make_test_dir/ct_logs/ct_run.test_server@74d7103eabd8.2024-10-28_14.17.48/make_test_dir.common_test_test.logs/run.2024-10-28_14.17.50/log_private/all_runs.html">/buildroot/otp/lib/common_test/make_test_dir/ct_logs/ct_run.test_server@74d7103eabd8.2024-10-28_14.17.48/make_test_dir.common_test_test.logs/run.2024-10-28_14.17.50/log_private/all_runs.html</a>
<a href="file:///buildroot/otp/lib/common_test/make_test_dir/ct_logs/ct_run.test_server@74d7103eabd8.2024-10-28_14.17.48/make_test_dir.common_test_test.logs/run.2024-10-28_14.17.50/log_private/index.html">/buildroot/otp/lib/common_test/make_test_dir/ct_logs/ct_run.test_server@74d7103eabd8.2024-10-28_14.17.48/make_test_dir.common_test_test.logs/run.2024-10-28_14.17.50/log_private/index.html</a>

Event receiver &lt;20866.191.0&gt; started!


[RUN #1] Calling ct:run_test([{logdir,
                                  "/buildroot/otp/lib/common_test/make_test_dir/ct_logs/ct_run.test_server@74d7103eabd8.2024-10-28_14.17.48/make_test_dir.common_test_test.logs/run.2024-10-28_14.17.50/log_private/"},
                              {net_dir,[]},
                              {event_handler,
                                  {ct_test_support_eh,
                                      [{cbm,ct_test_support},
                                       {trace_level,50}]}},
                              {suite,
                                  "/buildroot/otp/lib/common_test/make_test_dir/common_test_test/ct_release_test_SUITE_data/release_test_SUITE"},
                              {testcase,major},
                              {label,major}]) on ct@74d7103eabd8


Common Test starting (cwd is /buildroot/otp/lib/common_test/make_test_dir/ct_logs/ct_run.test_server@74d7103eabd8.2024-10-28_14.17.48)


Event Handler ct_test_support_eh started with [{cbm,ct_test_support},
                                               {trace_level,50}]


Common Test: Running make in test directories...


CWD set to: "/buildroot/otp/lib/common_test/make_test_dir/ct_logs/ct_run.test_server@74d7103eabd8.2024-10-28_14.17.48/make_test_dir.common_test_test.logs/run.2024-10-28_14.17.50/log_private/ct_run.ct@74d7103eabd8.2024-10-28_14.49.07"


TEST INFO: 1 test(s), 1 case(s) in 1 suite(s)


Testing common_test_test.ct_release_test_SUITE_data.release_test_SUITE.major: Starting test, 1 test cases

Testing common_test_test.ct_release_test_SUITE_data.release_test_SUITE.major: WARNING: Started node reports different system version than current node! Current node version: "28", "Erlang/OTP 28 [DEVELOPMENT] [erts-15.1.2] [source] [64-bit] [smp:4:4] [ds:4:4:10] [async-threads:1] [jit:ns]\n" Started node version: "27", "Erlang/OTP 27 [erts-15.1.2] [source] [64-bit] [smp:4:4] [ds:4:4:10] [async-threads:1] [jit:ns]\n"


- - - - - - - - - - - - - - - - - - - - - - - - - - - - - - - - - - - - - - - -
ct_release_test:do_upgrade failed on line 637
Reason: {test_case_failed,{node_not_started,app_check_failed,"27",
                                    [{runtime_tools,"2.1.1"}],
                                    {badrpc,nodedown},
                                    {badrpc,nodedown}}}
- - - - - - - - - - - - - - - - - - - - - - - - - - - - - - - - - - - - - - - -


Testing common_test_test.ct_release_test_SUITE_data.release_test_SUITE.major: *** FAILED test case 1 of 1 ***

Testing common_test_test.ct_release_test_SUITE_data.release_test_SUITE.major: TEST COMPLETE, 0 ok, 1 failed of 1 test cases


Updating /buildroot/otp/lib/common_test/make_test_dir/ct_logs/ct_run.test_server@74d7103eabd8.2024-10-28_14.17.48/make_test_dir.common_test_test.logs/run.2024-10-28_14.17.50/log_private/index.html ... 
done

Updating /buildroot/otp/lib/common_test/make_test_dir/ct_logs/ct_run.test_server@74d7103eabd8.2024-10-28_14.17.48/make_test_dir.common_test_test.logs/run.2024-10-28_14.17.50/log_private/all_runs.html ... 
done


[RUN #1] Got return value {0,1,{0,0}} after 163279 ms

Saving start opts on ct@74d7103eabd8: [{halt_with,
                                        {ct_test_support,ct_test_halt}},
                                       {logdir,
                                        "/buildroot/otp/lib/common_test/make_test_dir/ct_logs/ct_run.test_server@74d7103eabd8.2024-10-28_14.17.48/make_test_dir.common_test_test.logs/run.2024-10-28_14.17.50/log_private/"},
                                       {net_dir,[]},
                                       {event_handler,
                                        {ct_test_support_eh,
                                         [{cbm,ct_test_support},
                                          {trace_level,50}]}},
                                       {suite,
                                        "/buildroot/otp/lib/common_test/make_test_dir/common_test_test/ct_release_test_SUITE_data/release_test_SUITE"},
                                       {testcase,major},
                                       {label,major}]

[RUN #2] Calling ct_run:script_start() on ct@74d7103eabd8


Common Test v1.27.3 starting (cwd is /buildroot/otp/lib/common_test/make_test_dir/ct_logs/ct_run.test_server@74d7103eabd8.2024-10-28_14.17.48)


Event Handler ct_test_support_eh started with [{cbm,ct_test_support},
                                               {trace_level,50}]


Common Test: Running make in test directories...


CWD set to: "/buildroot/otp/lib/common_test/make_test_dir/ct_logs/ct_run.test_server@74d7103eabd8.2024-10-28_14.17.48/make_test_dir.common_test_test.logs/run.2024-10-28_14.17.50/log_private/ct_run.ct@74d7103eabd8.2024-10-28_14.51.50"


TEST INFO: 1 test(s), 1 case(s) in 1 suite(s)


Testing common_test_test.ct_release_test_SUITE_data.release_test_SUITE.major: Starting test, 1 test cases

Testing common_test_test.ct_release_test_SUITE_data.release_test_SUITE.major: WARNING: Started node reports different system version than current node! Current node version: "28", "Erlang/OTP 28 [DEVELOPMENT] [erts-15.1.2] [source] [64-bit] [smp:4:4] [ds:4:4:10] [async-threads:1] [jit:ns]\n" Started node version: "27", "Erlang/OTP 27 [erts-15.1.2] [source] [64-bit] [smp:4:4] [ds:4:4:10] [async-threads:1] [jit:ns]\n"


- - - - - - - - - - - - - - - - - - - - - - - - - - - - - - - - - - - - - - - -
ct_release_test:do_upgrade failed on line 637
Reason: {test_case_failed,{node_not_started,app_check_failed,"27",
                                    [{runtime_tools,"2.1.1"}],
                                    {badrpc,nodedown},
                                    {badrpc,nodedown}}}
- - - - - - - - - - - - - - - - - - - - - - - - - - - - - - - - - - - - - - - -


Testing common_test_test.ct_release_test_SUITE_data.release_test_SUITE.major: *** FAILED test case 1 of 1 ***

Testing common_test_test.ct_release_test_SUITE_data.release_test_SUITE.major: TEST COMPLETE, 0 ok, 1 failed of 1 test cases


Updating /buildroot/otp/lib/common_test/make_test_dir/ct_logs/ct_run.test_server@74d7103eabd8.2024-10-28_14.17.48/make_test_dir.common_test_test.logs/run.2024-10-28_14.17.50/log_private/index.html ... 
done

Updating /buildroot/otp/lib/common_test/make_test_dir/ct_logs/ct_run.test_server@74d7103eabd8.2024-10-28_14.17.48/make_test_dir.common_test_test.logs/run.2024-10-28_14.17.50/log_private/all_runs.html ... 
done



[RUN #2] Got exit status value 1 after 164304 ms

Stopping event receiver!

Events written to logfile: <a href="file:///buildroot/otp/lib/common_test/make_test_dir/ct_logs/ct_run.test_server@74d7103eabd8.2024-10-28_14.17.48/make_test_dir.common_test_test.logs/run.2024-10-28_14.17.50/log_private/major.events">/buildroot/otp/lib/common_test/make_test_dir/ct_logs/ct_run.test_server@74d7103eabd8.2024-10-28_14.17.48/make_test_dir.common_test_test.logs/run.2024-10-28_14.17.50/log_private/major.events</a>

Found {ct_test_support_eh,start_logging,{'DEF','RUNDIR'}}!
(I) Failed to find {ct_test_support_eh,tc_done,{release_test_SUITE,major,ok}} in the list of events!


</pre>
<div class="default"><pre><b>*** User 2024-10-28 14:54:34.707 ***</b><a id=e-850 class="link-to-entry" href="#e-850">&#x1f517;</a>
Did not find 'ok', checking if skipped...
</pre></div>
<pre>
Found {ct_test_support_eh,start_logging,{'DEF','RUNDIR'}}!
(I) Failed to find {ct_test_support_eh,tc_done,
                       {release_test_SUITE,major,
                           {skipped,"Old release not available"}}} in the list of events!


</pre>
<div class="default"><pre><b>*** User 2024-10-28 14:54:34.707 ***</b><a id=e-851 class="link-to-entry" href="#e-851">&#x1f517;</a>
Did not find skipped case either: 
{event_not_found,
    {ct_test_support_eh,tc_done,
        {release_test_SUITE,major,{skipped,"Old release not available"}}}}
</pre></div>
<pre>

</pre>
<div class="ct_error_notify"><pre><b>*** CT Error Notification 2024-10-28 14:54:34.708 ***</b><a id=e-852 class="link-to-entry" href="#e-852">&#x1f517;</a>
ct_release_test_SUITE:verify_events failed on line 180
Reason: {event_not_found,{ct_test_support_eh,tc_done,...}}

<a href="#end">Full error description and stacktrace</a>
</pre></div>
<pre>
<a name="end"></a>


=== Ended at 2024-10-28 14:54:34
=== Location: [{ct_release_test_SUITE,verify_events,<a href="ct_release_test_suite.src.html#180">180</a>},
              {test_server,ts_tc,1794},
              {test_server,run_test_case_eval1,1303},
              {test_server,run_test_case_eval,1235}]
=== === Reason: {event_not_found,
                     {ct_test_support_eh,tc_done,
                         {release_test_SUITE,major,ok}}}
</pre>
<center>
<br /><hr /><p>
<a href="../../../all_runs.html">Test run history
</a>  |  <a href="../../../index.html">Top level test index
</a>  |  <a href="../../../suite.log.latest.html">Latest test result</a>
</p>
<div class="copyright">Copyright &copy; 2024 <a href="http://www.erlang.org">Open Telecom Platform</a><br />
Updated: <!--date-->Mon Oct 28 2024 14:49:07<!--/date--><br />
</div>
</center>
</body>
</html>
