<!DOCTYPE html PUBLIC "-//W3C//DTD XHTML 1.0 Transitional//EN"
"http://www.w3.org/TR/xhtml1/DTD/xhtml1-transitional.dtd">
<html xmlns="http://www.w3.org/1999/xhtml" xml:lang="en" lang="en">
<head>
<title>Test ct_testspec_3_SUITE:rec_incl_join_separate2 result</title>
<meta http-equiv="cache-control" content="no-cache"></meta>
<meta http-equiv="content-type" content="text/html; charset=utf-8"></meta>
<link rel="stylesheet" href="../../ct_default.css" type="text/css"></link>
<script type="text/javascript" src="../../jquery-latest.js"></script>
<script type="text/javascript" src="../../jquery.tablesorter.min.js"></script>
</head>
<body>

<a name="top"></a><pre>
=== Test case: <a href="ct_testspec_3_suite.src.html#rec_incl_join_separate2-1">ct_testspec_3_SUITE:rec_incl_join_separate2/1</a> (click for source code)

=== Config value:

    [{specs_dir1,"/buildroot/otp/lib/common_test/make_test_dir/common_test_test/ct_testspec_3_SUITE_data/specs1"},
     {specs_dir2,"/buildroot/otp/lib/common_test/make_test_dir/common_test_test/ct_testspec_3_SUITE_data/specs2"},
     {trace_level,50},
     {ct_opts,[]},
     {ct_node,ct@706142abe2f2},
     {watchdog,&lt;0.120924.0&gt;},
     {tc_logfile,"/buildroot/otp/lib/common_test/make_test_dir/ct_logs/ct_run.test_server@706142abe2f2.2024-10-28_16.46.45/make_test_dir.common_test_test.logs/run.2024-10-28_16.46.48/ct_testspec_3_suite.rec_incl_join_separate2.html"},
     {tc_group_properties,[]},
     {tc_group_path,[]},
     {data_dir,"/buildroot/otp/lib/common_test/make_test_dir/common_test_test/ct_testspec_3_SUITE_data/"},
     {priv_dir,"/buildroot/otp/lib/common_test/make_test_dir/ct_logs/ct_run.test_server@706142abe2f2.2024-10-28_16.46.45/make_test_dir.common_test_test.logs/run.2024-10-28_16.46.48/log_private/"},
     {nodenames,[]}]

=== Current directory is "/buildroot/otp/lib/common_test/make_test_dir/ct_logs/ct_run.test_server@706142abe2f2.2024-10-28_16.46.45"

=== Started at 2024-10-28 18:16:42

<br />
See Common Test logs here:

<a href="file:///buildroot/otp/lib/common_test/make_test_dir/ct_logs/ct_run.test_server@706142abe2f2.2024-10-28_16.46.45/make_test_dir.common_test_test.logs/run.2024-10-28_16.46.48/log_private/all_runs.html">/buildroot/otp/lib/common_test/make_test_dir/ct_logs/ct_run.test_server@706142abe2f2.2024-10-28_16.46.45/make_test_dir.common_test_test.logs/run.2024-10-28_16.46.48/log_private/all_runs.html</a>
<a href="file:///buildroot/otp/lib/common_test/make_test_dir/ct_logs/ct_run.test_server@706142abe2f2.2024-10-28_16.46.45/make_test_dir.common_test_test.logs/run.2024-10-28_16.46.48/log_private/index.html">/buildroot/otp/lib/common_test/make_test_dir/ct_logs/ct_run.test_server@706142abe2f2.2024-10-28_16.46.45/make_test_dir.common_test_test.logs/run.2024-10-28_16.46.48/log_private/index.html</a>

Event receiver &lt;20866.12062.0&gt; started!


[RUN #1] Calling ct:run_test([{logdir,
                                  "/buildroot/otp/lib/common_test/make_test_dir/ct_logs/ct_run.test_server@706142abe2f2.2024-10-28_16.46.45/make_test_dir.common_test_test.logs/run.2024-10-28_16.46.48/log_private/"},
                              {net_dir,[]},
                              {userconfig,
                                  {ct_testspec_3_SUITE,
                                      "rec_incl_join_separate2"}},
                              {spec,
                                  ["/buildroot/otp/lib/common_test/make_test_dir/common_test_test/ct_testspec_3_SUITE_data/specs1/rec_spec_join_sep1",
                                   "/buildroot/otp/lib/common_test/make_test_dir/common_test_test/ct_testspec_3_SUITE_data/specs2/rec_spec_join_sep2"]},
                              {label,rec_incl_join_separate2},
                              {join_specs,true},
                              {event_handler,
                                  {ct_test_support_eh,
                                      [{cbm,ct_test_support},
                                       {trace_level,50}]}}]) on ct@706142abe2f2


Common Test starting (cwd is /buildroot/otp/lib/common_test/make_test_dir/ct_logs/ct_run.test_server@706142abe2f2.2024-10-28_16.46.45)


Event Handler ct_test_support_eh started with [{cbm,ct_test_support},
                                               {trace_level,50}]


Common Test: Running make in test directories...


CWD set to: "/buildroot/otp/lib/common_test/make_test_dir/ct_logs/ct_run.test_server@706142abe2f2.2024-10-28_16.46.45/make_test_dir.common_test_test.logs/run.2024-10-28_16.46.48/log_private/ct_run.ct@706142abe2f2.2024-10-28_18.16.42"


TEST INFO: 2 test(s), 10 case(s) in 2 suite(s)


Testing ct_testspec_3_SUITE_data.tests2.t23_SUITE: Starting test, 5 test cases


- - - - - - - - - - - - - - - - - - - - - - - - - - - - - - - - - - - - - - - -
t23_SUITE:exit_tc failed on line 143
Reason: kaboom
- - - - - - - - - - - - - - - - - - - - - - - - - - - - - - - - - - - - - - - -


Testing ct_testspec_3_SUITE_data.tests2.t23_SUITE: *** FAILED test case 2 of 5 ***


- - - - - - - - - - - - - - - - - - - - - - - - - - - - - - - - - - - - - - - -
test_server:adjusted_sleep failed on line 1966
Reason: {timetrap_timeout,1}
- - - - - - - - - - - - - - - - - - - - - - - - - - - - - - - - - - - - - - - -


Testing ct_testspec_3_SUITE_data.tests2.t23_SUITE: *** FAILED test case 3 of 5 ***

Testing ct_testspec_3_SUITE_data.tests2.t23_SUITE: *** SKIPPED test case 4 of 5 ***

Testing ct_testspec_3_SUITE_data.tests2.t23_SUITE: *** SKIPPED test case 5 of 5 ***

Testing ct_testspec_3_SUITE_data.tests2.t23_SUITE: TEST COMPLETE, 1 ok, 2 failed, 2 skipped of 5 test cases


Testing ct_testspec_3_SUITE_data.tests2.t22_SUITE: Starting test, 5 test cases


- - - - - - - - - - - - - - - - - - - - - - - - - - - - - - - - - - - - - - - -
t22_SUITE:exit_tc failed on line 162
Reason: kaboom
- - - - - - - - - - - - - - - - - - - - - - - - - - - - - - - - - - - - - - - -


Testing ct_testspec_3_SUITE_data.tests2.t22_SUITE: *** FAILED test case 2 of 5 ***


- - - - - - - - - - - - - - - - - - - - - - - - - - - - - - - - - - - - - - - -
test_server:adjusted_sleep failed on line 1966
Reason: {timetrap_timeout,1}
- - - - - - - - - - - - - - - - - - - - - - - - - - - - - - - - - - - - - - - -


Testing ct_testspec_3_SUITE_data.tests2.t22_SUITE: *** FAILED test case 3 of 5 ***

Testing ct_testspec_3_SUITE_data.tests2.t22_SUITE: *** SKIPPED test case 4 of 5 ***

Testing ct_testspec_3_SUITE_data.tests2.t22_SUITE: *** SKIPPED test case 5 of 5 ***

Testing ct_testspec_3_SUITE_data.tests2.t22_SUITE: TEST COMPLETE, 1 ok, 2 failed, 2 skipped of 5 test cases


