=== Suite started at 2024-11-12 14:01:56
=== Starting test (with repeated test cases)
=cases         unknown
=user          otptest
=host          0dc5b4eee7ea
=hosts         0dc5b4eee7ea 
=emulator_vsn  15.1.2
=emulator      beam
=otp_release   28
=started       2024-11-12 14:01:56
=case          repeat_1_SUITE:init_per_suite
=logfile       repeat_1_suite.init_per_suite.html
=started       2024-11-12 14:01:56
=ended         2024-11-12 14:01:56
=result        ok
=elapsed       0.000001s
=case          repeat_1_SUITE:init_per_group
=logfile       repeat_1_suite.init_per_group.html
=group_props   [{name,repeat_cs_until_all_fail}]
=started       2024-11-12 14:01:56
=ended         2024-11-12 14:01:56
=result        ok
=elapsed       0.000010s
=case          repeat_1_SUITE:init_per_group
=logfile       repeat_1_suite.init_per_group.13954.html
=group_props   [{name,repeat_cs_until_all_fail_1},{repeat_until_all_fail,3}]
=started       2024-11-12 14:01:56
=ended         2024-11-12 14:01:56
=result        ok
=elapsed       0.000012s
=case          repeat_1_SUITE:tc_ok_then_fail_1
=logfile       repeat_1_suite.tc_ok_then_fail_1.html
=started       2024-11-12 14:01:56
=ended         2024-11-12 14:01:56
=result        ok
=elapsed       0.000003s
=case          repeat_1_SUITE:tc_fail_1
=logfile       repeat_1_suite.tc_fail_1.html
=started       2024-11-12 14:01:56
=ended         2024-11-12 14:01:56
=result        failed: {{badmatch,2},
                        [{repeat_1_SUITE,tc_fail_1,1,
                             [{file,"repeat_1_SUITE.erl"},{line,346}]},
                         {test_server,ts_tc,3,
                             [{file,"test_server.erl"},{line,1794}]},
                         {test_server,run_test_case_eval1,6,
                             [{file,"test_server.erl"},{line,1303}]},
                         {test_server,run_test_case_eval,9,
                             [{file,"test_server.erl"},{line,1235}]}]}, [{repeat_1_SUITE,
                                                                          tc_fail_1,
                                                                          346},
                                                                         {test_server,
                                                                          ts_tc,
                                                                          1794},
                                                                         {test_server,
                                                                          run_test_case_eval1,
                                                                          1303},
                                                                         {test_server,
                                                                          run_test_case_eval,
                                                                          1235}]
=elapsed       0.000002s
=== *** FAILED test case 2 ***
=case          repeat_1_SUITE:tc_ok_then_fail_2
=logfile       repeat_1_suite.tc_ok_then_fail_2.html
=started       2024-11-12 14:01:56
=ended         2024-11-12 14:01:56
=result        ok
=elapsed       0.000004s
=case          repeat_1_SUITE:end_per_group
=logfile       repeat_1_suite.end_per_group.html
=group_props   [{name,repeat_cs_until_all_fail_1},{repeat_until_all_fail,3}]
=started       2024-11-12 14:01:56
=ended         2024-11-12 14:01:56
=result        ok
=elapsed       0.000010s
=group_time    0.114s
=case          repeat_1_SUITE:init_per_group
=logfile       repeat_1_suite.init_per_group.13986.html
=group_props   [{repeat_until_all_fail,2},{name,repeat_cs_until_all_fail_1}]
=started       2024-11-12 14:01:56
=ended         2024-11-12 14:01:56
=result        ok
=elapsed       0.000009s
=case          repeat_1_SUITE:tc_ok_then_fail_1
=logfile       repeat_1_suite.tc_ok_then_fail_1.14018.html
=started       2024-11-12 14:01:56
=ended         2024-11-12 14:01:56
=result        failed: failing_this_time, [{repeat_1_SUITE,
                                            '-tc_ok_then_fail_1/1-fun-1-',353},
                                           {repeat_1_SUITE,tc_ok_then_fail_1,
                                            352},
                                           {test_server,ts_tc,1794},
                                           {test_server,run_test_case_eval1,
                                            1303},
                                           {test_server,run_test_case_eval,
                                            1235}]
=elapsed       0.000084s
=== *** FAILED test case 4 ***
=case          repeat_1_SUITE:tc_fail_1
=logfile       repeat_1_suite.tc_fail_1.14050.html
=started       2024-11-12 14:01:56
=ended         2024-11-12 14:01:56
=result        failed: {{badmatch,2},
                        [{repeat_1_SUITE,tc_fail_1,1,
                             [{file,"repeat_1_SUITE.erl"},{line,346}]},
                         {test_server,ts_tc,3,
                             [{file,"test_server.erl"},{line,1794}]},
                         {test_server,run_test_case_eval1,6,
                             [{file,"test_server.erl"},{line,1303}]},
                         {test_server,run_test_case_eval,9,
                             [{file,"test_server.erl"},{line,1235}]}]}, [{repeat_1_SUITE,
                                                                          tc_fail_1,
                                                                          346},
                                                                         {test_server,
                                                                          ts_tc,
                                                                          1794},
                                                                         {test_server,
                                                                          run_test_case_eval1,
                                                                          1303},
                                                                         {test_server,
                                                                          run_test_case_eval,
                                                                          1235}]
=elapsed       0.000002s
=== *** FAILED test case 5 ***
=case          repeat_1_SUITE:tc_ok_then_fail_2
=logfile       repeat_1_suite.tc_ok_then_fail_2.14082.html
=started       2024-11-12 14:01:56
=ended         2024-11-12 14:01:56
=result        failed: failing_this_time, [{repeat_1_SUITE,
                                            '-tc_ok_then_fail_2/1-fun-1-',359},
                                           {repeat_1_SUITE,tc_ok_then_fail_2,
                                            358},
                                           {test_server,ts_tc,1794},
                                           {test_server,run_test_case_eval1,
                                            1303},
                                           {test_server,run_test_case_eval,
                                            1235}]
=elapsed       0.000086s
=== *** FAILED test case 6 ***
=case          repeat_1_SUITE:end_per_group
=logfile       repeat_1_suite.end_per_group.14114.html
=group_props   [{repeat_until_all_fail,2},{name,repeat_cs_until_all_fail_1}]
=started       2024-11-12 14:01:56
=ended         2024-11-12 14:01:56
=result        ok
=elapsed       0.000010s
=group_time    0.115s
=== Stopping repeat operation {repeat_until_all_fail,2}
=case          repeat_1_SUITE:init_per_group
=logfile       repeat_1_suite.init_per_group.14146.html
=group_props   [{name,repeat_cs_until_all_fail_2},{repeat_until_all_fail,3}]
=started       2024-11-12 14:01:56
=ended         2024-11-12 14:01:56
=result        ok
=elapsed       0.000010s
=case          repeat_1_SUITE:tc_fail_1
=logfile       repeat_1_suite.tc_fail_1.14178.html
=started       2024-11-12 14:01:56
=ended         2024-11-12 14:01:56
=result        failed: {{badmatch,2},
                        [{repeat_1_SUITE,tc_fail_1,1,
                             [{file,"repeat_1_SUITE.erl"},{line,346}]},
                         {test_server,ts_tc,3,
                             [{file,"test_server.erl"},{line,1794}]},
                         {test_server,run_test_case_eval1,6,
                             [{file,"test_server.erl"},{line,1303}]},
                         {test_server,run_test_case_eval,9,
                             [{file,"test_server.erl"},{line,1235}]}]}, [{repeat_1_SUITE,
                                                                          tc_fail_1,
                                                                          346},
                                                                         {test_server,
                                                                          ts_tc,
                                                                          1794},
                                                                         {test_server,
                                                                          run_test_case_eval1,
                                                                          1303},
                                                                         {test_server,
                                                                          run_test_case_eval,
                                                                          1235}]
=elapsed       0.000002s
=== *** FAILED test case 7 ***
=case          repeat_1_SUITE:end_per_group
=logfile       repeat_1_suite.end_per_group.14210.html
=group_props   [{name,repeat_cs_until_all_fail_2},{repeat_until_all_fail,3}]
=started       2024-11-12 14:01:56
=ended         2024-11-12 14:01:56
=result        ok
=elapsed       0.000009s
=group_time    0.057s
=== Stopping repeat operation {repeat_until_all_fail,3}
=case          repeat_1_SUITE:end_per_group
=logfile       repeat_1_suite.end_per_group.14242.html
=group_props   [{name,repeat_cs_until_all_fail}]
=started       2024-11-12 14:01:56
=ended         2024-11-12 14:01:56
=result        ok
=elapsed       0.000010s
=group_time    0.400s
=case          repeat_1_SUITE:end_per_suite
=logfile       repeat_1_suite.end_per_suite.html
=started       2024-11-12 14:01:56
=ended         2024-11-12 14:01:56
=result        ok
=elapsed       0.000006s
=group_time    0.457s
=== TEST COMPLETE, 2 ok, 5 failed of 7 test cases

=finished      2024-11-12 14:01:56
=failed        5
=successful    2
=user_skipped  0
=auto_skipped  0
=elapsed_time  531365
