=== Suite started at 2024-11-12 13:36:25
=== Starting test, 14 test cases
=cases         14
=user          otptest
=host          0dc5b4eee7ea
=hosts         0dc5b4eee7ea 
=emulator_vsn  15.1.2
=emulator      beam
=otp_release   28
=started       2024-11-12 13:36:25
=case          lib_error_1_SUITE:init_per_suite
=logfile       lib_error_1_suite.init_per_suite.html
=started       2024-11-12 13:36:25
=ended         2024-11-12 13:36:25
=result        ok
=elapsed       0.000000s
=case          lib_error_1_SUITE:lines_error
=logfile       lib_error_1_suite.lines_error.html
=started       2024-11-12 13:36:25
=ended         2024-11-12 13:36:25
=result        failed: {{badmatch,[1,2]},
                        [{lib_lines,do_error,0,
                             [{file,"lib_lines.erl"},{line,9}]},
                         {lib_error_1_SUITE,lines_error,1,
                             [{file,"lib_error_1_SUITE.erl"},{line,117}]},
                         {test_server,ts_tc,3,
                             [{file,"test_server.erl"},{line,1794}]},
                         {test_server,run_test_case_eval1,6,
                             [{file,"test_server.erl"},{line,1303}]},
                         {test_server,run_test_case_eval,9,
                             [{file,"test_server.erl"},{line,1235}]}]}, [{lib_lines,
                                                                          do_error,
                                                                          9},
                                                                         {lib_error_1_SUITE,
                                                                          lines_error,
                                                                          117},
                                                                         {test_server,
                                                                          ts_tc,
                                                                          1794},
                                                                         {test_server,
                                                                          run_test_case_eval1,
                                                                          1303},
                                                                         {test_server,
                                                                          run_test_case_eval,
                                                                          1235}]
=elapsed       0.000342s
=== *** FAILED test case 1 of 14 ***
=case          lib_error_1_SUITE:lines_exit
=logfile       lib_error_1_suite.lines_exit.html
=started       2024-11-12 13:36:25
=ended         2024-11-12 13:36:25
=result        failed: byebye, [{lib_lines,do_exit,14},
                                {lib_error_1_SUITE,lines_exit,122},
                                {test_server,ts_tc,1794},
                                {test_server,run_test_case_eval1,1303},
                                {test_server,run_test_case_eval,1235}]
=elapsed       0.000293s
=== *** FAILED test case 2 of 14 ***
=case          lib_error_1_SUITE:lines_hang
=logfile       lib_error_1_suite.lines_hang.html
=started       2024-11-12 13:36:25
=ended         2024-11-12 13:36:28
=result        failed: timeout, [{lib_lines,do_hang,18},
                                 {lib_error_1_SUITE,lines_hang,127},
                                 {test_server,ts_tc,1794},
                                 {test_server,run_test_case_eval1,1303},
                                 {test_server,run_test_case_eval,1235}]
=elapsed       3000.000000s
=== *** FAILED test case 3 of 14 ***
=case          lib_error_1_SUITE:lines_throw
=logfile       lib_error_1_suite.lines_throw.html
=started       2024-11-12 13:36:28
=ended         2024-11-12 13:36:28
=result        failed: {thrown,
                           {catch_me_if_u_can,
                               [{lib_lines,do_throw,0,
                                    [{file,"lib_lines.erl"},{line,24}]},
                                {lib_error_1_SUITE,lines_throw,1,
                                    [{file,"lib_error_1_SUITE.erl"},
                                     {line,132}]},
                                {test_server,ts_tc,3,
                                    [{file,"test_server.erl"},{line,1794}]},
                                {test_server,run_test_case_eval1,6,
                                    [{file,"test_server.erl"},{line,1303}]},
                                {test_server,run_test_case_eval,9,
                                    [{file,"test_server.erl"},{line,1235}]}]}}, [{lib_error_1_SUITE,
                                                                                  lines_throw}]
=elapsed       0.000326s
=== *** FAILED test case 4 of 14 ***
=case          lib_error_1_SUITE:no_lines_error
=logfile       lib_error_1_suite.no_lines_error.html
=started       2024-11-12 13:36:28
=ended         2024-11-12 13:36:28
=result        failed: {{badmatch,[1,2]},
                        [{lib_no_lines,do_error,0,
                             [{file,"lib_no_lines.erl"},{line,7}]},
                         {lib_error_1_SUITE,no_lines_error,1,
                             [{file,"lib_error_1_SUITE.erl"},{line,137}]},
                         {test_server,ts_tc,3,
                             [{file,"test_server.erl"},{line,1794}]},
                         {test_server,run_test_case_eval1,6,
                             [{file,"test_server.erl"},{line,1303}]},
                         {test_server,run_test_case_eval,9,
                             [{file,"test_server.erl"},{line,1235}]}]}, [{lib_no_lines,
                                                                          do_error,
                                                                          7},
                                                                         {lib_error_1_SUITE,
                                                                          no_lines_error,
                                                                          137},
                                                                         {test_server,
                                                                          ts_tc,
                                                                          1794},
                                                                         {test_server,
                                                                          run_test_case_eval1,
                                                                          1303},
                                                                         {test_server,
                                                                          run_test_case_eval,
                                                                          1235}]
=elapsed       0.000306s
=== *** FAILED test case 5 of 14 ***
=case          lib_error_1_SUITE:no_lines_exit
=logfile       lib_error_1_suite.no_lines_exit.html
=started       2024-11-12 13:36:28
=ended         2024-11-12 13:36:28
=result        failed: byebye, [{lib_no_lines,do_exit,12},
                                {lib_error_1_SUITE,no_lines_exit,142},
                                {test_server,ts_tc,1794},
                                {test_server,run_test_case_eval1,1303},
                                {test_server,run_test_case_eval,1235}]
=elapsed       0.000259s
=== *** FAILED test case 6 of 14 ***
=case          lib_error_1_SUITE:no_lines_hang
=logfile       lib_error_1_suite.no_lines_hang.html
=started       2024-11-12 13:36:28
=ended         2024-11-12 13:36:31
=result        failed: timeout, [{lib_no_lines,do_hang,16},
                                 {lib_error_1_SUITE,no_lines_hang,147},
                                 {test_server,ts_tc,1794},
                                 {test_server,run_test_case_eval1,1303},
                                 {test_server,run_test_case_eval,1235}]
=elapsed       3000.000000s
=== *** FAILED test case 7 of 14 ***
=case          lib_error_1_SUITE:no_lines_throw
=logfile       lib_error_1_suite.no_lines_throw.html
=started       2024-11-12 13:36:31
=ended         2024-11-12 13:36:31
=result        failed: {thrown,
                           {catch_me_if_u_can,
                               [{lib_no_lines,do_throw,0,
                                    [{file,"lib_no_lines.erl"},{line,22}]},
                                {lib_error_1_SUITE,no_lines_throw,1,
                                    [{file,"lib_error_1_SUITE.erl"},
                                     {line,152}]},
                                {test_server,ts_tc,3,
                                    [{file,"test_server.erl"},{line,1794}]},
                                {test_server,run_test_case_eval1,6,
                                    [{file,"test_server.erl"},{line,1303}]},
                                {test_server,run_test_case_eval,9,
                                    [{file,"test_server.erl"},{line,1235}]}]}}, [{lib_error_1_SUITE,
                                                                                  no_lines_throw}]
=elapsed       0.000266s
=== *** FAILED test case 8 of 14 ***
=case          lib_error_1_SUITE:init_tc_error
=logfile       lib_error_1_suite.init_tc_error.html
=started       2024-11-12 13:36:31
=== Error! ct_framework:init_tc(lib_error_1_SUITE,{init_per_testcase,init_tc_error},...) failed!
    Reason: {{badmatch,[1,2]},
             [{lib_no_lines,do_error,0,[{file,"lib_no_lines.erl"},{line,7}]},
              {lib_error_1_SUITE,'-init_tc_error/0-fun-0-',2,
                                 [{file,"lib_error_1_SUITE.erl"},{line,157}]},
              {ct_framework,init_tc2,7,[{file,"ct_framework.erl"},{line,259}]},
              {test_server_sup,framework_call,4,
                               [{file,"test_server_sup.erl"},{line,779}]},
              {test_server,run_test_case_eval,9,
                           [{file,"test_server.erl"},{line,1229}]}]}

=ended         2024-11-12 13:36:31
=result        auto_skipped: {failed,
                              {ct_framework,init_tc,
                               {{badmatch,[1,2]},
                                [{lib_no_lines,do_error,0,
                                  [{file,"lib_no_lines.erl"},{line,7}]},
                                 {lib_error_1_SUITE,
                                  '-init_tc_error/0-fun-0-',2,
                                  [{file,"lib_error_1_SUITE.erl"},{line,157}]},
                                 {ct_framework,init_tc2,7,
                                  [{file,"ct_framework.erl"},{line,259}]},
                                 {test_server_sup,framework_call,4,
                                  [{file,"test_server_sup.erl"},{line,779}]},
                                 {test_server,run_test_case_eval,9,
                                  [{file,"test_server.erl"},{line,1229}]}]}}}
=elapsed       0.000000s
=== *** SKIPPED test case 9 of 14 ***
=case          lib_error_1_SUITE:init_tc_exit
=logfile       lib_error_1_suite.init_tc_exit.html
=started       2024-11-12 13:36:31
=== Error! ct_framework:init_tc(lib_error_1_SUITE,{init_per_testcase,init_tc_exit},...) failed!
    Reason: byebye

=ended         2024-11-12 13:36:31
=result        auto_skipped: {failed,{ct_framework,init_tc,byebye}}
=elapsed       0.000000s
=== *** SKIPPED test case 10 of 14 ***
=case          lib_error_1_SUITE:init_tc_throw
=logfile       lib_error_1_suite.init_tc_throw.html
=started       2024-11-12 13:36:31
=== Error! ct_framework:init_tc(lib_error_1_SUITE,{init_per_testcase,init_tc_throw},...) failed!
    Reason: catch_me_if_u_can

=ended         2024-11-12 13:36:31
=result        auto_skipped: {failed,{ct_framework,init_tc,catch_me_if_u_can}}
=elapsed       0.000000s
=== *** SKIPPED test case 11 of 14 ***
=case          lib_error_1_SUITE:end_tc_error
=logfile       lib_error_1_suite.end_tc_error.html
=started       2024-11-12 13:36:31
=== WARNING! ct_framework:end_tc(lib_error_1_SUITE,{end_per_testcase,end_tc_error},...) failed!
    Reason: {{badmatch,[1,2]},
             [{lib_no_lines,do_error,0,[{file,"lib_no_lines.erl"},{line,7}]},
              {lib_error_1_SUITE,'-end_tc_error/1-fun-0-',2,
                                 [{file,"lib_error_1_SUITE.erl"},{line,184}]},
              {ct_framework,end_tc,6,[{file,"ct_framework.erl"},{line,791}]},
              {test_server_sup,framework_call,4,
                               [{file,"test_server_sup.erl"},{line,779}]},
              {test_server,do_end_tc_call1,4,
                           [{file,"test_server.erl"},{line,1440}]},
              {test_server,run_test_case_eval1,6,
                           [{file,"test_server.erl"},{line,1370}]},
              {test_server,run_test_case_eval,9,
                           [{file,"test_server.erl"},{line,1235}]}]}

=ended         2024-11-12 13:36:31
=result        ok
=elapsed       0.000000s
=case          lib_error_1_SUITE:end_tc_exit
=logfile       lib_error_1_suite.end_tc_exit.html
=started       2024-11-12 13:36:31
=== WARNING! ct_framework:end_tc(lib_error_1_SUITE,{end_per_testcase,end_tc_exit},...) failed!
    Reason: byebye

=ended         2024-11-12 13:36:31
=result        ok
=elapsed       0.000000s
=case          lib_error_1_SUITE:end_tc_throw
=logfile       lib_error_1_suite.end_tc_throw.html
=started       2024-11-12 13:36:31
=== WARNING! ct_framework:end_tc(lib_error_1_SUITE,{end_per_testcase,end_tc_throw},...) failed!
    Reason: catch_me_if_u_can

=ended         2024-11-12 13:36:31
=result        ok
=elapsed       0.000000s
=case          lib_error_1_SUITE:end_per_suite
=logfile       lib_error_1_suite.end_per_suite.html
=started       2024-11-12 13:36:31
=ended         2024-11-12 13:36:31
=result        ok
=elapsed       0.000000s
=group_time    6.431s
=== TEST COMPLETE, 3 ok, 8 failed, 3 skipped of 14 test cases

=finished      2024-11-12 13:36:31
=failed        8
=successful    3
=user_skipped  0
=auto_skipped  3
=elapsed_time  6494612
