=== Suite started at 2024-10-28 17:44:32
=== Starting test, 11 test cases
=cases         11
=user          otptest
=host          706142abe2f2
=hosts         706142abe2f2 
=emulator_vsn  15.1.2
=emulator      beam
=otp_release   28
=started       2024-10-28 17:44:32
=case          surefire_SUITE:init_per_suite
=logfile       surefire_suite.init_per_suite.html
=started       2024-10-28 17:44:33
=ended         2024-10-28 17:44:33
=result        ok
=elapsed       0.000000s
=case          surefire_SUITE:tc_ok
=logfile       surefire_suite.tc_ok.html
=started       2024-10-28 17:44:33
=ended         2024-10-28 17:44:33
=result        ok
=elapsed       0.000000s
=case          surefire_SUITE:tc_fail
=logfile       surefire_suite.tc_fail.html
=started       2024-10-28 17:44:33
=ended         2024-10-28 17:44:33
=result        failed: {test_case_failed,"this test should fail"}, [{test_server,
                                                                     ts_tc,
                                                                     1794},
                                                                    {test_server,
                                                                     run_test_case_eval1,
                                                                     1303},
                                                                    {test_server,
                                                                     run_test_case_eval,
                                                                     1235}]
=elapsed       0.000005s
=== *** FAILED test case 2 of 11 ***
=case          surefire_SUITE:tc_badmatch
=logfile       surefire_suite.tc_badmatch.html
=started       2024-10-28 17:44:33
=ended         2024-10-28 17:44:33
=result        failed: {{badmatch,nok},
                        [{surefire_SUITE,tc_badmatch,1,
                             [{file,"surefire_SUITE.erl"},{line,89}]},
                         {test_server,ts_tc,3,
                             [{file,"test_server.erl"},{line,1794}]},
                         {test_server,run_test_case_eval1,6,
                             [{file,"test_server.erl"},{line,1303}]},
                         {test_server,run_test_case_eval,9,
                             [{file,"test_server.erl"},{line,1235}]}]}, [{surefire_SUITE,
                                                                          tc_badmatch,
                                                                          89},
                                                                         {test_server,
                                                                          ts_tc,
                                                                          1794},
                                                                         {test_server,
                                                                          run_test_case_eval1,
                                                                          1303},
                                                                         {test_server,
                                                                          run_test_case_eval,
                                                                          1235}]
=elapsed       0.000002s
=== *** FAILED test case 3 of 11 ***
=case          surefire_SUITE:tc_skip
=logfile       surefire_suite.tc_skip.html
=started       2024-10-28 17:44:33
=ended         2024-10-28 17:44:33
=result        skipped: "this test is skipped"
=elapsed       0.000000s
=== *** SKIPPED test case 4 of 11 ***
=case          surefire_SUITE:tc_autoskip_require
=logfile       surefire_suite.tc_autoskip_require.html
=started       2024-10-28 17:44:33
=ended         2024-10-28 17:44:33
=result        auto_skipped: {require_failed,{not_available,whatever}}
=elapsed       0.000000s
=== *** SKIPPED test case 5 of 11 ***
=case          surefire_SUITE:init_per_group
=logfile       surefire_suite.init_per_group.html
=group_props   [{name,g}]
=started       2024-10-28 17:44:33
=ended         2024-10-28 17:44:33
=result        ok
=elapsed       0.000000s
=case          surefire_SUITE:tc_ok
=logfile       surefire_suite.tc_ok.866.html
=started       2024-10-28 17:44:33
=ended         2024-10-28 17:44:33
=result        ok
=elapsed       0.000000s
=case          surefire_SUITE:tc_fail
=logfile       surefire_suite.tc_fail.898.html
=started       2024-10-28 17:44:33
=ended         2024-10-28 17:44:33
=result        failed: {test_case_failed,"this test should fail"}, [{test_server,
                                                                     ts_tc,
                                                                     1794},
                                                                    {test_server,
                                                                     run_test_case_eval1,
                                                                     1303},
                                                                    {test_server,
                                                                     run_test_case_eval,
                                                                     1235}]
=elapsed       0.000003s
=== *** FAILED test case 7 of 11 ***
=case          surefire_SUITE:tc_badmatch
=logfile       surefire_suite.tc_badmatch.930.html
=started       2024-10-28 17:44:33
=ended         2024-10-28 17:44:33
=result        failed: {{badmatch,nok},
                        [{surefire_SUITE,tc_badmatch,1,
                             [{file,"surefire_SUITE.erl"},{line,89}]},
                         {test_server,ts_tc,3,
                             [{file,"test_server.erl"},{line,1794}]},
                         {test_server,run_test_case_eval1,6,
                             [{file,"test_server.erl"},{line,1303}]},
                         {test_server,run_test_case_eval,9,
                             [{file,"test_server.erl"},{line,1235}]}]}, [{surefire_SUITE,
                                                                          tc_badmatch,
                                                                          89},
                                                                         {test_server,
                                                                          ts_tc,
                                                                          1794},
                                                                         {test_server,
                                                                          run_test_case_eval1,
                                                                          1303},
                                                                         {test_server,
                                                                          run_test_case_eval,
                                                                          1235}]
=elapsed       0.000002s
=== *** FAILED test case 8 of 11 ***
=case          surefire_SUITE:tc_skip
=logfile       surefire_suite.tc_skip.962.html
=started       2024-10-28 17:44:33
=ended         2024-10-28 17:44:33
=result        skipped: "this test is skipped"
=elapsed       0.000001s
=== *** SKIPPED test case 9 of 11 ***
=case          surefire_SUITE:tc_autoskip_require
=logfile       surefire_suite.tc_autoskip_require.994.html
=started       2024-10-28 17:44:33
=ended         2024-10-28 17:44:33
=result        auto_skipped: {require_failed,{not_available,whatever}}
=elapsed       0.000000s
=== *** SKIPPED test case 10 of 11 ***
=case          surefire_SUITE:end_per_group
=logfile       surefire_suite.end_per_group.html
=group_props   [{name,g}]
=started       2024-10-28 17:44:33
=ended         2024-10-28 17:44:33
=result        ok
=elapsed       0.000000s
=group_time    0.170s
=case          surefire_SUITE:init_per_group
=logfile       surefire_suite.init_per_group.1026.html
=group_props   [{name,g_fail}]
=started       2024-10-28 17:44:33
=ended         2024-10-28 17:44:33
=result        failed: all_cases_should_be_skipped, [{surefire_SUITE,
                                                      init_per_group,58},
                                                     {test_server,ts_tc,1794},
                                                     {test_server,
                                                      run_test_case_eval1,
                                                      1391},
                                                     {test_server,
                                                      run_test_case_eval,
                                                      1235}]
=elapsed       0.000003s
=== *** FAILED {surefire_SUITE,init_per_group} ***
=== 
=case          surefire_SUITE:tc_ok
=group_props   [{name,"g_fail"}]
=started       2024-10-28 17:44:33
=result        auto_skipped: init_per_group failed
=== *** Skipping test case #11 {surefire_SUITE,tc_ok} ***
=== 
=case          surefire_SUITE:end_per_group
=group_props   [{name,"g_fail"}]
=started       2024-10-28 17:44:33
=result        auto_skipped: init_per_group failed
=== *** Skipping {surefire_SUITE,end_per_group} ***
=case          surefire_SUITE:end_per_suite
=logfile       surefire_suite.end_per_suite.html
=started       2024-10-28 17:44:33
=ended         2024-10-28 17:44:33
=result        ok
=elapsed       0.000000s
=group_time    0.408s
=== TEST COMPLETE, 2 ok, 4 failed, 5 skipped of 11 test cases

=finished      2024-10-28 17:44:33
=failed        4
=successful    2
=user_skipped  2
=auto_skipped  3
=elapsed_time  478214
