<!DOCTYPE html PUBLIC "-//W3C//DTD XHTML 1.0 Transitional//EN"
"http://www.w3.org/TR/xhtml1/DTD/xhtml1-transitional.dtd">
<html xmlns="http://www.w3.org/1999/xhtml" xml:lang="en" lang="en">
<head>
<title>Test compilation_SUITE:self_compile result</title>
<meta http-equiv="cache-control" content="no-cache"></meta>
<meta http-equiv="content-type" content="text/html; charset=utf-8"></meta>
<link rel="stylesheet" href="../../ct_default.css" type="text/css"></link>
<script type="text/javascript" src="../../jquery-latest.js"></script>
<script type="text/javascript" src="../../jquery.tablesorter.min.js"></script>
</head>
<body>

<a name="top"></a><pre>
=== Test case: <a href="compilation_suite.src.html#self_compile-1">compilation_SUITE:self_compile/1</a> (click for source code)

=== Config value:

    [{watchdog,&lt;0.22048.0&gt;},
     {tc_logfile,"/buildroot/otp/lib/compiler/make_test_dir/ct_logs/ct_run.test_server@2ea91dca5ff9.2024-07-31_14.13.36/make_test_dir.compiler_test.logs/run.2024-07-31_14.15.28/compilation_suite.self_compile.html"},
     {tc_group_properties,[]},
     {tc_group_path,[]},
     {data_dir,"/buildroot/otp/lib/compiler/make_test_dir/compiler_test/compilation_SUITE_data/"},
     {priv_dir,"/buildroot/otp/lib/compiler/make_test_dir/ct_logs/ct_run.test_server@2ea91dca5ff9.2024-07-31_14.13.36/make_test_dir.compiler_test.logs/run.2024-07-31_14.15.28/log_private/"},
     {nodenames,[]}]

=== Current directory is "/buildroot/otp/lib/compiler/make_test_dir/ct_logs/ct_run.test_server@2ea91dca5ff9.2024-07-31_14.13.36"

=== Started at 2024-07-31 14:16:35

<br />

</pre>
<div class="default"><pre><b>*** User 2024-07-31 14:16:35.183 ***</b><a id=e-113 class="link-to-entry" href="#e-113">&#x1f517;</a>
Starting self_compile

</pre></div>
<pre>

</pre>
<div class="default"><pre><b>*** User 2024-07-31 14:16:35.185 ***</b><a id=e-114 class="link-to-entry" href="#e-114">&#x1f517;</a>
self_compile_1: 0

</pre></div>
<pre>
/buildroot/otp/Erlang ∅⊤℞/lib/compiler-8.5.1/ebin/compile.beam
Compiling 8.5.0 into /buildroot/otp/lib/compiler/make_test_dir/ct_logs/ct_run.test_server@2ea91dca5ff9.2024-07-31_14.13.36/make_test_dir.compiler_test.logs/run.2024-07-31_14.15.28/log_private/newcompiler_a
p_run: 5 parallel processes; 60 jobs

/buildroot/otp/Erlang ∅⊤℞/lib/compiler-8.5.1/src/beam_asm.erl:241: Warning: BINARY CREATED: binary is returned from the function
%  241| finalize_fun_table_1(&lt;&lt;"FunT",Keep:8/binary,Table0/binary&gt;&gt;, MD5) -&gt;


/buildroot/otp/Erlang ∅⊤℞/lib/compiler-8.5.1/src/beam_asm.erl:243: Warning: OPTIMIZED: match context reused
%  243|     Table = finalize_fun_table_2(Table0, Uniq, &lt;&lt;&gt;&gt;),


/buildroot/otp/Erlang ∅⊤℞/lib/compiler-8.5.1/src/beam_asm.erl:248: Warning: OPTIMIZED: match context reused
%  248|     finalize_fun_table_2(T, Uniq, &lt;&lt;Acc/binary,Keep/binary,Uniq:32&gt;&gt;);


/buildroot/otp/Erlang ∅⊤℞/lib/compiler-8.5.1/src/beam_ssa_alias.erl:35:10: can't find include file "beam_ssa_alias_debug.hrl"
%   35| -include("beam_ssa_alias_debug.hrl").
%     |          ^



</pre>
<div class="ct_error_notify"><pre><b>*** CT Error Notification 2024-07-31 14:16:37.533 ***</b><a id=e-116 class="link-to-entry" href="#e-116">&#x1f517;</a>
test_lib:p_run_loop failed on line 198
Reason: {case_clause,{badarg,[...]}}

<a href="#end">Full error description and stacktrace</a>
</pre></div>
<pre>

</pre>
<div class="sasl"><pre><b>*** System report during compilation_SUITE:self_compile/1 2024-07-31 14:16:37.530 ***</b><a id=e-115 class="link-to-entry" href="#e-115">&#x1f517;</a>
=ERROR REPORT==== 31-Jul-2024::14:16:37.528743 ===
Error in process &lt;0.22289.0&gt; on node test_server@2ea91dca5ff9 with exit value:
{badarg,[{io,format,
             [user,
              "\n----------------------------------------------------\n2024-07-31 14:16:37.521\n!! ~s: error: ~p~n\n\n",
              [[47,98,117,105,108,100,114,111,111,116,47,111,116,112,47,69,
                114,108,97,110,103,32,8709,8868,8478,47,108,105,98,47,99,111,
                109,112,105,108,101,114,45,56,46,53,46,49,47,115,114,99,47,98,
                101,97,109,95,115,115,97,95,97,108,105,97,115,46,101,114,108],
               error]],
             [{file,"io.erl"},
              {line,203},
              {error_info,#{cause =&gt; {device,format},
                            module =&gt; erl_stdlib_errors}}]},
         {ct_logs,tc_print,5,[{file,"ct_logs.erl"},{line,557}]},
         {ct_logs,tc_pal,5,[{file,"ct_logs.erl"},{line,600}]},
         {compilation_SUITE,'-compile_compiler/4-fun-0-',2,
                            [{file,"compilation_SUITE.erl"},{line,383}]},
         {test_lib,'-p_run_loop/6-fun-0-',2,
                   [{file,"test_lib.erl"},{line,193}]}]}


</pre></div>
<pre>
<a name="end"></a>


=== Ended at 2024-07-31 14:16:37
=== Location: [{test_lib,p_run_loop,198},
              {compilation_SUITE,self_compile_1,<a href="compilation_suite.src.html#334">334</a>},
              {test_server,ts_tc,1794},
              {test_server,run_test_case_eval1,1303},
              {test_server,run_test_case_eval,1235}]
=== === Reason: no case clause matching 
                 {badarg,
                     [{io,format,
                          [user,
                           "\n----------------------------------------------------\n2024-07-31 14:16:37.521\n!! ~s: error: ~p~n\n\n",
                           [[47,98,117,105,108,100,114,111,111,116,47,111,116,
                             112,47,69,114,108,97,110,103,32,8709,8868,8478,
                             47,108,105,98,47,99,111,109,112,105,108,101,114,
                             45,56,46,53,46,49,47,115,114,99,47,98,101,97,109,
                             95,115,115,97,95,97,108,105,97,115,46,101,114,
                             108],
                            error]],
                          [{file,"io.erl"},
                           {line,203},
                           {error_info,
                               #{cause =&gt; {device,format},
                                 module =&gt; erl_stdlib_errors}}]},
                      {ct_logs,tc_print,5,[{file,"ct_logs.erl"},{line,557}]},
                      {ct_logs,tc_pal,5,[{file,"ct_logs.erl"},{line,600}]},
                      {compilation_SUITE,'-compile_compiler/4-fun-0-',2,
                          [{file,"compilation_SUITE.erl"},{line,383}]},
                      {test_lib,'-p_run_loop/6-fun-0-',2,
                          [{file,"test_lib.erl"},{line,193}]}]}
  in function  test_lib:p_run_loop/6 (test_lib.erl, line 198)
  in call from compilation_SUITE:self_compile_1/3 (compilation_SUITE.erl, line 334)
  in call from test_server:ts_tc/3 (test_server.erl, line 1794)
  in call from test_server:run_test_case_eval1/6 (test_server.erl, line 1303)
  in call from test_server:run_test_case_eval/9 (test_server.erl, line 1235)
</pre>
<center>
<br /><hr /><p>
<a href="../../../all_runs.html">Test run history
</a>  |  <a href="../../../index.html">Top level test index
</a>  |  <a href="../../../suite.log.latest.html">Latest test result</a>
</p>
<div class="copyright">Copyright &copy; 2024 <a href="http://www.erlang.org">Open Telecom Platform</a><br />
Updated: <!--date-->Wed Jul 31 2024 14:16:35<!--/date--><br />
</div>
</center>
</body>
</html>
