=== Suite started at 2024-10-28 18:11:27
=== Starting test, 5 test cases
=cases         5
=user          otptest
=host          706142abe2f2
=hosts         706142abe2f2 
=emulator_vsn  15.1.2
=emulator      beam
=otp_release   28
=started       2024-10-28 18:11:27
=case          t11_SUITE:init_per_suite
=logfile       t11_suite.init_per_suite.html
=started       2024-10-28 18:11:27
=ended         2024-10-28 18:11:27
=result        ok
=elapsed       0.000046s
=case          t11_SUITE:ok_tc
=logfile       t11_suite.ok_tc.html
=started       2024-10-28 18:11:27
=ended         2024-10-28 18:11:27
=result        ok
=elapsed       0.000000s
=case          t11_SUITE:exit_tc
=logfile       t11_suite.exit_tc.html
=started       2024-10-28 18:11:27
=ended         2024-10-28 18:11:27
=result        failed: kaboom, [{t11_SUITE,exit_tc,186},
                                {test_server,ts_tc,1794},
                                {test_server,run_test_case_eval1,1303},
                                {test_server,run_test_case_eval,1235}]
=elapsed       0.000002s
=== *** FAILED test case 2 of 5 ***
=case          t11_SUITE:to_tc
=logfile       t11_suite.to_tc.html
=started       2024-10-28 18:11:27
=ended         2024-10-28 18:11:27
=result        failed: timeout, [{test_server,adjusted_sleep,1966},
                                 {t11_SUITE,to_tc,191},
                                 {test_server,ts_tc,1794},
                                 {test_server,run_test_case_eval1,1303},
                                 {test_server,run_test_case_eval,1235}]
=elapsed       1.000000s
=== *** FAILED test case 3 of 5 ***
=case          t11_SUITE:autoskip_tc
=logfile       t11_suite.autoskip_tc.html
=started       2024-10-28 18:11:27
=== ERROR! init_per_testcase crashed!
	Location: [{t11_SUITE,init_per_testcase,126},
                   {test_server,do_init_per_testcase,1564},
                   {test_server,run_test_case_eval1,1265},
                   {test_server,run_test_case_eval,1235}]
	Reason: {kaboom,[{t11_SUITE,init_per_testcase,2,
                                    [{file,"t11_SUITE.erl"},{line,126}]},
                         {test_server,do_init_per_testcase,2,
                                      [{file,"test_server.erl"},{line,1564}]},
                         {test_server,run_test_case_eval1,6,
                                      [{file,"test_server.erl"},{line,1265}]},
                         {test_server,run_test_case_eval,9,
                                      [{file,"test_server.erl"},
                                       {line,1235}]}]}

=ended         2024-10-28 18:11:27
=result        auto_skipped: {failed,
                              {t11_SUITE,init_per_testcase,
                               {kaboom,
                                [{t11_SUITE,init_per_testcase,2,
                                  [{file,"t11_SUITE.erl"},{line,126}]},
                                 {test_server,do_init_per_testcase,2,
                                  [{file,"test_server.erl"},{line,1564}]},
                                 {test_server,run_test_case_eval1,6,
                                  [{file,"test_server.erl"},{line,1265}]},
                                 {test_server,run_test_case_eval,9,
                                  [{file,"test_server.erl"},{line,1235}]}]}}}
=elapsed       0.000000s
=== *** SKIPPED test case 4 of 5 ***
=case          t11_SUITE:userskip_tc
=logfile       t11_suite.userskip_tc.html
=started       2024-10-28 18:11:27
=ended         2024-10-28 18:11:27
=result        skipped: "user skipped"
=elapsed       0.000000s
=== *** SKIPPED test case 5 of 5 ***
=case          t11_SUITE:end_per_suite
=logfile       t11_suite.end_per_suite.html
=started       2024-10-28 18:11:27
=ended         2024-10-28 18:11:27
=result        ok
=elapsed       0.000000s
=group_time    0.173s
=== TEST COMPLETE, 1 ok, 2 failed, 2 skipped of 5 test cases

=finished      2024-10-28 18:11:27
=failed        2
=successful    1
=user_skipped  1
=auto_skipped  1
=elapsed_time  245886
