=== Suite started at 2024-10-09 20:08:18
=== Starting test, 6 test cases
=cases         6
=user          otptest
=host          f0b084c70b57
=hosts         f0b084c70b57 
=emulator_vsn  15.1.1
=emulator      beam
=otp_release   27
=started       2024-10-09 20:08:18
=case          ct_telnet_faulty_regexp_SUITE:init_per_suite
=logfile       ct_telnet_faulty_regexp_suite.init_per_suite.html
=started       2024-10-09 20:08:18
=ended         2024-10-09 20:08:18
=result        ok
=elapsed       0.000000s
=case          ct_telnet_faulty_regexp_SUITE:expect_pattern
=logfile       ct_telnet_faulty_regexp_suite.expect_pattern.html
=started       2024-10-09 20:08:18
=ended         2024-10-09 20:08:18
=result        failed: "cth_conn_log:pre_init_per_testcase/4 CTH call failed", [{ct_telnet_faulty_regexp_SUITE,
                                                                                 expect_pattern}]
=elapsed       0.000000s
=== *** FAILED test case 1 of 6 ***
=case          ct_telnet_faulty_regexp_SUITE:expect_pattern_no_string
=logfile       ct_telnet_faulty_regexp_suite.expect_pattern_no_string.html
=started       2024-10-09 20:08:18
=ended         2024-10-09 20:08:18
=result        failed: "cth_conn_log:pre_init_per_testcase/4 CTH call failed", [{ct_telnet_faulty_regexp_SUITE,
                                                                                 expect_pattern_no_string}]
=elapsed       0.000000s
=== *** FAILED test case 2 of 6 ***
=case          ct_telnet_faulty_regexp_SUITE:expect_tag_pattern
=logfile       ct_telnet_faulty_regexp_suite.expect_tag_pattern.html
=started       2024-10-09 20:08:18
=ended         2024-10-09 20:08:18
=result        failed: "cth_conn_log:pre_init_per_testcase/4 CTH call failed", [{ct_telnet_faulty_regexp_SUITE,
                                                                                 expect_tag_pattern}]
=elapsed       0.000000s
=== *** FAILED test case 3 of 6 ***
=case          ct_telnet_faulty_regexp_SUITE:expect_tag_pattern_no_string
=logfile       ct_telnet_faulty_regexp_suite.expect_tag_pattern_no_string.html
=started       2024-10-09 20:08:18
=ended         2024-10-09 20:08:18
=result        failed: "cth_conn_log:pre_init_per_testcase/4 CTH call failed", [{ct_telnet_faulty_regexp_SUITE,
                                                                                 expect_tag_pattern_no_string}]
=elapsed       0.000000s
=== *** FAILED test case 4 of 6 ***
=case          ct_telnet_faulty_regexp_SUITE:expect_pattern_unicode
=logfile       ct_telnet_faulty_regexp_suite.expect_pattern_unicode.html
=started       2024-10-09 20:08:18
=ended         2024-10-09 20:08:18
=result        failed: "cth_conn_log:pre_init_per_testcase/4 CTH call failed", [{ct_telnet_faulty_regexp_SUITE,
                                                                                 expect_pattern_unicode}]
=elapsed       0.000000s
=== *** FAILED test case 5 of 6 ***
=case          ct_telnet_faulty_regexp_SUITE:expect_tag_pattern_unicode
=logfile       ct_telnet_faulty_regexp_suite.expect_tag_pattern_unicode.html
=started       2024-10-09 20:08:18
=ended         2024-10-09 20:08:18
=result        failed: "cth_conn_log:pre_init_per_testcase/4 CTH call failed", [{ct_telnet_faulty_regexp_SUITE,
                                                                                 expect_tag_pattern_unicode}]
=elapsed       0.000000s
=== *** FAILED test case 6 of 6 ***
=case          ct_telnet_faulty_regexp_SUITE:end_per_suite
=logfile       ct_telnet_faulty_regexp_suite.end_per_suite.html
=started       2024-10-09 20:08:18
=ended         2024-10-09 20:08:18
=result        ok
=elapsed       0.000000s
=group_time    0.214s
=== TEST COMPLETE, 0 ok, 6 failed of 6 test cases

=finished      2024-10-09 20:08:18
=failed        6
=successful    0
=user_skipped  0
=auto_skipped  0
=elapsed_time  291046
