=== Suite started at 2024-10-28 14:40:30
=== Starting test, 11 test cases
=cases         11
=user          otptest
=host          74d7103eabd8
=hosts         74d7103eabd8 
=emulator_vsn  15.1.2
=emulator      beam
=otp_release   28
=started       2024-10-28 14:40:30
=case          ct_cth_update_result_post_end_tc_SUITE:init_per_suite
=logfile       ct_cth_update_result_post_end_tc_suite.init_per_suite.html
=started       2024-10-28 14:40:30
=ended         2024-10-28 14:40:30
=result        ok
=elapsed       0.000000s
=case          ct_cth_update_result_post_end_tc_SUITE:tc_ok_to_fail
=logfile       ct_cth_update_result_post_end_tc_suite.tc_ok_to_fail.html
=started       2024-10-28 14:40:30
=ended         2024-10-28 14:40:30
=result        failed: "Test failure", [{ct_cth_update_result_post_end_tc_SUITE,
                                         tc_ok_to_fail}]
=elapsed       0.000000s
=== *** FAILED test case 1 of 11 ***
=case          ct_cth_update_result_post_end_tc_SUITE:tc_ok_to_skip
=logfile       ct_cth_update_result_post_end_tc_suite.tc_ok_to_skip.html
=started       2024-10-28 14:40:30
=ended         2024-10-28 14:40:30
=result        skipped: "Test skipped"
=elapsed       0.000000s
=== *** SKIPPED test case 2 of 11 ***
=case          ct_cth_update_result_post_end_tc_SUITE:tc_fail_to_ok
=logfile       ct_cth_update_result_post_end_tc_suite.tc_fail_to_ok.html
=started       2024-10-28 14:40:30
=ended         2024-10-28 14:40:30
=result        ok
=elapsed       0.000003s
=case          ct_cth_update_result_post_end_tc_SUITE:tc_fail_to_skip
=logfile       ct_cth_update_result_post_end_tc_suite.tc_fail_to_skip.html
=started       2024-10-28 14:40:30
=ended         2024-10-28 14:40:30
=result        skipped: "Test skipped"
=elapsed       0.000010s
=== *** SKIPPED test case 4 of 11 ***
=case          ct_cth_update_result_post_end_tc_SUITE:tc_timetrap_to_ok
=logfile       ct_cth_update_result_post_end_tc_suite.tc_timetrap_to_ok.html
=started       2024-10-28 14:40:30
=ended         2024-10-28 14:40:33
=result        ok
=elapsed       3.000000s
=case          ct_cth_update_result_post_end_tc_SUITE:tc_timetrap_to_skip
=logfile       ct_cth_update_result_post_end_tc_suite.tc_timetrap_to_skip.html
=started       2024-10-28 14:40:33
=ended         2024-10-28 14:40:36
=result        skipped: "Test skipped"
=elapsed       3.000000s
=== *** SKIPPED test case 6 of 11 ***
=case          ct_cth_update_result_post_end_tc_SUITE:tc_skip_to_fail
=logfile       ct_cth_update_result_post_end_tc_suite.tc_skip_to_fail.html
=started       2024-10-28 14:40:36
=ended         2024-10-28 14:40:36
=result        failed: "Test failure", [{ct_cth_update_result_post_end_tc_SUITE,
                                         tc_skip_to_fail}]
=elapsed       0.000000s
=== *** FAILED test case 7 of 11 ***
=case          ct_cth_update_result_post_end_tc_SUITE:end_fail_to_fail
=logfile       ct_cth_update_result_post_end_tc_suite.end_fail_to_fail.html
=started       2024-10-28 14:40:36
=== WARNING: end_per_testcase crashed!
Reason: {test_case_failed,"change result when end fails"}
Line: [{test_server,do_end_per_testcase,1638},
       {test_server,run_test_case_eval1,1346},
       {test_server,run_test_case_eval,1235}]

=ended         2024-10-28 14:40:36
=result        failed: "Test failure", [{ct_cth_update_result_post_end_tc_SUITE,
                                         end_fail_to_fail}]
=elapsed       0.000000s
=== *** FAILED test case 8 of 11 ***
=case          ct_cth_update_result_post_end_tc_SUITE:end_fail_to_skip
=logfile       ct_cth_update_result_post_end_tc_suite.end_fail_to_skip.html
=started       2024-10-28 14:40:36
=== WARNING: end_per_testcase crashed!
Reason: {test_case_failed,"change result when end fails"}
Line: [{test_server,do_end_per_testcase,1638},
       {test_server,run_test_case_eval1,1346},
       {test_server,run_test_case_eval,1235}]

=ended         2024-10-28 14:40:36
=result        skipped: "Test skipped"
=elapsed       0.000000s
=== *** SKIPPED test case 9 of 11 ***
=case          ct_cth_update_result_post_end_tc_SUITE:end_timetrap_to_fail
=logfile       ct_cth_update_result_post_end_tc_suite.end_timetrap_to_fail.html
=started       2024-10-28 14:40:36
=== WARNING! ct_cth_update_result_post_end_tc_SUITE:end_per_testcase(end_timetrap_to_fail, [{tc_status,
                                                                                         ok},
                                                                                        {watchdog,
                                                                                         <0.4701.0>},
                                                                                        {tc_logfile,
                                                                                         "/buildroot/otp/lib/common_test/make_test_dir/ct_logs/ct_run.test_server@74d7103eabd8.2024-10-28_14.17.48/make_test_dir.common_test_test.logs/run.2024-10-28_14.17.50/log_private/ct_run.ct@74d7103eabd8.2024-10-28_14.40.29/cth.tests.ct_cth_update_result_post_end_tc_SUITE.logs/run.2024-10-28_14.40.30/ct_cth_update_result_post_end_tc_suite.end_timetrap_to_fail.html"},
                                                                                        {tc_group_properties,
                                                                                         []},
                                                                                        {tc_group_path,
                                                                                         []},
                                                                                        {data_dir,
                                                                                         "/buildroot/otp/lib/common_test/make_test_dir/common_test_test/ct_hooks_SUITE_data/cth/tests/ct_cth_update_result_post_end_tc_SUITE_data/"},
                                                                                        {priv_dir,
                                                                                         "/buildroot/otp/lib/common_test/make_test_dir/ct_logs/ct_run.test_server@74d7103eabd8.2024-10-28_14.17.48/make_test_dir.common_test_test.logs/run.2024-10-28_14.17.50/log_private/ct_run.ct@74d7103eabd8.2024-10-28_14.40.29/cth.tests.ct_cth_update_result_post_end_tc_SUITE.logs/run.2024-10-28_14.40.30/log_private/"}]) failed!
	Reason: timetrap timeout after 3000 ms!

=ended         2024-10-28 14:40:39
=result        failed: "Test failure", [{ct_cth_update_result_post_end_tc_SUITE,
                                         end_timetrap_to_fail}]
=elapsed       3.000000s
=== *** FAILED test case 10 of 11 ***
=case          ct_cth_update_result_post_end_tc_SUITE:end_timetrap_to_skip
=logfile       ct_cth_update_result_post_end_tc_suite.end_timetrap_to_skip.html
=started       2024-10-28 14:40:39
=== WARNING! ct_cth_update_result_post_end_tc_SUITE:end_per_testcase(end_timetrap_to_skip, [{tc_status,
                                                                                         ok},
                                                                                        {watchdog,
                                                                                         <0.4704.0>},
                                                                                        {tc_logfile,
                                                                                         "/buildroot/otp/lib/common_test/make_test_dir/ct_logs/ct_run.test_server@74d7103eabd8.2024-10-28_14.17.48/make_test_dir.common_test_test.logs/run.2024-10-28_14.17.50/log_private/ct_run.ct@74d7103eabd8.2024-10-28_14.40.29/cth.tests.ct_cth_update_result_post_end_tc_SUITE.logs/run.2024-10-28_14.40.30/ct_cth_update_result_post_end_tc_suite.end_timetrap_to_skip.html"},
                                                                                        {tc_group_properties,
                                                                                         []},
                                                                                        {tc_group_path,
                                                                                         []},
                                                                                        {data_dir,
                                                                                         "/buildroot/otp/lib/common_test/make_test_dir/common_test_test/ct_hooks_SUITE_data/cth/tests/ct_cth_update_result_post_end_tc_SUITE_data/"},
                                                                                        {priv_dir,
                                                                                         "/buildroot/otp/lib/common_test/make_test_dir/ct_logs/ct_run.test_server@74d7103eabd8.2024-10-28_14.17.48/make_test_dir.common_test_test.logs/run.2024-10-28_14.17.50/log_private/ct_run.ct@74d7103eabd8.2024-10-28_14.40.29/cth.tests.ct_cth_update_result_post_end_tc_SUITE.logs/run.2024-10-28_14.40.30/log_private/"}]) failed!
	Reason: timetrap timeout after 3000 ms!

=ended         2024-10-28 14:40:42
=result        skipped: "Test skipped"
=elapsed       3.000000s
=== *** SKIPPED test case 11 of 11 ***
=case          ct_cth_update_result_post_end_tc_SUITE:end_per_suite
=logfile       ct_cth_update_result_post_end_tc_suite.end_per_suite.html
=started       2024-10-28 14:40:42
=ended         2024-10-28 14:40:42
=result        ok
=elapsed       0.000000s
=group_time    12.357s
=== TEST COMPLETE, 2 ok, 4 failed, 5 skipped of 11 test cases

=finished      2024-10-28 14:40:42
=failed        4
=successful    2
=user_skipped  5
=auto_skipped  0
=elapsed_time  12422014
