=== Suite started at 2024-03-05 15:04:20
=== Starting test, 109 test cases
=cases         109
=user          otptest
=host          65fa412db14b
=hosts         65fa412db14b 
=emulator_vsn  14.2.2
=emulator      beam
=otp_release   27
=started       2024-03-05 15:04:20
=case          ct_framework:init_per_suite
=logfile       ct_framework.init_per_suite.html
=group_props   [{suite,erl_print_SUITE}]
=started       2024-03-05 15:04:20
=ended         2024-03-05 15:04:20
=result        ok
=elapsed       0.0
=case          erl_print_SUITE:erlang_display
=logfile       erl_print_suite.erlang_display.html
=started       2024-03-05 15:04:20
=ended         2024-03-05 15:04:20
=result        ok
=elapsed       0.004493
=case          erl_print_SUITE:integer
=logfile       erl_print_suite.integer.html
=started       2024-03-05 15:04:20
=ended         2024-03-05 15:04:20
=result        ok
=elapsed       0.027607
=case          erl_print_SUITE:float
=logfile       erl_print_suite.float.html
=started       2024-03-05 15:04:20
=ended         2024-03-05 15:04:20
=result        ok
=elapsed       0.002508
=case          erl_print_SUITE:string
=logfile       erl_print_suite.string.html
=started       2024-03-05 15:04:20
=ended         2024-03-05 15:04:20
=result        ok
=elapsed       0.002097
=case          erl_print_SUITE:character
=logfile       erl_print_suite.character.html
=started       2024-03-05 15:04:20
=ended         2024-03-05 15:04:20
=result        ok
=elapsed       0.015318
=case          erl_print_SUITE:snprintf
=logfile       erl_print_suite.snprintf.html
=started       2024-03-05 15:04:20
=ended         2024-03-05 15:04:20
=result        ok
=elapsed       0.00247
=case          erl_print_SUITE:quote
=logfile       erl_print_suite.quote.html
=started       2024-03-05 15:04:20
=ended         2024-03-05 15:04:20
=result        ok
=elapsed       0.002363
=case          ct_framework:end_per_suite
=logfile       ct_framework.end_per_suite.html
=group_props   [{suite,erl_print_SUITE}]
=started       2024-03-05 15:04:20
=ended         2024-03-05 15:04:20
=result        ok
=elapsed       0.0
=group_time    0.246s
=case          erlc_SUITE:init_per_suite
=logfile       erlc_suite.init_per_suite.html
=started       2024-03-05 15:04:20
=ended         2024-03-05 15:04:20
=result        ok
=elapsed       0.0
=case          erlc_SUITE:init_per_group
=logfile       erlc_suite.init_per_group.html
=group_props   [{name,with_server}]
=started       2024-03-05 15:04:20
=ended         2024-03-05 15:04:20
=result        ok
=elapsed       2.0e-6
=case          erlc_SUITE:compile_erl
=logfile       erlc_suite.compile_erl.html
=started       2024-03-05 15:04:20
=ended         2024-03-05 15:04:21
=result        ok
=elapsed       1.098833
=case          erlc_SUITE:compile_yecc
=logfile       erlc_suite.compile_yecc.html
=started       2024-03-05 15:04:21
=ended         2024-03-05 15:04:22
=result        ok
=elapsed       0.413535
=case          erlc_SUITE:compile_script
=logfile       erlc_suite.compile_script.html
=started       2024-03-05 15:04:22
=ended         2024-03-05 15:04:22
=result        ok
=elapsed       0.397414
=case          erlc_SUITE:compile_mib
=logfile       erlc_suite.compile_mib.html
=started       2024-03-05 15:04:22
=ended         2024-03-05 15:04:23
=result        ok
=elapsed       1.0366
=case          erlc_SUITE:good_citizen
=logfile       erlc_suite.good_citizen.html
=started       2024-03-05 15:04:23
=ended         2024-03-05 15:04:24
=result        ok
=elapsed       0.27084
=case          erlc_SUITE:deep_cwd
=logfile       erlc_suite.deep_cwd.html
=started       2024-03-05 15:04:24
=ended         2024-03-05 15:04:24
=result        ok
=elapsed       0.263189
=case          erlc_SUITE:arg_overflow
=logfile       erlc_suite.arg_overflow.html
=started       2024-03-05 15:04:24
=ended         2024-03-05 15:04:24
=result        ok
=elapsed       0.358498
=case          erlc_SUITE:make_dep_options
=logfile       erlc_suite.make_dep_options.html
=started       2024-03-05 15:04:24
=ended         2024-03-05 15:04:29
=result        ok
=elapsed       4.914326
=case          erlc_SUITE:unicode_paths
=logfile       erlc_suite.unicode_paths.html
=started       2024-03-05 15:04:29
=ended         2024-03-05 15:04:30
=result        ok
=elapsed       0.284665
=case          erlc_SUITE:end_per_group
=logfile       erlc_suite.end_per_group.html
=group_props   [{name,with_server}]
=started       2024-03-05 15:04:30
=ended         2024-03-05 15:04:30
=result        ok
=elapsed       3.0e-6
=group_time    9.270s
=case          erlc_SUITE:init_per_group
=logfile       erlc_suite.init_per_group.1186.html
=group_props   [{name,without_server}]
=started       2024-03-05 15:04:30
=ended         2024-03-05 15:04:30
=result        ok
=elapsed       2.0e-6
=case          erlc_SUITE:compile_erl
=logfile       erlc_suite.compile_erl.1218.html
=started       2024-03-05 15:04:30
=ended         2024-03-05 15:04:31
=result        ok
=elapsed       1.01471
=case          erlc_SUITE:compile_yecc
=logfile       erlc_suite.compile_yecc.3.html
=started       2024-03-05 15:04:31
=ended         2024-03-05 15:04:31
=result        ok
=elapsed       0.357782
=case          erlc_SUITE:compile_script
=logfile       erlc_suite.compile_script.35.html
=started       2024-03-05 15:04:31
=ended         2024-03-05 15:04:31
=result        ok
=elapsed       0.315729
=case          erlc_SUITE:compile_mib
=logfile       erlc_suite.compile_mib.67.html
=started       2024-03-05 15:04:31
=ended         2024-03-05 15:04:32
=result        ok
=elapsed       0.785512
=case          erlc_SUITE:good_citizen
=logfile       erlc_suite.good_citizen.99.html
=started       2024-03-05 15:04:32
=ended         2024-03-05 15:04:32
=result        ok
=elapsed       0.239828
=case          erlc_SUITE:deep_cwd
=logfile       erlc_suite.deep_cwd.131.html
=started       2024-03-05 15:04:32
=ended         2024-03-05 15:04:33
=result        ok
=elapsed       0.246193
=case          erlc_SUITE:arg_overflow
=logfile       erlc_suite.arg_overflow.163.html
=started       2024-03-05 15:04:33
=ended         2024-03-05 15:04:33
=result        ok
=elapsed       0.323666
=case          erlc_SUITE:make_dep_options
=logfile       erlc_suite.make_dep_options.195.html
=started       2024-03-05 15:04:33
=ended         2024-03-05 15:04:37
=result        ok
=elapsed       4.386135
=case          erlc_SUITE:unicode_paths
=logfile       erlc_suite.unicode_paths.227.html
=started       2024-03-05 15:04:37
=ended         2024-03-05 15:04:38
=result        ok
=elapsed       0.232916
=case          erlc_SUITE:features_erlc_describe
=logfile       erlc_suite.features_erlc_describe.html
=started       2024-03-05 15:04:38
=ended         2024-03-05 15:04:38
=result        ok
=elapsed       0.419656
=case          erlc_SUITE:features_erlc_unknown
=logfile       erlc_suite.features_erlc_unknown.html
=started       2024-03-05 15:04:38
=ended         2024-03-05 15:04:42
=result        ok
=elapsed       3.865009
=case          erlc_SUITE:features_directives
=logfile       erlc_suite.features_directives.html
=started       2024-03-05 15:04:42
=ended         2024-03-05 15:04:43
=result        ok
=elapsed       1.235365
=case          erlc_SUITE:features_atom_warnings
=logfile       erlc_suite.features_atom_warnings.html
=started       2024-03-05 15:04:43
=ended         2024-03-05 15:04:44
=result        failed: {test_case_failed,
                           {too_many_messages,
                               ["/buildroot/otp/erts/make_test_dir/system_test/erlc_SUITE_data/src/ignorant_directive.erl:34:6: Warning: atom 'ifn' is reserved in the experimental feature 'experimental_ftr_1'",
                                "%   34|     [ifn, while, until].",
                                "%     |      ^",[],
                                "/buildroot/otp/erts/make_test_dir/system_test/erlc_SUITE_data/src/ignorant_directive.erl:34:11: Warning: atom 'while' is reserved in the experimental feature 'experimental_ftr_2'",
                                "%   34|     [ifn, while, until].",
                                "%     |           ^",[],
                                "/buildroot/otp/erts/make_test_dir/system_test/erlc_SUITE_data/src/ignorant_directive.erl:34:18: Warning: atom 'until' is reserved in the experimental feature 'experimental_ftr_2'",
                                "%   34|     [ifn, while, until].",
                                "%     |                  ^",[],
                                "/buildroot/otp/erts/make_test_dir/system_test/erlc_SUITE_data/src/ignorant_directive.erl:36:6: Warning: atom 'while' is reserved in the experimental feature 'experimental_ftr_2'",
                                "%   36| frob(while) -> false.",
                                "%     |      ^",[],
                                "/buildroot/otp/erts/make_test_dir/system_test/erlc_SUITE_data/src/ignorant_directive.erl:39:6: Warning: atom 'until' is reserved in the experimental feature 'experimental_ftr_2'",
                                "%   39|     [until, while].",
                                "%     |      ^",[],
                                "/buildroot/otp/erts/make_test_dir/system_test/erlc_SUITE_data/src/ignorant_directive.erl:39:13: Warning: atom 'while' is reserved in the experimental feature 'experimental_ftr_2'",
                                "%   39|     [until, while].",
                                "%     |             ^",[],
                                "/buildroot/otp/erts/make_test_dir/system_test/erlc_SUITE_data/src/ignorant_directive.erl:41:5: Warning: atom 'ifn' is reserved in the experimental feature 'experimental_ftr_1'",
                                "%   41| baz(ifn) ->","%     |     ^",[]]}}, [{erlc_SUITE,
                                                                               match_messages_x,
                                                                               1132},
                                                                              {erlc_SUITE,
                                                                               features_atom_warnings,
                                                                               731},
                                                                              {test_server,
                                                                               ts_tc,
                                                                               1794},
                                                                              {test_server,
                                                                               run_test_case_eval1,
                                                                               1303},
                                                                              {test_server,
                                                                               run_test_case_eval,
                                                                               1235}]
=== *** FAILED test case 29 of 109 ***
=case          erlc_SUITE:features_macros
=logfile       erlc_suite.features_macros.html
=started       2024-03-05 15:04:44
=ended         2024-03-05 15:04:46
=result        ok
=elapsed       1.76328
=case          erlc_SUITE:features_disable
=logfile       erlc_suite.features_disable.html
=started       2024-03-05 15:04:46
=ended         2024-03-05 15:04:47
=result        ok
=elapsed       0.397686
=case          erlc_SUITE:features_all
=logfile       erlc_suite.features_all.html
=started       2024-03-05 15:04:47
=ended         2024-03-05 15:04:48
=result        ok
=elapsed       1.167634
=case          erlc_SUITE:features_load
=logfile       erlc_suite.features_load.html
=started       2024-03-05 15:04:48
=ended         2024-03-05 15:04:48
=result        ok
=elapsed       0.166328
=case          erlc_SUITE:features_runtime
=logfile       erlc_suite.features_runtime.html
=started       2024-03-05 15:04:48
=ended         2024-03-05 15:04:48
=result        ok
=elapsed       0.437761
=case          erlc_SUITE:features_include
=logfile       erlc_suite.features_include.html
=started       2024-03-05 15:04:48
=ended         2024-03-05 15:04:51
=result        ok
=elapsed       2.790899
=case          erlc_SUITE:features
=logfile       erlc_suite.features.html
=started       2024-03-05 15:04:51
=ended         2024-03-05 15:04:53
=result        ok
=elapsed       1.967175
=case          erlc_SUITE:end_per_group
=logfile       erlc_suite.end_per_group.2338.html
=group_props   [{name,without_server}]
=started       2024-03-05 15:04:53
=ended         2024-03-05 15:04:53
=result        ok
=elapsed       2.0e-6
=group_time    23.617s
=case          erlc_SUITE:init_per_group
=logfile       erlc_suite.init_per_group.2370.html
=group_props   [{name,features_with_server}]
=started       2024-03-05 15:04:53
=ended         2024-03-05 15:05:05
=result        ok
=elapsed       12.000782
=case          erlc_SUITE:features_erlc_describe
=logfile       erlc_suite.features_erlc_describe.2402.html
=started       2024-03-05 15:05:05
=ended         2024-03-05 15:05:06
=result        ok
=elapsed       0.557109
=case          erlc_SUITE:features_erlc_unknown
=logfile       erlc_suite.features_erlc_unknown.2434.html
=started       2024-03-05 15:05:06
=ended         2024-03-05 15:05:10
=result        ok
=elapsed       4.226479
=case          erlc_SUITE:features_directives
=logfile       erlc_suite.features_directives.2466.html
=started       2024-03-05 15:05:10
=ended         2024-03-05 15:05:11
=result        ok
=elapsed       1.351188
=case          erlc_SUITE:features_atom_warnings
=logfile       erlc_suite.features_atom_warnings.2498.html
=started       2024-03-05 15:05:11
=ended         2024-03-05 15:05:13
=result        failed: {test_case_failed,
                           {too_many_messages,
                               ["/buildroot/otp/erts/make_test_dir/system_test/erlc_SUITE_data/src/ignorant_directive.erl:34:6: Warning: atom 'ifn' is reserved in the experimental feature 'experimental_ftr_1'",
                                "%   34|     [ifn, while, until].",
                                "%     |      ^",[],
                                "/buildroot/otp/erts/make_test_dir/system_test/erlc_SUITE_data/src/ignorant_directive.erl:34:11: Warning: atom 'while' is reserved in the experimental feature 'experimental_ftr_2'",
                                "%   34|     [ifn, while, until].",
                                "%     |           ^",[],
                                "/buildroot/otp/erts/make_test_dir/system_test/erlc_SUITE_data/src/ignorant_directive.erl:34:18: Warning: atom 'until' is reserved in the experimental feature 'experimental_ftr_2'",
                                "%   34|     [ifn, while, until].",
                                "%     |                  ^",[],
                                "/buildroot/otp/erts/make_test_dir/system_test/erlc_SUITE_data/src/ignorant_directive.erl:36:6: Warning: atom 'while' is reserved in the experimental feature 'experimental_ftr_2'",
                                "%   36| frob(while) -> false.",
                                "%     |      ^",[],
                                "/buildroot/otp/erts/make_test_dir/system_test/erlc_SUITE_data/src/ignorant_directive.erl:39:6: Warning: atom 'until' is reserved in the experimental feature 'experimental_ftr_2'",
                                "%   39|     [until, while].",
                                "%     |      ^",[],
                                "/buildroot/otp/erts/make_test_dir/system_test/erlc_SUITE_data/src/ignorant_directive.erl:39:13: Warning: atom 'while' is reserved in the experimental feature 'experimental_ftr_2'",
                                "%   39|     [until, while].",
                                "%     |             ^",[],
                                "/buildroot/otp/erts/make_test_dir/system_test/erlc_SUITE_data/src/ignorant_directive.erl:41:5: Warning: atom 'ifn' is reserved in the experimental feature 'experimental_ftr_1'",
                                "%   41| baz(ifn) ->","%     |     ^",[]]}}, [{erlc_SUITE,
                                                                               match_messages_x,
                                                                               1132},
                                                                              {erlc_SUITE,
                                                                               features_atom_warnings,
                                                                               731},
                                                                              {test_server,
                                                                               ts_tc,
                                                                               1794},
                                                                              {test_server,
                                                                               run_test_case_eval1,
                                                                               1303},
                                                                              {test_server,
                                                                               run_test_case_eval,
                                                                               1235}]
=== *** FAILED test case 40 of 109 ***
=case          erlc_SUITE:features_macros
=logfile       erlc_suite.features_macros.2530.html
=started       2024-03-05 15:05:13
=ended         2024-03-05 15:05:15
=result        ok
=elapsed       1.895429
=case          erlc_SUITE:features_disable
=logfile       erlc_suite.features_disable.2882.html
=started       2024-03-05 15:05:15
=ended         2024-03-05 15:05:15
=result        ok
=elapsed       0.440536
=case          erlc_SUITE:features_all
=logfile       erlc_suite.features_all.2978.html
=started       2024-03-05 15:05:15
=ended         2024-03-05 15:05:16
=result        ok
=elapsed       1.297229
=case          erlc_SUITE:features_load
=logfile       erlc_suite.features_load.3202.html
=started       2024-03-05 15:05:16
=ended         2024-03-05 15:05:16
=result        ok
=elapsed       0.161101
=case          erlc_SUITE:features_runtime
=logfile       erlc_suite.features_runtime.3298.html
=started       2024-03-05 15:05:16
=ended         2024-03-05 15:05:17
=result        ok
=elapsed       0.441107
=case          erlc_SUITE:features_include
=logfile       erlc_suite.features_include.3522.html
=started       2024-03-05 15:05:17
=ended         2024-03-05 15:05:20
=result        ok
=elapsed       3.036707
=case          erlc_SUITE:features
=logfile       erlc_suite.features.3810.html
=started       2024-03-05 15:05:20
=ended         2024-03-05 15:05:22
=result        ok
=elapsed       2.212583
=case          erlc_SUITE:end_per_group
=logfile       erlc_suite.end_per_group.3842.html
=group_props   [{name,features_with_server}]
=started       2024-03-05 15:05:22
=ended         2024-03-05 15:05:22
=result        ok
=elapsed       2.0e-6
=group_time    28.996s
=case          erlc_SUITE:end_per_suite
=logfile       erlc_suite.end_per_suite.html
=started       2024-03-05 15:05:22
=ended         2024-03-05 15:05:22
=result        ok
=elapsed       0.0
=group_time    61.982s
=case          erlexec_SUITE:init_per_suite
=logfile       erlexec_suite.init_per_suite.html
=started       2024-03-05 15:05:22
=ended         2024-03-05 15:05:22
=result        ok
=elapsed       3.0e-6
=case          erlexec_SUITE:args_file
=logfile       erlexec_suite.args_file.html
=started       2024-03-05 15:05:22
=ended         2024-03-05 15:05:23
=result        ok
=elapsed       0.238871
=case          erlexec_SUITE:evil_args_file
=logfile       erlexec_suite.evil_args_file.html
=started       2024-03-05 15:05:23
=ended         2024-03-05 15:05:23
=result        ok
=elapsed       0.066197
=case          erlexec_SUITE:missing_args_file
=logfile       erlexec_suite.missing_args_file.html
=started       2024-03-05 15:05:23
=ended         2024-03-05 15:05:23
=result        ok
=elapsed       0.006557
=case          erlexec_SUITE:env
=logfile       erlexec_suite.env.html
=started       2024-03-05 15:05:23
=ended         2024-03-05 15:05:23
=result        ok
=elapsed       0.00671
=case          erlexec_SUITE:args_file_env
=logfile       erlexec_suite.args_file_env.html
=started       2024-03-05 15:05:23
=ended         2024-03-05 15:05:23
=result        ok
=elapsed       0.006904
=case          erlexec_SUITE:otp_7461
=logfile       erlexec_suite.otp_7461.html
=started       2024-03-05 15:05:23
=ended         2024-03-05 15:05:23
=result        ok
=elapsed       0.22004
=case          erlexec_SUITE:argument_separation
=logfile       erlexec_suite.argument_separation.html
=started       2024-03-05 15:05:23
=ended         2024-03-05 15:05:25
=result        ok
=elapsed       1.524332
=case          erlexec_SUITE:argument_with_option
=logfile       erlexec_suite.argument_with_option.html
=started       2024-03-05 15:05:25
=ended         2024-03-05 15:05:25
=result        ok
=elapsed       0.456173
=case          erlexec_SUITE:zdbbl_dist_buf_busy_limit
=logfile       erlexec_suite.zdbbl_dist_buf_busy_limit.html
=started       2024-03-05 15:05:25
=ended         2024-03-05 15:05:27
=result        ok
=elapsed       1.525287
=case          erlexec_SUITE:end_per_suite
=logfile       erlexec_suite.end_per_suite.html
=started       2024-03-05 15:05:27
=ended         2024-03-05 15:05:27
=result        ok
=elapsed       4.0e-6
=group_time    4.293s
=case          ct_framework:init_per_suite
=logfile       ct_framework.init_per_suite.4002.html
=group_props   [{suite,ethread_SUITE}]
=started       2024-03-05 15:05:27
=ended         2024-03-05 15:05:27
=result        ok
=elapsed       0.0
=case          ethread_SUITE:create_join_thread
=logfile       ethread_suite.create_join_thread.html
=started       2024-03-05 15:05:27
=ended         2024-03-05 15:05:27
=result        ok
=elapsed       0.005202
=case          ethread_SUITE:equal_tids
=logfile       ethread_suite.equal_tids.html
=started       2024-03-05 15:05:27
=ended         2024-03-05 15:05:27
=result        ok
=elapsed       0.04603
=case          ethread_SUITE:mutex
=logfile       ethread_suite.mutex.html
=started       2024-03-05 15:05:27
=ended         2024-03-05 15:05:30
=result        ok
=elapsed       3.005288
=case          ethread_SUITE:try_lock_mutex
=logfile       ethread_suite.try_lock_mutex.html
=started       2024-03-05 15:05:30
=ended         2024-03-05 15:05:30
=result        ok
=elapsed       0.001852
=case          ethread_SUITE:cond_wait
=logfile       ethread_suite.cond_wait.html
=started       2024-03-05 15:05:30
=ended         2024-03-05 15:05:38
=result        ok
=elapsed       8.010357
=case          ethread_SUITE:broadcast
=logfile       ethread_suite.broadcast.html
=started       2024-03-05 15:05:38
=ended         2024-03-05 15:05:38
=result        ok
=elapsed       0.070902
=case          ethread_SUITE:detached_thread
=logfile       ethread_suite.detached_thread.html
=started       2024-03-05 15:05:38
=ended         2024-03-05 15:05:40
=result        ok
=elapsed       2.081884
=case          ethread_SUITE:max_threads
=logfile       ethread_suite.max_threads.html
=started       2024-03-05 15:05:40
=ended         2024-03-05 15:05:40
=result        ok: Max created threads: 466, 466, 466, 466, 466, 466, 466, 466, 466, 466
=elapsed       0.24052
=case          ethread_SUITE:tsd
=logfile       ethread_suite.tsd.html
=started       2024-03-05 15:05:40
=ended         2024-03-05 15:05:40
=result        ok
=elapsed       0.002285
=case          ethread_SUITE:spinlock
=logfile       ethread_suite.spinlock.html
=started       2024-03-05 15:05:40
=ended         2024-03-05 15:05:43
=result        ok
=elapsed       3.005214
=case          ethread_SUITE:rwspinlock
=logfile       ethread_suite.rwspinlock.html
=started       2024-03-05 15:05:43
=ended         2024-03-05 15:05:46
=result        ok
=elapsed       3.00542
=case          ethread_SUITE:rwmutex
=logfile       ethread_suite.rwmutex.html
=started       2024-03-05 15:05:46
=ended         2024-03-05 15:05:49
=result        ok
=elapsed       3.004686
=case          ethread_SUITE:atomic
=logfile       ethread_suite.atomic.html
=started       2024-03-05 15:05:49
=ended         2024-03-05 15:05:49
=result        ok
=elapsed       0.013125
=case          ethread_SUITE:dw_atomic_massage
=logfile       ethread_suite.dw_atomic_massage.html
=started       2024-03-05 15:05:49
=ended         2024-03-05 15:05:52
=result        ok
=elapsed       2.726769
=case          ethread_SUITE:thread_name
=logfile       ethread_suite.thread_name.html
=started       2024-03-05 15:05:52
=ended         2024-03-05 15:05:52
=result        ok
=elapsed       0.002086
=case          ct_framework:end_per_suite
=logfile       ct_framework.end_per_suite.4034.html
=group_props   [{suite,ethread_SUITE}]
=started       2024-03-05 15:05:52
=ended         2024-03-05 15:05:52
=result        ok
=elapsed       0.0
=group_time    25.602s
=case          install_SUITE:init_per_suite
=logfile       install_suite.init_per_suite.html
=started       2024-03-05 15:05:52
=ended         2024-03-05 15:05:52
=result        ok
=elapsed       6.4e-5
=case          install_SUITE:bin_default
=logfile       install_suite.bin_default.html
=started       2024-03-05 15:05:52
=ended         2024-03-05 15:05:53
=result        ok
=elapsed       0.265411
=case          install_SUITE:bin_default_dirty
=logfile       install_suite.bin_default_dirty.html
=started       2024-03-05 15:05:53
=ended         2024-03-05 15:05:53
=result        ok
=elapsed       0.318378
=case          install_SUITE:bin_outside_eprfx
=logfile       install_suite.bin_outside_eprfx.html
=started       2024-03-05 15:05:53
=ended         2024-03-05 15:05:53
=result        ok
=elapsed       0.270096
=case          install_SUITE:bin_outside_eprfx_dirty
=logfile       install_suite.bin_outside_eprfx_dirty.html
=started       2024-03-05 15:05:53
=ended         2024-03-05 15:05:53
=result        ok
=elapsed       0.279184
=case          install_SUITE:bin_not_abs
=logfile       install_suite.bin_not_abs.html
=started       2024-03-05 15:05:54
=ended         2024-03-05 15:05:54
=result        ok
=elapsed       0.164294
=case          install_SUITE:bin_unreasonable_path
=logfile       install_suite.bin_unreasonable_path.html
=started       2024-03-05 15:05:54
=ended         2024-03-05 15:05:54
=result        ok
=elapsed       0.287759
=case          install_SUITE:'bin white space'
=logfile       install_suite.'bin white space'.html
=started       2024-03-05 15:05:54
=ended         2024-03-05 15:05:54
=result        ok
=elapsed       0.263025
=case          install_SUITE:bin_no_srcfile
=logfile       install_suite.bin_no_srcfile.html
=started       2024-03-05 15:05:54
=ended         2024-03-05 15:05:55
=result        ok
=elapsed       0.218193
=case          install_SUITE:bin_unreachable_absolute
=logfile       install_suite.bin_unreachable_absolute.html
=started       2024-03-05 15:05:55
=ended         2024-03-05 15:05:55
=result        ok
=elapsed       0.274057
=case          install_SUITE:bin_unreachable_relative
=logfile       install_suite.bin_unreachable_relative.html
=started       2024-03-05 15:05:55
=ended         2024-03-05 15:05:55
=result        ok
=elapsed       0.270387
=case          install_SUITE:bin_same_dir
=logfile       install_suite.bin_same_dir.html
=started       2024-03-05 15:05:55
=ended         2024-03-05 15:05:55
=result        ok
=elapsed       0.207942
=case          install_SUITE:bin_ok_symlink
=logfile       install_suite.bin_ok_symlink.html
=started       2024-03-05 15:05:55
=ended         2024-03-05 15:05:56
=result        ok
=elapsed       0.267674
=case          install_SUITE:bin_dirname_fail
=logfile       install_suite.bin_dirname_fail.html
=started       2024-03-05 15:05:56
=ended         2024-03-05 15:05:56
=result        ok
=elapsed       0.274177
=case          install_SUITE:bin_no_use_dirname_fail
=logfile       install_suite.bin_no_use_dirname_fail.html
=started       2024-03-05 15:05:56
=ended         2024-03-05 15:05:56
=result        ok
=elapsed       0.268936
=case          install_SUITE:end_per_suite
=logfile       install_suite.end_per_suite.html
=started       2024-03-05 15:05:56
=ended         2024-03-05 15:05:56
=result        ok
=elapsed       0.0
=group_time    3.992s
=case          ct_framework:init_per_suite
=logfile       ct_framework.init_per_suite.4066.html
=group_props   [{suite,nt_SUITE}]
=started       2024-03-05 15:05:56
=ended         2024-03-05 15:05:56
=result        ok
=elapsed       0.0
=case          nt_SUITE:nt
=logfile       nt_suite.nt.html
=started       2024-03-05 15:05:56
=ended         2024-03-05 15:05:56
=result        skipped: "This test case is intended for Win NT only."
=== *** SKIPPED test case 86 of 109 ***
=case          ct_framework:end_per_suite
=logfile       ct_framework.end_per_suite.4098.html
=group_props   [{suite,nt_SUITE}]
=started       2024-03-05 15:05:56
=ended         2024-03-05 15:05:56
=result        ok
=elapsed       0.0
=group_time    0.054s
=case          otp_SUITE:init_per_suite
=logfile       otp_suite.init_per_suite.html
=started       2024-03-05 15:05:56
=ended         2024-03-05 15:05:59
=result        ok
=elapsed       2.751257
=case          otp_SUITE:undefined_functions
=logfile       otp_suite.undefined_functions.html
=started       2024-03-05 15:05:59
=ended         2024-03-05 15:06:00
=result        ok
=elapsed       1.067022
=case          otp_SUITE:deprecated_not_in_obsolete
=logfile       otp_suite.deprecated_not_in_obsolete.html
=started       2024-03-05 15:06:00
=ended         2024-03-05 15:06:00
=result        ok
=elapsed       2.02e-4
=case          otp_SUITE:obsolete_but_not_deprecated
=logfile       otp_suite.obsolete_but_not_deprecated.html
=started       2024-03-05 15:06:00
=ended         2024-03-05 15:06:00
=result        ok
=elapsed       0.006234
=case          otp_SUITE:call_to_deprecated
=logfile       otp_suite.call_to_deprecated.html
=started       2024-03-05 15:06:00
=ended         2024-03-05 15:06:01
=result        ok: 47 calls to deprecated functions
=elapsed       0.360938
=case          otp_SUITE:call_to_size_1
=logfile       otp_suite.call_to_size_1.html
=started       2024-03-05 15:06:01
=ended         2024-03-05 15:06:01
=result        ok
=elapsed       0.302601
=case          otp_SUITE:call_to_now_0
=logfile       otp_suite.call_to_now_0.html
=started       2024-03-05 15:06:01
=ended         2024-03-05 15:06:01
=result        ok
=elapsed       0.299696
=case          otp_SUITE:strong_components
=logfile       otp_suite.strong_components.html
=started       2024-03-05 15:06:01
=ended         2024-03-05 15:06:01
=result        ok
=elapsed       6.15e-4
=case          otp_SUITE:erl_file_encoding
=logfile       otp_suite.erl_file_encoding.html
=started       2024-03-05 15:06:01
=ended         2024-03-05 15:06:02
=result        ok
=elapsed       0.24434
=case          otp_SUITE:xml_file_encoding
=logfile       otp_suite.xml_file_encoding.html
=started       2024-03-05 15:06:02
=ended         2024-03-05 15:06:02
=result        ok
=elapsed       0.042009
=case          otp_SUITE:runtime_dependencies_functions
=logfile       otp_suite.runtime_dependencies_functions.html
=started       2024-03-05 15:06:02
=ended         2024-03-05 15:06:02
=result        ok: Ignored applications: [diameter] Ignored failures: [{missing_runtime_dependency,
                                                     [47,98,117,105,108,100,
                                                      114,111,111,116,47,111,
                                                      116,112,47,101,114,116,
                                                      115,47,109,97,107,101,
                                                      95,116,101,115,116,95,
                                                      100,105,114,47,69,114,
                                                      108,97,110,103,32,8709,
                                                      8868,8478,47,108,105,98,
                                                      47,100,105,97,109,101,
                                                      116,101,114,45,50,46,51,
                                                      46,49,47,101,98,105,110,
                                                      47,100,105,97,109,101,
                                                      116,101,114,46,97,112,
                                                      112],
                                                     syntax_tools},
                                                    {missing_runtime_dependency,
                                                     [47,98,117,105,108,100,
                                                      114,111,111,116,47,111,
                                                      116,112,47,101,114,116,
                                                      115,47,109,97,107,101,
                                                      95,116,101,115,116,95,
                                                      100,105,114,47,69,114,
                                                      108,97,110,103,32,8709,
                                                      8868,8478,47,108,105,98,
                                                      47,100,105,97,109,101,
                                                      116,101,114,45,50,46,51,
                                                      46,49,47,101,98,105,110,
                                                      47,100,105,97,109,101,
                                                      116,101,114,46,97,112,
                                                      112],
                                                     runtime_tools}]
=elapsed       0.019403
=case          otp_SUITE:runtime_dependencies_modules
=logfile       otp_suite.runtime_dependencies_modules.html
=started       2024-03-05 15:06:02
=ended         2024-03-05 15:06:02
=result        ok: Ignored applications: [diameter] Ignored failures: [{missing_runtime_dependency,
                                                     [47,98,117,105,108,100,
                                                      114,111,111,116,47,111,
                                                      116,112,47,101,114,116,
                                                      115,47,109,97,107,101,
                                                      95,116,101,115,116,95,
                                                      100,105,114,47,69,114,
                                                      108,97,110,103,32,8709,
                                                      8868,8478,47,108,105,98,
                                                      47,100,105,97,109,101,
                                                      116,101,114,45,50,46,51,
                                                      46,49,47,101,98,105,110,
                                                      47,100,105,97,109,101,
                                                      116,101,114,46,97,112,
                                                      112],
                                                     syntax_tools},
                                                    {missing_runtime_dependency,
                                                     [47,98,117,105,108,100,
                                                      114,111,111,116,47,111,
                                                      116,112,47,101,114,116,
                                                      115,47,109,97,107,101,
                                                      95,116,101,115,116,95,
                                                      100,105,114,47,69,114,
                                                      108,97,110,103,32,8709,
                                                      8868,8478,47,108,105,98,
                                                      47,100,105,97,109,101,
                                                      116,101,114,45,50,46,51,
                                                      46,49,47,101,98,105,110,
                                                      47,100,105,97,109,101,
                                                      116,101,114,46,97,112,
                                                      112],
                                                     runtime_tools}]
=elapsed       0.446262
=case          otp_SUITE:test_runtime_dependencies_versions
=logfile       otp_suite.test_runtime_dependencies_versions.html
=started       2024-03-05 15:06:02
=ended         2024-03-05 15:06:02
=result        skipped: "This test case is designed to run in the Erlang/OTP teams test system for daily tests. The test case depends on that app versions have been set correctly by scripts that are executed before creating builds for the daily tests."
=== *** SKIPPED test case 98 of 109 ***
=case          otp_SUITE:end_per_suite
=logfile       otp_suite.end_per_suite.html
=started       2024-03-05 15:06:02
=ended         2024-03-05 15:06:02
=result        ok
=elapsed       1.6e-5
=group_time    5.855s
=case          ct_framework:init_per_suite
=logfile       ct_framework.init_per_suite.4130.html
=group_props   [{suite,parallel_messages_SUITE}]
=started       2024-03-05 15:06:02
=ended         2024-03-05 15:06:02
=result        ok
=elapsed       0.0
=case          parallel_messages_SUITE:test_throughput_benchmark
=logfile       parallel_messages_suite.test_throughput_benchmark.html
=started       2024-03-05 15:06:02
=ended         2024-03-05 15:06:22
=result        ok: <a href="file:////buildroot/otp/erts/make_test_dir/system_test/parallel_messages_SUITE_data/message_bench_result_2024-03-05T14:06:22.html">Result visualization</a>
=elapsed       20.216655
=case          parallel_messages_SUITE:test_message_queue_data_switching
=logfile       parallel_messages_suite.test_message_queue_data_switching.html
=started       2024-03-05 15:06:22
=ended         2024-03-05 15:06:33
=result        ok: <a href="file:////buildroot/otp/erts/make_test_dir/system_test/parallel_messages_SUITE_data/message_bench_result_2024-03-05T14:06:33.html">Result visualization</a>
=elapsed       10.214043
=case          ct_framework:end_per_suite
=logfile       ct_framework.end_per_suite.5154.html
=group_props   [{suite,parallel_messages_SUITE}]
=started       2024-03-05 15:06:33
=ended         2024-03-05 15:06:33
=result        ok
=elapsed       0.0
=group_time    30.504s
=case          ct_framework:init_per_suite
=logfile       ct_framework.init_per_suite.5186.html
=group_props   [{suite,run_erl_SUITE}]
=started       2024-03-05 15:06:33
=ended         2024-03-05 15:06:33
=result        ok
=elapsed       0.0
=case          run_erl_SUITE:basic
=logfile       run_erl_suite.basic.html
=started       2024-03-05 15:06:33
=ended         2024-03-05 15:06:33
=result        ok
=elapsed       0.207143
=case          run_erl_SUITE:sleepy_child
=logfile       run_erl_suite.sleepy_child.html
=started       2024-03-05 15:06:33
=ended         2024-03-05 15:06:34
=result        ok
=elapsed       1.210471
=case          run_erl_SUITE:heavy
=logfile       run_erl_suite.heavy.html
=started       2024-03-05 15:06:34
=ended         2024-03-05 15:06:35
=result        ok
=elapsed       1.241184
=case          run_erl_SUITE:heavier
=logfile       run_erl_suite.heavier.html
=started       2024-03-05 15:06:35
=ended         2024-03-05 15:06:37
=result        ok
=elapsed       1.925689
=case          run_erl_SUITE:defunct
=logfile       run_erl_suite.defunct.html
=started       2024-03-05 15:06:37
=ended         2024-03-05 15:06:42
=result        ok
=elapsed       5.010523
=case          ct_framework:end_per_suite
=logfile       ct_framework.end_per_suite.5378.html
=group_props   [{suite,run_erl_SUITE}]
=started       2024-03-05 15:06:42
=ended         2024-03-05 15:06:42
=result        ok
=elapsed       0.0
=group_time    9.739s
=case          upgrade_SUITE:init_per_suite
=logfile       upgrade_suite.init_per_suite.html
=started       2024-03-05 15:06:42
=ended         2024-03-05 15:06:43
=result        ok
=elapsed       4.8e-5
=case          upgrade_SUITE:minor
=logfile       upgrade_suite.minor.html
=started       2024-03-05 15:06:43
=node_start    'otp-27@65fa412db14b'
=node_stop     'otp-27@65fa412db14b'
=ended         2024-03-05 15:07:03
=result        ok
=elapsed       20.43168
=case          upgrade_SUITE:major
=logfile       upgrade_suite.major.html
=started       2024-03-05 15:07:03
=node_start    'otp-26@65fa412db14b'
WARNING: Started node reports different system version than current node! Current node version: "27", "Erlang/OTP 27 [RELEASE CANDIDATE 1] [erts-14.2.2] [source] [64-bit] [smp:4:4] [ds:4:4:10] [async-threads:1] [jit:ns]\n" Started node version: "26", "Erlang/OTP 26 [erts-14.2.2] [source] [64-bit] [smp:4:4] [ds:4:4:10] [async-threads:1] [jit:ns]\n"
=node_stop     'otp-26@65fa412db14b'
=ended         2024-03-05 15:07:43
=result        ok
=elapsed       40.049338
=case          upgrade_SUITE:ancient_major
=logfile       upgrade_suite.ancient_major.html
=started       2024-03-05 15:07:43
=node_start    'otp-25@65fa412db14b'
WARNING: Started node reports different system version than current node! Current node version: "27", "Erlang/OTP 27 [RELEASE CANDIDATE 1] [erts-14.2.2] [source] [64-bit] [smp:4:4] [ds:4:4:10] [async-threads:1] [jit:ns]\n" Started node version: "25", "Erlang/OTP 25 [erts-13.2.2.6] [source] [64-bit] [smp:4:4] [ds:4:4:10] [async-threads:1] [jit:ns]\n"
=node_stop     'otp-25@65fa412db14b'
=ended         2024-03-05 15:08:26
=result        ok
=elapsed       42.301413
=case          upgrade_SUITE:end_per_suite
=logfile       upgrade_suite.end_per_suite.html
=started       2024-03-05 15:08:26
=ended         2024-03-05 15:08:26
=result        ok
=elapsed       0.0
=group_time    103.497s
=case          ct_framework:init_per_suite
=logfile       ct_framework.init_per_suite.5634.html
=group_props   [{suite,z_SUITE}]
=started       2024-03-05 15:08:26
=ended         2024-03-05 15:08:26
=result        ok
=elapsed       0.0
=case          z_SUITE:core_files
=logfile       z_suite.core_files.html
=started       2024-03-05 15:08:26
=ended         2024-03-05 15:08:27
=result        ok
=elapsed       1.08804
=case          ct_framework:end_per_suite
=logfile       ct_framework.end_per_suite.5666.html
=group_props   [{suite,z_SUITE}]
=started       2024-03-05 15:08:27
=ended         2024-03-05 15:08:27
=result        ok
=elapsed       0.0
=group_time    1.139s
=== TEST COMPLETE, 105 ok, 2 failed, 2 skipped of 109 test cases

=finished      2024-03-05 15:08:27
=failed        2
=successful    105
=user_skipped  2
=auto_skipped  0
=elapsed_time  247277679
