=== Suite started at 2024-10-28 22:07:57
=== Starting test, 4 test cases
=cases         4
=user          otptest
=host          3ab6de50d313
=hosts         3ab6de50d313 
=emulator_vsn  15.1.2
=emulator      beam
=otp_release   28
=started       2024-10-28 22:07:57
=case          timetrap_2_SUITE:init_per_suite
=logfile       timetrap_2_suite.init_per_suite.html
=started       2024-10-28 22:07:57
=ended         2024-10-28 22:07:57
=result        ok
=elapsed       0.000000s
=case          timetrap_2_SUITE:tc0
=logfile       timetrap_2_suite.tc0.html
=started       2024-10-28 22:07:57
=ended         2024-10-28 22:08:03
=result        failed: timeout, [{test_server,adjusted_sleep,1966},
                                 {timetrap_2_SUITE,tc0,125},
                                 {test_server,ts_tc,1794},
                                 {test_server,run_test_case_eval1,1303},
                                 {test_server,run_test_case_eval,1235}]
=elapsed       6000.000000s
=== *** FAILED test case 1 of 4 ***
=case          timetrap_2_SUITE:tc1
=logfile       timetrap_2_suite.tc1.html
=started       2024-10-28 22:08:03
=ended         2024-10-28 22:08:05
=result        failed: timeout, [{test_server,adjusted_sleep,1966},
                                 {timetrap_2_SUITE,tc1,131},
                                 {test_server,ts_tc,1794},
                                 {test_server,run_test_case_eval1,1303},
                                 {test_server,run_test_case_eval,1235}]
=elapsed       2000.000000s
=== *** FAILED test case 2 of 4 ***
=case          timetrap_2_SUITE:tc2
=logfile       timetrap_2_suite.tc2.html
=started       2024-10-28 22:08:05
=ended         2024-10-28 22:08:06
=result        failed: timeout, [{test_server,adjusted_sleep,1966},
                                 {timetrap_2_SUITE,tc2,138},
                                 {test_server,ts_tc,1794},
                                 {test_server,run_test_case_eval1,1303},
                                 {test_server,run_test_case_eval,1235}]
=elapsed       1000.000000s
=== *** FAILED test case 3 of 4 ***
=case          timetrap_2_SUITE:tc3
=logfile       timetrap_2_suite.tc3.html
=started       2024-10-28 22:08:06
=ended         2024-10-28 22:08:14
=result        ok
=elapsed       8.000292s
=case          timetrap_2_SUITE:end_per_suite
=logfile       timetrap_2_suite.end_per_suite.html
=started       2024-10-28 22:08:14
=ended         2024-10-28 22:08:14
=result        ok
=elapsed       0.000000s
=group_time    17.151s
=== TEST COMPLETE, 1 ok, 3 failed of 4 test cases

=finished      2024-10-28 22:08:14
=failed        3
=successful    1
=user_skipped  0
=auto_skipped  0
=elapsed_time  17207757
