=== Suite started at 2024-10-28 23:12:07
=== Starting test, 17 test cases
=cases         17
=user          otptest
=host          3ab6de50d313
=hosts         3ab6de50d313 
=emulator_vsn  15.1.2
=emulator      beam
=otp_release   28
=started       2024-10-28 23:12:07
=case          ts_if_1_SUITE:init_per_suite
=logfile       ts_if_1_suite.init_per_suite.html
=started       2024-10-28 23:12:08
=ended         2024-10-28 23:12:08
=result        ok
=elapsed       0.000000s
=case          ts_if_1_SUITE:tc1
=logfile       ts_if_1_suite.tc1.html
=started       2024-10-28 23:12:08
=== ERROR! ts_if_1_SUITE:init_per_testcase(tc1, [{watchdog,<0.142.0>},
                                             {tc_logfile,
                                              "/buildroot/otp/lib/common_test/make_test_dir/ct_logs/ct_run.test_server@3ab6de50d313.2024-10-28_22.01.52/make_test_dir.common_test_test.logs/run.2024-10-28_22.01.55/log_private/ct_run.ct@3ab6de50d313.2024-10-28_23.12.07/ct_test_server_if_1_SUITE_data.test_server_if.ts_if_1_SUITE.logs/run.2024-10-28_23.12.07/ts_if_1_suite.tc1.html"},
                                             {tc_group_properties,[]},
                                             {tc_group_path,[]},
                                             {data_dir,
                                              "/buildroot/otp/lib/common_test/make_test_dir/common_test_test/ct_test_server_if_1_SUITE_data/test_server_if/test/ts_if_1_SUITE_data/"},
                                             {priv_dir,
                                              "/buildroot/otp/lib/common_test/make_test_dir/ct_logs/ct_run.test_server@3ab6de50d313.2024-10-28_22.01.52/make_test_dir.common_test_test.logs/run.2024-10-28_22.01.55/log_private/ct_run.ct@3ab6de50d313.2024-10-28_23.12.07/ct_test_server_if_1_SUITE_data.test_server_if.ts_if_1_SUITE.logs/run.2024-10-28_23.12.07/log_private/"}]) failed!
	Reason: {timetrap_timeout,2000}

=ended         2024-10-28 23:12:10
=result        auto_skipped: {failed,
                                 {ts_if_1_SUITE,init_per_testcase,
                                     {timetrap_timeout,2000}}}
=elapsed       2.000000s
=== *** SKIPPED test case 1 of 17 ***
=case          ts_if_1_SUITE:tc2
=logfile       ts_if_1_suite.tc2.html
=started       2024-10-28 23:12:10
=== WARNING! ts_if_1_SUITE:end_per_testcase(tc2, [{tc_status,ok},
                                              {watchdog,<0.145.0>},
                                              {tc_logfile,
                                               "/buildroot/otp/lib/common_test/make_test_dir/ct_logs/ct_run.test_server@3ab6de50d313.2024-10-28_22.01.52/make_test_dir.common_test_test.logs/run.2024-10-28_22.01.55/log_private/ct_run.ct@3ab6de50d313.2024-10-28_23.12.07/ct_test_server_if_1_SUITE_data.test_server_if.ts_if_1_SUITE.logs/run.2024-10-28_23.12.07/ts_if_1_suite.tc2.html"},
                                              {tc_group_properties,[]},
                                              {tc_group_path,[]},
                                              {data_dir,
                                               "/buildroot/otp/lib/common_test/make_test_dir/common_test_test/ct_test_server_if_1_SUITE_data/test_server_if/test/ts_if_1_SUITE_data/"},
                                              {priv_dir,
                                               "/buildroot/otp/lib/common_test/make_test_dir/ct_logs/ct_run.test_server@3ab6de50d313.2024-10-28_22.01.52/make_test_dir.common_test_test.logs/run.2024-10-28_22.01.55/log_private/ct_run.ct@3ab6de50d313.2024-10-28_23.12.07/ct_test_server_if_1_SUITE_data.test_server_if.ts_if_1_SUITE.logs/run.2024-10-28_23.12.07/log_private/"}]) failed!
	Reason: timetrap timeout after 2000 ms!

=ended         2024-10-28 23:12:12
=result        ok
=elapsed       2.000000s
=case          ts_if_1_SUITE:tc3
=logfile       ts_if_1_suite.tc3.html
=started       2024-10-28 23:12:12
=ended         2024-10-28 23:12:14
=result        failed: timeout, [{test_server,adjusted_sleep,1966},
                                 {ts_if_1_SUITE,tc3,last_expr},
                                 {test_server,ts_tc,1794},
                                 {test_server,run_test_case_eval1,1303},
                                 {test_server,run_test_case_eval,1235}]
=elapsed       2000.000000s
=== *** FAILED test case 3 of 17 ***
=case          ts_if_1_SUITE:tc4
=logfile       ts_if_1_suite.tc4.html
=started       2024-10-28 23:12:14
=ended         2024-10-28 23:12:14
=result        failed: failed_on_purpose, [{ts_if_1_SUITE,tc4,153},
                                           {test_server,ts_tc,1794},
                                           {test_server,run_test_case_eval1,
                                            1303},
                                           {test_server,run_test_case_eval,
                                            1235}]
=elapsed       0.000002s
=== *** FAILED test case 4 of 17 ***
=case          ts_if_1_SUITE:tc5
=logfile       ts_if_1_suite.tc5.html
=started       2024-10-28 23:12:14
=ended         2024-10-28 23:12:14
=result        auto_skipped: {sequence_failed,seq1,tc4}
=elapsed       0.000000s
=== *** SKIPPED test case 5 of 17 ***
=case          ts_if_1_SUITE:init_per_group
=logfile       ts_if_1_suite.init_per_group.html
=group_props   [{name,seq2},sequence]
=started       2024-10-28 23:12:14
=ended         2024-10-28 23:12:14
=result        ok
=elapsed       0.000000s
=case          ts_if_1_SUITE:tc4
=logfile       ts_if_1_suite.tc4.1218.html
=started       2024-10-28 23:12:14
=ended         2024-10-28 23:12:14
=result        failed: failed_on_purpose, [{ts_if_1_SUITE,tc4,153},
                                           {test_server,ts_tc,1794},
                                           {test_server,run_test_case_eval1,
                                            1303},
                                           {test_server,run_test_case_eval,
                                            1235}]
=elapsed       0.000002s
=== *** FAILED test case 6 of 17 ***
=== 
=case          ts_if_1_SUITE:tc5
=group_props   [{name,"seq2"}]
=started       2024-10-28 23:12:14
=result        auto_skipped: {failed,{ts_if_1_SUITE,tc4}}
=== *** Skipping test case #7 {ts_if_1_SUITE,tc5} ***
=case          ts_if_1_SUITE:end_per_group
=logfile       ts_if_1_suite.end_per_group.html
=group_props   [{name,seq2},sequence]
=started       2024-10-28 23:12:14
=ended         2024-10-28 23:12:14
=result        ok
=elapsed       0.000000s
=group_time    0.056s
=case          ts_if_1_SUITE:tc6
=logfile       ts_if_1_suite.tc6.html
=started       2024-10-28 23:12:14
=ended         2024-10-28 23:12:14
=result        auto_skipped: {require_failed,{not_available,void}}
=elapsed       0.000000s
=== *** SKIPPED test case 8 of 17 ***
=case          ts_if_1_SUITE:tc7
=logfile       ts_if_1_suite.tc7.html
=started       2024-10-28 23:12:14
=ended         2024-10-28 23:12:14
=result        auto_skipped: {testcase0_failed,bad_return_value}
=elapsed       0.000000s
=== *** SKIPPED test case 9 of 17 ***
=case          ts_if_1_SUITE:tc8
=logfile       ts_if_1_suite.tc8.html
=started       2024-10-28 23:12:14
=ended         2024-10-28 23:12:14
=result        skipped: "tc8 skipped"
=elapsed       0.000000s
=== *** SKIPPED test case 10 of 17 ***
=case          ts_if_1_SUITE:tc9
=logfile       ts_if_1_suite.tc9.html
=started       2024-10-28 23:12:14
=ended         2024-10-28 23:12:14
=result        skipped: 'tc9 skipped'
=elapsed       0.000000s
=== *** SKIPPED test case 11 of 17 ***
=case          ts_if_1_SUITE:tc10
=logfile       ts_if_1_suite.tc10.html
=started       2024-10-28 23:12:14
=ended         2024-10-28 23:12:14
=result        failed: {function_clause,
                           [{ts_if_1_SUITE,tc10,
                                [[{watchdog,<0.169.0>},
                                  {tc_logfile,
                                      "/buildroot/otp/lib/common_test/make_test_dir/ct_logs/ct_run.test_server@3ab6de50d313.2024-10-28_22.01.52/make_test_dir.common_test_test.logs/run.2024-10-28_22.01.55/log_private/ct_run.ct@3ab6de50d313.2024-10-28_23.12.07/ct_test_server_if_1_SUITE_data.test_server_if.ts_if_1_SUITE.logs/run.2024-10-28_23.12.07/ts_if_1_suite.tc10.html"},
                                  {tc_group_properties,[]},
                                  {tc_group_path,[]},
                                  {data_dir,
                                      "/buildroot/otp/lib/common_test/make_test_dir/common_test_test/ct_test_server_if_1_SUITE_data/test_server_if/test/ts_if_1_SUITE_data/"},
                                  {priv_dir,
                                      "/buildroot/otp/lib/common_test/make_test_dir/ct_logs/ct_run.test_server@3ab6de50d313.2024-10-28_22.01.52/make_test_dir.common_test_test.logs/run.2024-10-28_22.01.55/log_private/ct_run.ct@3ab6de50d313.2024-10-28_23.12.07/ct_test_server_if_1_SUITE_data.test_server_if.ts_if_1_SUITE.logs/run.2024-10-28_23.12.07/log_private/"}]],
                                [{file,"ts_if_1_SUITE.erl"},{line,174}]},
                            {test_server,ts_tc,3,
                                [{file,"test_server.erl"},{line,1794}]},
                            {test_server,run_test_case_eval1,6,
                                [{file,"test_server.erl"},{line,1303}]},
                            {test_server,run_test_case_eval,9,
                                [{file,"test_server.erl"},{line,1235}]}]}, [{ts_if_1_SUITE,
                                                                             tc10,
                                                                             174},
                                                                            {test_server,
                                                                             ts_tc,
                                                                             1794},
                                                                            {test_server,
                                                                             run_test_case_eval1,
                                                                             1303},
                                                                            {test_server,
                                                                             run_test_case_eval,
                                                                             1235}]
=elapsed       0.000003s
=== *** FAILED test case 12 of 17 ***
=case          ts_if_1_SUITE:tc11
=logfile       ts_if_1_suite.tc11.html
=started       2024-10-28 23:12:14
=== ERROR! init_per_testcase did not return a Config list.

=ended         2024-10-28 23:12:14
=result        auto_skipped: {failed,
                                 {ts_if_1_SUITE,init_per_testcase,bad_return}}
=elapsed       0.000000s
=== *** SKIPPED test case 13 of 17 ***
=case          ts_if_1_SUITE:init_per_group
=logfile       ts_if_1_suite.init_per_group.1250.html
=group_props   [{name,g1}]
=started       2024-10-28 23:12:14
=ended         2024-10-28 23:12:14
=result        skipped: g1_got_skipped
=elapsed       0.000000s
=== *** SKIPPED {ts_if_1_SUITE,init_per_group} ***
=== 
=case          ts_if_1_SUITE:gtc1
=group_props   [{name,"g1"}]
=started       2024-10-28 23:12:14
=result        skipped: g1_got_skipped
=== *** Skipping test case #14 {ts_if_1_SUITE,gtc1} ***
=== 
=case          ts_if_1_SUITE:end_per_group
=group_props   [{name,"g1"}]
=started       2024-10-28 23:12:14
=result        skipped: g1_got_skipped
=== *** Skipping {ts_if_1_SUITE,end_per_group} ***
=case          ts_if_1_SUITE:init_per_group
=logfile       ts_if_1_suite.init_per_group.1282.html
=group_props   [{name,g2},parallel]
=started       2024-10-28 23:12:14
=ended         2024-10-28 23:12:14
=result        ok
=elapsed       0.000000s
=case          ts_if_1_SUITE:init_per_group
=logfile       ts_if_1_suite.init_per_group.1314.html
=group_props   [{name,g3}]
=started       2024-10-28 23:12:14
=ended         2024-10-28 23:12:14
=result        skipped: g3_got_skipped
=elapsed       0.000000s
=== *** SKIPPED {ts_if_1_SUITE,init_per_group} ***
=== 
=case          ts_if_1_SUITE:gtc2
=group_props   [{name,"g3"}]
=started       2024-10-28 23:12:14
=result        skipped: g3_got_skipped
=== *** Skipping test case #15 {ts_if_1_SUITE,gtc2} ***
=== 
=case          ts_if_1_SUITE:end_per_group
=group_props   [{name,"g3"}]
=started       2024-10-28 23:12:14
=result        skipped: g3_got_skipped
=== *** Skipping {ts_if_1_SUITE,end_per_group} ***
=case          ts_if_1_SUITE:end_per_group
=logfile       ts_if_1_suite.end_per_group.1346.html
=group_props   [{name,g2},parallel]
=started       2024-10-28 23:12:14
=ended         2024-10-28 23:12:14
=result        ok
=elapsed       0.000000s
=group_time    0.059s
=case          ts_if_1_SUITE:tc12
=logfile       ts_if_1_suite.tc12.html
=started       2024-10-28 23:12:14
=ended         2024-10-28 23:12:14
=result        failed: testcase_aborted, [{test_server,adjusted_sleep,1966},
                                          {ts_if_1_SUITE,tc12,190},
                                          {test_server,ts_tc,1794},
                                          {test_server,run_test_case_eval1,
                                           1303},
                                          {test_server,run_test_case_eval,
                                           1235}]
=elapsed       0.000000s
=== *** FAILED test case 16 of 17 ***
=case          ts_if_1_SUITE:tc13
=logfile       ts_if_1_suite.tc13.html
=started       2024-10-28 23:12:14
=ended         2024-10-28 23:12:14
=result        ok
=elapsed       0.000000s
=case          ts_if_1_SUITE:end_per_suite
=logfile       ts_if_1_suite.end_per_suite.html
=started       2024-10-28 23:12:14
=ended         2024-10-28 23:12:14
=result        ok
=elapsed       0.000000s
=group_time    6.606s
=== TEST COMPLETE, 2 ok, 5 failed, 10 skipped of 17 test cases

=finished      2024-10-28 23:12:14
=failed        5
=successful    2
=user_skipped  4
=auto_skipped  6
=elapsed_time  6683938
